[1.102s] Invoking command in '/home/robot/Desktop/Session06/Johnny-Answers-Session06/src/warehouse_robot': PYTHONPATH=/home/robot/Desktop/Session06/Johnny-Answers-Session06/build/warehouse_robot/prefix_override:/usr/lib/python3/dist-packages/colcon_core/task/python/colcon_distutils_commands:/home/robot/Desktop/Session06/Johnny-Answers-Session06/install/warehouse_robot/lib/python3.10/site-packages:${PYTHONPATH} /usr/bin/python3 -W ignore:setup.py install is deprecated setup.py egg_info --egg-base ../../build/warehouse_robot build --build-base /home/robot/Desktop/Session06/Johnny-Answers-Session06/build/warehouse_robot/build install --record /home/robot/Desktop/Session06/Johnny-Answers-Session06/build/warehouse_robot/install.log --single-version-externally-managed install_data
[1.530s] running egg_info
[1.531s] writing ../../build/warehouse_robot/warehouse_robot.egg-info/PKG-INFO
[1.532s] writing dependency_links to ../../build/warehouse_robot/warehouse_robot.egg-info/dependency_links.txt
[1.532s] writing entry points to ../../build/warehouse_robot/warehouse_robot.egg-info/entry_points.txt
[1.533s] writing requirements to ../../build/warehouse_robot/warehouse_robot.egg-info/requires.txt
[1.533s] writing top-level names to ../../build/warehouse_robot/warehouse_robot.egg-info/top_level.txt
[1.536s] reading manifest file '../../build/warehouse_robot/warehouse_robot.egg-info/SOURCES.txt'
[1.538s] writing manifest file '../../build/warehouse_robot/warehouse_robot.egg-info/SOURCES.txt'
[1.538s] running build
[1.538s] running build_py
[1.540s] running install
[1.541s] running install_lib
[1.543s] running install_data
[1.544s] running install_egg_info
[1.551s] removing '/home/robot/Desktop/Session06/Johnny-Answers-Session06/install/warehouse_robot/lib/python3.10/site-packages/warehouse_robot-0.0.0-py3.10.egg-info' (and everything under it)
[1.552s] Copying ../../build/warehouse_robot/warehouse_robot.egg-info to /home/robot/Desktop/Session06/Johnny-Answers-Session06/install/warehouse_robot/lib/python3.10/site-packages/warehouse_robot-0.0.0-py3.10.egg-info
[1.552s] running install_scripts
[1.590s] Installing delivery_action script to /home/robot/Desktop/Session06/Johnny-Answers-Session06/install/warehouse_robot/lib/warehouse_robot
[1.590s] Installing delivery_client script to /home/robot/Desktop/Session06/Johnny-Answers-Session06/install/warehouse_robot/lib/warehouse_robot
[1.590s] Installing stock_client script to /home/robot/Desktop/Session06/Johnny-Answers-Session06/install/warehouse_robot/lib/warehouse_robot
[1.591s] Installing stock_manager script to /home/robot/Desktop/Session06/Johnny-Answers-Session06/install/warehouse_robot/lib/warehouse_robot
[1.591s] Installing stock_server script to /home/robot/Desktop/Session06/Johnny-Answers-Session06/install/warehouse_robot/lib/warehouse_robot
[1.592s] writing list of installed files to '/home/robot/Desktop/Session06/Johnny-Answers-Session06/build/warehouse_robot/install.log'
[1.627s] Invoked command in '/home/robot/Desktop/Session06/Johnny-Answers-Session06/src/warehouse_robot' returned '0': PYTHONPATH=/home/robot/Desktop/Session06/Johnny-Answers-Session06/build/warehouse_robot/prefix_override:/usr/lib/python3/dist-packages/colcon_core/task/python/colcon_distutils_commands:/home/robot/Desktop/Session06/Johnny-Answers-Session06/install/warehouse_robot/lib/python3.10/site-packages:${PYTHONPATH} /usr/bin/python3 -W ignore:setup.py install is deprecated setup.py egg_info --egg-base ../../build/warehouse_robot build --build-base /home/robot/Desktop/Session06/Johnny-Answers-Session06/build/warehouse_robot/build install --record /home/robot/Desktop/Session06/Johnny-Answers-Session06/build/warehouse_robot/install.log --single-version-externally-managed install_data
