running egg_info
writing ../../build/warehouse_robot/warehouse_robot.egg-info/PKG-INFO
writing dependency_links to ../../build/warehouse_robot/warehouse_robot.egg-info/dependency_links.txt
writing entry points to ../../build/warehouse_robot/warehouse_robot.egg-info/entry_points.txt
writing requirements to ../../build/warehouse_robot/warehouse_robot.egg-info/requires.txt
writing top-level names to ../../build/warehouse_robot/warehouse_robot.egg-info/top_level.txt
reading manifest file '../../build/warehouse_robot/warehouse_robot.egg-info/SOURCES.txt'
writing manifest file '../../build/warehouse_robot/warehouse_robot.egg-info/SOURCES.txt'
running build
running build_py
copying warehouse_robot/stock_manager.py -> /home/robot/Desktop/Session06/Johnny-Answers-Session06/build/warehouse_robot/build/lib/warehouse_robot
running install
running install_lib
copying /home/robot/Desktop/Session06/Johnny-Answers-Session06/build/warehouse_robot/build/lib/warehouse_robot/stock_manager.py -> /home/robot/Desktop/Session06/Johnny-Answers-Session06/install/warehouse_robot/lib/python3.10/site-packages/warehouse_robot
byte-compiling /home/robot/Desktop/Session06/Johnny-Answers-Session06/install/warehouse_robot/lib/python3.10/site-packages/warehouse_robot/stock_manager.py to stock_manager.cpython-310.pyc
running install_data
running install_egg_info
removing '/home/robot/Desktop/Session06/Johnny-Answers-Session06/install/warehouse_robot/lib/python3.10/site-packages/warehouse_robot-0.0.0-py3.10.egg-info' (and everything under it)
Copying ../../build/warehouse_robot/warehouse_robot.egg-info to /home/robot/Desktop/Session06/Johnny-Answers-Session06/install/warehouse_robot/lib/python3.10/site-packages/warehouse_robot-0.0.0-py3.10.egg-info
running install_scripts
Installing delivery_action script to /home/robot/Desktop/Session06/Johnny-Answers-Session06/install/warehouse_robot/lib/warehouse_robot
Installing delivery_client script to /home/robot/Desktop/Session06/Johnny-Answers-Session06/install/warehouse_robot/lib/warehouse_robot
Installing stock_client script to /home/robot/Desktop/Session06/Johnny-Answers-Session06/install/warehouse_robot/lib/warehouse_robot
Installing stock_manager script to /home/robot/Desktop/Session06/Johnny-Answers-Session06/install/warehouse_robot/lib/warehouse_robot
Installing stock_server script to /home/robot/Desktop/Session06/Johnny-Answers-Session06/install/warehouse_robot/lib/warehouse_robot
writing list of installed files to '/home/robot/Desktop/Session06/Johnny-Answers-Session06/build/warehouse_robot/install.log'
