[1.122s] Invoking command in '/home/robot/Desktop/Session06/Johnny-Answers-Session06/src/warehouse_robot': PYTHONPATH=/home/robot/Desktop/Session06/Johnny-Answers-Session06/build/warehouse_robot/prefix_override:/usr/lib/python3/dist-packages/colcon_core/task/python/colcon_distutils_commands:/home/robot/Desktop/Session06/Johnny-Answers-Session06/install/warehouse_robot/lib/python3.10/site-packages:${PYTHONPATH} /usr/bin/python3 -W ignore:setup.py install is deprecated setup.py egg_info --egg-base ../../build/warehouse_robot build --build-base /home/robot/Desktop/Session06/Johnny-Answers-Session06/build/warehouse_robot/build install --record /home/robot/Desktop/Session06/Johnny-Answers-Session06/build/warehouse_robot/install.log --single-version-externally-managed install_data
[1.559s] running egg_info
[1.560s] writing ../../build/warehouse_robot/warehouse_robot.egg-info/PKG-INFO
[1.560s] writing dependency_links to ../../build/warehouse_robot/warehouse_robot.egg-info/dependency_links.txt
[1.561s] writing entry points to ../../build/warehouse_robot/warehouse_robot.egg-info/entry_points.txt
[1.561s] writing requirements to ../../build/warehouse_robot/warehouse_robot.egg-info/requires.txt
[1.561s] writing top-level names to ../../build/warehouse_robot/warehouse_robot.egg-info/top_level.txt
[1.564s] reading manifest file '../../build/warehouse_robot/warehouse_robot.egg-info/SOURCES.txt'
[1.566s] writing manifest file '../../build/warehouse_robot/warehouse_robot.egg-info/SOURCES.txt'
[1.567s] running build
[1.567s] running build_py
[1.567s] copying warehouse_robot/Delivery_Action_Server.py -> /home/robot/Desktop/Session06/Johnny-Answers-Session06/build/warehouse_robot/build/lib/warehouse_robot
[1.567s] running install
[1.568s] running install_lib
[1.569s] copying /home/robot/Desktop/Session06/Johnny-Answers-Session06/build/warehouse_robot/build/lib/warehouse_robot/Delivery_Action_Server.py -> /home/robot/Desktop/Session06/Johnny-Answers-Session06/install/warehouse_robot/lib/python3.10/site-packages/warehouse_robot
[1.570s] byte-compiling /home/robot/Desktop/Session06/Johnny-Answers-Session06/install/warehouse_robot/lib/python3.10/site-packages/warehouse_robot/Delivery_Action_Server.py to Delivery_Action_Server.cpython-310.pyc
[1.572s] running install_data
[1.572s] running install_egg_info
[1.575s] removing '/home/robot/Desktop/Session06/Johnny-Answers-Session06/install/warehouse_robot/lib/python3.10/site-packages/warehouse_robot-0.0.0-py3.10.egg-info' (and everything under it)
[1.576s] Copying ../../build/warehouse_robot/warehouse_robot.egg-info to /home/robot/Desktop/Session06/Johnny-Answers-Session06/install/warehouse_robot/lib/python3.10/site-packages/warehouse_robot-0.0.0-py3.10.egg-info
[1.580s] running install_scripts
[1.613s] Installing delivery_action script to /home/robot/Desktop/Session06/Johnny-Answers-Session06/install/warehouse_robot/lib/warehouse_robot
[1.614s] writing list of installed files to '/home/robot/Desktop/Session06/Johnny-Answers-Session06/build/warehouse_robot/install.log'
[1.657s] Invoked command in '/home/robot/Desktop/Session06/Johnny-Answers-Session06/src/warehouse_robot' returned '0': PYTHONPATH=/home/robot/Desktop/Session06/Johnny-Answers-Session06/build/warehouse_robot/prefix_override:/usr/lib/python3/dist-packages/colcon_core/task/python/colcon_distutils_commands:/home/robot/Desktop/Session06/Johnny-Answers-Session06/install/warehouse_robot/lib/python3.10/site-packages:${PYTHONPATH} /usr/bin/python3 -W ignore:setup.py install is deprecated setup.py egg_info --egg-base ../../build/warehouse_robot build --build-base /home/robot/Desktop/Session06/Johnny-Answers-Session06/build/warehouse_robot/build install --record /home/robot/Desktop/Session06/Johnny-Answers-Session06/build/warehouse_robot/install.log --single-version-externally-managed install_data
