[0.035s] Invoking command in '/home/robot/Desktop/Session06/Johnny-Answers-Session06/build/my_interfaces': CMAKE_PREFIX_PATH=${CMAKE_PREFIX_PATH}:/home/robot/Desktop/Session06/Johnny-Answers-Session06/install/warehouse_robot:/opt/ros/humble /usr/bin/cmake --build /home/robot/Desktop/Session06/Johnny-Answers-Session06/build/my_interfaces -- -j6 -l6
[0.203s] [ 10%] Built target my_interfaces__rosidl_generator_c
[0.226s] [ 12%] Built target my_interfaces__cpp
[0.332s] [ 12%] Built target ament_cmake_python_copy_my_interfaces
[0.337s] [ 23%] Built target my_interfaces__rosidl_typesupport_fastrtps_cpp
[0.367s] [ 34%] Built target my_interfaces__rosidl_typesupport_fastrtps_c
[0.395s] [ 44%] Built target my_interfaces__rosidl_typesupport_introspection_cpp
[0.417s] [ 55%] Built target my_interfaces__rosidl_typesupport_c
[0.423s] [ 65%] Built target my_interfaces__rosidl_typesupport_introspection_c
[0.430s] [ 76%] Built target my_interfaces__rosidl_typesupport_cpp
[0.485s] [ 76%] Built target my_interfaces
[0.538s] [ 78%] Built target my_interfaces__py
[0.600s] [ 87%] Built target my_interfaces__rosidl_generator_py
[0.688s] [ 91%] Built target my_interfaces__rosidl_typesupport_fastrtps_c__pyext
[0.698s] [ 95%] Built target my_interfaces__rosidl_typesupport_c__pyext
[0.701s] [100%] Built target my_interfaces__rosidl_typesupport_introspection_c__pyext
[0.977s] running egg_info
[0.978s] writing my_interfaces.egg-info/PKG-INFO
[0.979s] writing dependency_links to my_interfaces.egg-info/dependency_links.txt
[0.980s] writing top-level names to my_interfaces.egg-info/top_level.txt
[0.984s] reading manifest file 'my_interfaces.egg-info/SOURCES.txt'
[0.985s] writing manifest file 'my_interfaces.egg-info/SOURCES.txt'
[1.043s] [100%] Built target ament_cmake_python_build_my_interfaces_egg
[1.069s] Invoked command in '/home/robot/Desktop/Session06/Johnny-Answers-Session06/build/my_interfaces' returned '0': CMAKE_PREFIX_PATH=${CMAKE_PREFIX_PATH}:/home/robot/Desktop/Session06/Johnny-Answers-Session06/install/warehouse_robot:/opt/ros/humble /usr/bin/cmake --build /home/robot/Desktop/Session06/Johnny-Answers-Session06/build/my_interfaces -- -j6 -l6
[1.551s] Invoking command in '/home/robot/Desktop/Session06/Johnny-Answers-Session06/build/my_interfaces': CMAKE_PREFIX_PATH=${CMAKE_PREFIX_PATH}:/home/robot/Desktop/Session06/Johnny-Answers-Session06/install/warehouse_robot:/opt/ros/humble /usr/bin/cmake --install /home/robot/Desktop/Session06/Johnny-Answers-Session06/build/my_interfaces
[1.568s] -- Install configuration: ""
[1.568s] -- Up-to-date: /home/robot/Desktop/Session06/Johnny-Answers-Session06/install/my_interfaces/share/ament_index/resource_index/rosidl_interfaces/my_interfaces
[1.569s] -- Up-to-date: /home/robot/Desktop/Session06/Johnny-Answers-Session06/install/my_interfaces/include/my_interfaces/my_interfaces
[1.569s] -- Up-to-date: /home/robot/Desktop/Session06/Johnny-Answers-Session06/install/my_interfaces/include/my_interfaces/my_interfaces/msg
[1.574s] -- Up-to-date: /home/robot/Desktop/Session06/Johnny-Answers-Session06/install/my_interfaces/include/my_interfaces/my_interfaces/msg/rosidl_generator_c__visibility_control.h
[1.574s] -- Up-to-date: /home/robot/Desktop/Session06/Johnny-Answers-Session06/install/my_interfaces/include/my_interfaces/my_interfaces/action
[1.574s] -- Up-to-date: /home/robot/Desktop/Session06/Johnny-Answers-Session06/install/my_interfaces/include/my_interfaces/my_interfaces/action/detail
[1.574s] -- Up-to-date: /home/robot/Desktop/Session06/Johnny-Answers-Session06/install/my_interfaces/include/my_interfaces/my_interfaces/action/detail/deliver_item__struct.h
[1.574s] -- Up-to-date: /home/robot/Desktop/Session06/Johnny-Answers-Session06/install/my_interfaces/include/my_interfaces/my_interfaces/action/detail/deliver_item__type_support.h
[1.575s] -- Up-to-date: /home/robot/Desktop/Session06/Johnny-Answers-Session06/install/my_interfaces/include/my_interfaces/my_interfaces/action/detail/deliver_item__functions.c
[1.575s] -- Up-to-date: /home/robot/Desktop/Session06/Johnny-Answers-Session06/install/my_interfaces/include/my_interfaces/my_interfaces/action/detail/deliver_item__functions.h
[1.575s] -- Up-to-date: /home/robot/Desktop/Session06/Johnny-Answers-Session06/install/my_interfaces/include/my_interfaces/my_interfaces/action/deliver_item.h
[1.575s] -- Up-to-date: /home/robot/Desktop/Session06/Johnny-Answers-Session06/install/my_interfaces/include/my_interfaces/my_interfaces/srv
[1.575s] -- Up-to-date: /home/robot/Desktop/Session06/Johnny-Answers-Session06/install/my_interfaces/include/my_interfaces/my_interfaces/srv/add_or_update_stock.h
[1.575s] -- Up-to-date: /home/robot/Desktop/Session06/Johnny-Answers-Session06/install/my_interfaces/include/my_interfaces/my_interfaces/srv/detail
[1.576s] -- Up-to-date: /home/robot/Desktop/Session06/Johnny-Answers-Session06/install/my_interfaces/include/my_interfaces/my_interfaces/srv/detail/check_stock__functions.h
[1.576s] -- Up-to-date: /home/robot/Desktop/Session06/Johnny-Answers-Session06/install/my_interfaces/include/my_interfaces/my_interfaces/srv/detail/check_stock__functions.c
[1.576s] -- Up-to-date: /home/robot/Desktop/Session06/Johnny-Answers-Session06/install/my_interfaces/include/my_interfaces/my_interfaces/srv/detail/add_or_update_stock__functions.c
[1.576s] -- Up-to-date: /home/robot/Desktop/Session06/Johnny-Answers-Session06/install/my_interfaces/include/my_interfaces/my_interfaces/srv/detail/add_or_update_stock__struct.h
[1.577s] -- Up-to-date: /home/robot/Desktop/Session06/Johnny-Answers-Session06/install/my_interfaces/include/my_interfaces/my_interfaces/srv/detail/add_or_update_stock__type_support.h
[1.577s] -- Up-to-date: /home/robot/Desktop/Session06/Johnny-Answers-Session06/install/my_interfaces/include/my_interfaces/my_interfaces/srv/detail/check_stock__type_support.h
[1.577s] -- Up-to-date: /home/robot/Desktop/Session06/Johnny-Answers-Session06/install/my_interfaces/include/my_interfaces/my_interfaces/srv/detail/check_stock__struct.h
[1.577s] -- Up-to-date: /home/robot/Desktop/Session06/Johnny-Answers-Session06/install/my_interfaces/include/my_interfaces/my_interfaces/srv/detail/add_or_update_stock__functions.h
[1.577s] -- Up-to-date: /home/robot/Desktop/Session06/Johnny-Answers-Session06/install/my_interfaces/include/my_interfaces/my_interfaces/srv/check_stock.h
[1.577s] -- Up-to-date: /home/robot/Desktop/Session06/Johnny-Answers-Session06/install/my_interfaces/share/my_interfaces/environment/library_path.sh
[1.577s] -- Up-to-date: /home/robot/Desktop/Session06/Johnny-Answers-Session06/install/my_interfaces/share/my_interfaces/environment/library_path.dsv
[1.578s] -- Up-to-date: /home/robot/Desktop/Session06/Johnny-Answers-Session06/install/my_interfaces/lib/libmy_interfaces__rosidl_generator_c.so
[1.578s] -- Up-to-date: /home/robot/Desktop/Session06/Johnny-Answers-Session06/install/my_interfaces/include/my_interfaces/my_interfaces
[1.578s] -- Up-to-date: /home/robot/Desktop/Session06/Johnny-Answers-Session06/install/my_interfaces/include/my_interfaces/my_interfaces/msg
[1.578s] -- Up-to-date: /home/robot/Desktop/Session06/Johnny-Answers-Session06/install/my_interfaces/include/my_interfaces/my_interfaces/msg/rosidl_typesupport_fastrtps_c__visibility_control.h
[1.578s] -- Up-to-date: /home/robot/Desktop/Session06/Johnny-Answers-Session06/install/my_interfaces/include/my_interfaces/my_interfaces/action
[1.578s] -- Up-to-date: /home/robot/Desktop/Session06/Johnny-Answers-Session06/install/my_interfaces/include/my_interfaces/my_interfaces/action/detail
[1.579s] -- Up-to-date: /home/robot/Desktop/Session06/Johnny-Answers-Session06/install/my_interfaces/include/my_interfaces/my_interfaces/action/detail/deliver_item__rosidl_typesupport_fastrtps_c.h
[1.579s] -- Up-to-date: /home/robot/Desktop/Session06/Johnny-Answers-Session06/install/my_interfaces/include/my_interfaces/my_interfaces/srv
[1.579s] -- Up-to-date: /home/robot/Desktop/Session06/Johnny-Answers-Session06/install/my_interfaces/include/my_interfaces/my_interfaces/srv/detail
[1.579s] -- Up-to-date: /home/robot/Desktop/Session06/Johnny-Answers-Session06/install/my_interfaces/include/my_interfaces/my_interfaces/srv/detail/add_or_update_stock__rosidl_typesupport_fastrtps_c.h
[1.579s] -- Up-to-date: /home/robot/Desktop/Session06/Johnny-Answers-Session06/install/my_interfaces/include/my_interfaces/my_interfaces/srv/detail/check_stock__rosidl_typesupport_fastrtps_c.h
[1.579s] -- Up-to-date: /home/robot/Desktop/Session06/Johnny-Answers-Session06/install/my_interfaces/lib/libmy_interfaces__rosidl_typesupport_fastrtps_c.so
[1.579s] -- Up-to-date: /home/robot/Desktop/Session06/Johnny-Answers-Session06/install/my_interfaces/include/my_interfaces/my_interfaces
[1.580s] -- Up-to-date: /home/robot/Desktop/Session06/Johnny-Answers-Session06/install/my_interfaces/include/my_interfaces/my_interfaces/msg
[1.580s] -- Up-to-date: /home/robot/Desktop/Session06/Johnny-Answers-Session06/install/my_interfaces/include/my_interfaces/my_interfaces/msg/rosidl_typesupport_introspection_c__visibility_control.h
[1.580s] -- Up-to-date: /home/robot/Desktop/Session06/Johnny-Answers-Session06/install/my_interfaces/include/my_interfaces/my_interfaces/action
[1.581s] -- Up-to-date: /home/robot/Desktop/Session06/Johnny-Answers-Session06/install/my_interfaces/include/my_interfaces/my_interfaces/action/detail
[1.581s] -- Up-to-date: /home/robot/Desktop/Session06/Johnny-Answers-Session06/install/my_interfaces/include/my_interfaces/my_interfaces/action/detail/deliver_item__type_support.c
[1.581s] -- Up-to-date: /home/robot/Desktop/Session06/Johnny-Answers-Session06/install/my_interfaces/include/my_interfaces/my_interfaces/action/detail/deliver_item__rosidl_typesupport_introspection_c.h
[1.581s] -- Up-to-date: /home/robot/Desktop/Session06/Johnny-Answers-Session06/install/my_interfaces/include/my_interfaces/my_interfaces/srv
[1.582s] -- Up-to-date: /home/robot/Desktop/Session06/Johnny-Answers-Session06/install/my_interfaces/include/my_interfaces/my_interfaces/srv/detail
[1.582s] -- Up-to-date: /home/robot/Desktop/Session06/Johnny-Answers-Session06/install/my_interfaces/include/my_interfaces/my_interfaces/srv/detail/check_stock__rosidl_typesupport_introspection_c.h
[1.582s] -- Up-to-date: /home/robot/Desktop/Session06/Johnny-Answers-Session06/install/my_interfaces/include/my_interfaces/my_interfaces/srv/detail/add_or_update_stock__type_support.c
[1.582s] -- Up-to-date: /home/robot/Desktop/Session06/Johnny-Answers-Session06/install/my_interfaces/include/my_interfaces/my_interfaces/srv/detail/add_or_update_stock__rosidl_typesupport_introspection_c.h
[1.582s] -- Up-to-date: /home/robot/Desktop/Session06/Johnny-Answers-Session06/install/my_interfaces/include/my_interfaces/my_interfaces/srv/detail/check_stock__type_support.c
[1.582s] -- Up-to-date: /home/robot/Desktop/Session06/Johnny-Answers-Session06/install/my_interfaces/lib/libmy_interfaces__rosidl_typesupport_introspection_c.so
[1.582s] -- Up-to-date: /home/robot/Desktop/Session06/Johnny-Answers-Session06/install/my_interfaces/lib/libmy_interfaces__rosidl_typesupport_c.so
[1.583s] -- Up-to-date: /home/robot/Desktop/Session06/Johnny-Answers-Session06/install/my_interfaces/include/my_interfaces/my_interfaces
[1.583s] -- Up-to-date: /home/robot/Desktop/Session06/Johnny-Answers-Session06/install/my_interfaces/include/my_interfaces/my_interfaces/action
[1.583s] -- Up-to-date: /home/robot/Desktop/Session06/Johnny-Answers-Session06/install/my_interfaces/include/my_interfaces/my_interfaces/action/deliver_item.hpp
[1.583s] -- Up-to-date: /home/robot/Desktop/Session06/Johnny-Answers-Session06/install/my_interfaces/include/my_interfaces/my_interfaces/action/detail
[1.584s] -- Up-to-date: /home/robot/Desktop/Session06/Johnny-Answers-Session06/install/my_interfaces/include/my_interfaces/my_interfaces/action/detail/deliver_item__builder.hpp
[1.585s] -- Up-to-date: /home/robot/Desktop/Session06/Johnny-Answers-Session06/install/my_interfaces/include/my_interfaces/my_interfaces/action/detail/deliver_item__struct.hpp
[1.585s] -- Up-to-date: /home/robot/Desktop/Session06/Johnny-Answers-Session06/install/my_interfaces/include/my_interfaces/my_interfaces/action/detail/deliver_item__traits.hpp
[1.585s] -- Up-to-date: /home/robot/Desktop/Session06/Johnny-Answers-Session06/install/my_interfaces/include/my_interfaces/my_interfaces/srv
[1.585s] -- Up-to-date: /home/robot/Desktop/Session06/Johnny-Answers-Session06/install/my_interfaces/include/my_interfaces/my_interfaces/srv/detail
[1.585s] -- Up-to-date: /home/robot/Desktop/Session06/Johnny-Answers-Session06/install/my_interfaces/include/my_interfaces/my_interfaces/srv/detail/check_stock__traits.hpp
[1.585s] -- Up-to-date: /home/robot/Desktop/Session06/Johnny-Answers-Session06/install/my_interfaces/include/my_interfaces/my_interfaces/srv/detail/add_or_update_stock__struct.hpp
[1.585s] -- Up-to-date: /home/robot/Desktop/Session06/Johnny-Answers-Session06/install/my_interfaces/include/my_interfaces/my_interfaces/srv/detail/add_or_update_stock__traits.hpp
[1.586s] -- Up-to-date: /home/robot/Desktop/Session06/Johnny-Answers-Session06/install/my_interfaces/include/my_interfaces/my_interfaces/srv/detail/check_stock__builder.hpp
[1.586s] -- Up-to-date: /home/robot/Desktop/Session06/Johnny-Answers-Session06/install/my_interfaces/include/my_interfaces/my_interfaces/srv/detail/check_stock__struct.hpp
[1.586s] -- Up-to-date: /home/robot/Desktop/Session06/Johnny-Answers-Session06/install/my_interfaces/include/my_interfaces/my_interfaces/srv/detail/add_or_update_stock__builder.hpp
[1.587s] -- Up-to-date: /home/robot/Desktop/Session06/Johnny-Answers-Session06/install/my_interfaces/include/my_interfaces/my_interfaces/srv/add_or_update_stock.hpp
[1.587s] -- Up-to-date: /home/robot/Desktop/Session06/Johnny-Answers-Session06/install/my_interfaces/include/my_interfaces/my_interfaces/srv/check_stock.hpp
[1.587s] -- Up-to-date: /home/robot/Desktop/Session06/Johnny-Answers-Session06/install/my_interfaces/include/my_interfaces/my_interfaces
[1.588s] -- Up-to-date: /home/robot/Desktop/Session06/Johnny-Answers-Session06/install/my_interfaces/include/my_interfaces/my_interfaces/msg
[1.588s] -- Up-to-date: /home/robot/Desktop/Session06/Johnny-Answers-Session06/install/my_interfaces/include/my_interfaces/my_interfaces/msg/rosidl_typesupport_fastrtps_cpp__visibility_control.h
[1.588s] -- Up-to-date: /home/robot/Desktop/Session06/Johnny-Answers-Session06/install/my_interfaces/include/my_interfaces/my_interfaces/action
[1.588s] -- Up-to-date: /home/robot/Desktop/Session06/Johnny-Answers-Session06/install/my_interfaces/include/my_interfaces/my_interfaces/action/detail
[1.588s] -- Up-to-date: /home/robot/Desktop/Session06/Johnny-Answers-Session06/install/my_interfaces/include/my_interfaces/my_interfaces/action/detail/deliver_item__rosidl_typesupport_fastrtps_cpp.hpp
[1.588s] -- Up-to-date: /home/robot/Desktop/Session06/Johnny-Answers-Session06/install/my_interfaces/include/my_interfaces/my_interfaces/action/detail/dds_fastrtps
[1.589s] -- Up-to-date: /home/robot/Desktop/Session06/Johnny-Answers-Session06/install/my_interfaces/include/my_interfaces/my_interfaces/srv
[1.589s] -- Up-to-date: /home/robot/Desktop/Session06/Johnny-Answers-Session06/install/my_interfaces/include/my_interfaces/my_interfaces/srv/detail
[1.589s] -- Up-to-date: /home/robot/Desktop/Session06/Johnny-Answers-Session06/install/my_interfaces/include/my_interfaces/my_interfaces/srv/detail/add_or_update_stock__rosidl_typesupport_fastrtps_cpp.hpp
[1.589s] -- Up-to-date: /home/robot/Desktop/Session06/Johnny-Answers-Session06/install/my_interfaces/include/my_interfaces/my_interfaces/srv/detail/check_stock__rosidl_typesupport_fastrtps_cpp.hpp
[1.589s] -- Up-to-date: /home/robot/Desktop/Session06/Johnny-Answers-Session06/install/my_interfaces/include/my_interfaces/my_interfaces/srv/detail/dds_fastrtps
[1.589s] -- Up-to-date: /home/robot/Desktop/Session06/Johnny-Answers-Session06/install/my_interfaces/lib/libmy_interfaces__rosidl_typesupport_fastrtps_cpp.so
[1.589s] -- Up-to-date: /home/robot/Desktop/Session06/Johnny-Answers-Session06/install/my_interfaces/include/my_interfaces/my_interfaces
[1.590s] -- Up-to-date: /home/robot/Desktop/Session06/Johnny-Answers-Session06/install/my_interfaces/include/my_interfaces/my_interfaces/action
[1.590s] -- Up-to-date: /home/robot/Desktop/Session06/Johnny-Answers-Session06/install/my_interfaces/include/my_interfaces/my_interfaces/action/detail
[1.590s] -- Up-to-date: /home/robot/Desktop/Session06/Johnny-Answers-Session06/install/my_interfaces/include/my_interfaces/my_interfaces/action/detail/deliver_item__type_support.cpp
[1.590s] -- Up-to-date: /home/robot/Desktop/Session06/Johnny-Answers-Session06/install/my_interfaces/include/my_interfaces/my_interfaces/action/detail/deliver_item__rosidl_typesupport_introspection_cpp.hpp
[1.590s] -- Up-to-date: /home/robot/Desktop/Session06/Johnny-Answers-Session06/install/my_interfaces/include/my_interfaces/my_interfaces/srv
[1.590s] -- Up-to-date: /home/robot/Desktop/Session06/Johnny-Answers-Session06/install/my_interfaces/include/my_interfaces/my_interfaces/srv/detail
[1.590s] -- Up-to-date: /home/robot/Desktop/Session06/Johnny-Answers-Session06/install/my_interfaces/include/my_interfaces/my_interfaces/srv/detail/check_stock__rosidl_typesupport_introspection_cpp.hpp
[1.591s] -- Up-to-date: /home/robot/Desktop/Session06/Johnny-Answers-Session06/install/my_interfaces/include/my_interfaces/my_interfaces/srv/detail/check_stock__type_support.cpp
[1.591s] -- Up-to-date: /home/robot/Desktop/Session06/Johnny-Answers-Session06/install/my_interfaces/include/my_interfaces/my_interfaces/srv/detail/add_or_update_stock__type_support.cpp
[1.591s] -- Up-to-date: /home/robot/Desktop/Session06/Johnny-Answers-Session06/install/my_interfaces/include/my_interfaces/my_interfaces/srv/detail/add_or_update_stock__rosidl_typesupport_introspection_cpp.hpp
[1.591s] -- Up-to-date: /home/robot/Desktop/Session06/Johnny-Answers-Session06/install/my_interfaces/lib/libmy_interfaces__rosidl_typesupport_introspection_cpp.so
[1.591s] -- Up-to-date: /home/robot/Desktop/Session06/Johnny-Answers-Session06/install/my_interfaces/lib/libmy_interfaces__rosidl_typesupport_cpp.so
[1.591s] -- Up-to-date: /home/robot/Desktop/Session06/Johnny-Answers-Session06/install/my_interfaces/share/my_interfaces/environment/pythonpath.sh
[1.591s] -- Up-to-date: /home/robot/Desktop/Session06/Johnny-Answers-Session06/install/my_interfaces/share/my_interfaces/environment/pythonpath.dsv
[1.592s] -- Up-to-date: /home/robot/Desktop/Session06/Johnny-Answers-Session06/install/my_interfaces/local/lib/python3.10/dist-packages/my_interfaces-0.0.0-py3.10.egg-info
[1.592s] -- Installing: /home/robot/Desktop/Session06/Johnny-Answers-Session06/install/my_interfaces/local/lib/python3.10/dist-packages/my_interfaces-0.0.0-py3.10.egg-info/SOURCES.txt
[1.592s] -- Installing: /home/robot/Desktop/Session06/Johnny-Answers-Session06/install/my_interfaces/local/lib/python3.10/dist-packages/my_interfaces-0.0.0-py3.10.egg-info/PKG-INFO
[1.592s] -- Installing: /home/robot/Desktop/Session06/Johnny-Answers-Session06/install/my_interfaces/local/lib/python3.10/dist-packages/my_interfaces-0.0.0-py3.10.egg-info/dependency_links.txt
[1.593s] -- Installing: /home/robot/Desktop/Session06/Johnny-Answers-Session06/install/my_interfaces/local/lib/python3.10/dist-packages/my_interfaces-0.0.0-py3.10.egg-info/top_level.txt
[1.593s] -- Up-to-date: /home/robot/Desktop/Session06/Johnny-Answers-Session06/install/my_interfaces/local/lib/python3.10/dist-packages/my_interfaces
[1.593s] -- Up-to-date: /home/robot/Desktop/Session06/Johnny-Answers-Session06/install/my_interfaces/local/lib/python3.10/dist-packages/my_interfaces/_my_interfaces_s.ep.rosidl_typesupport_introspection_c.c
[1.593s] -- Up-to-date: /home/robot/Desktop/Session06/Johnny-Answers-Session06/install/my_interfaces/local/lib/python3.10/dist-packages/my_interfaces/_my_interfaces_s.ep.rosidl_typesupport_fastrtps_c.c
[1.593s] -- Up-to-date: /home/robot/Desktop/Session06/Johnny-Answers-Session06/install/my_interfaces/local/lib/python3.10/dist-packages/my_interfaces/my_interfaces_s__rosidl_typesupport_c.cpython-310-x86_64-linux-gnu.so
[1.594s] -- Up-to-date: /home/robot/Desktop/Session06/Johnny-Answers-Session06/install/my_interfaces/local/lib/python3.10/dist-packages/my_interfaces/my_interfaces_s__rosidl_typesupport_fastrtps_c.cpython-310-x86_64-linux-gnu.so
[1.594s] -- Up-to-date: /home/robot/Desktop/Session06/Johnny-Answers-Session06/install/my_interfaces/local/lib/python3.10/dist-packages/my_interfaces/_my_interfaces_s.ep.rosidl_typesupport_c.c
[1.594s] -- Up-to-date: /home/robot/Desktop/Session06/Johnny-Answers-Session06/install/my_interfaces/local/lib/python3.10/dist-packages/my_interfaces/action
[1.594s] -- Up-to-date: /home/robot/Desktop/Session06/Johnny-Answers-Session06/install/my_interfaces/local/lib/python3.10/dist-packages/my_interfaces/action/_deliver_item.py
[1.595s] -- Up-to-date: /home/robot/Desktop/Session06/Johnny-Answers-Session06/install/my_interfaces/local/lib/python3.10/dist-packages/my_interfaces/action/_deliver_item_s.c
[1.595s] -- Up-to-date: /home/robot/Desktop/Session06/Johnny-Answers-Session06/install/my_interfaces/local/lib/python3.10/dist-packages/my_interfaces/action/__init__.py
[1.595s] -- Up-to-date: /home/robot/Desktop/Session06/Johnny-Answers-Session06/install/my_interfaces/local/lib/python3.10/dist-packages/my_interfaces/libmy_interfaces__rosidl_generator_py.so
[1.595s] -- Up-to-date: /home/robot/Desktop/Session06/Johnny-Answers-Session06/install/my_interfaces/local/lib/python3.10/dist-packages/my_interfaces/my_interfaces_s__rosidl_typesupport_introspection_c.cpython-310-x86_64-linux-gnu.so
[1.595s] -- Up-to-date: /home/robot/Desktop/Session06/Johnny-Answers-Session06/install/my_interfaces/local/lib/python3.10/dist-packages/my_interfaces/__init__.py
[1.595s] -- Up-to-date: /home/robot/Desktop/Session06/Johnny-Answers-Session06/install/my_interfaces/local/lib/python3.10/dist-packages/my_interfaces/srv
[1.595s] -- Up-to-date: /home/robot/Desktop/Session06/Johnny-Answers-Session06/install/my_interfaces/local/lib/python3.10/dist-packages/my_interfaces/srv/_check_stock.py
[1.596s] -- Up-to-date: /home/robot/Desktop/Session06/Johnny-Answers-Session06/install/my_interfaces/local/lib/python3.10/dist-packages/my_interfaces/srv/_add_or_update_stock_s.c
[1.596s] -- Up-to-date: /home/robot/Desktop/Session06/Johnny-Answers-Session06/install/my_interfaces/local/lib/python3.10/dist-packages/my_interfaces/srv/_check_stock_s.c
[1.596s] -- Up-to-date: /home/robot/Desktop/Session06/Johnny-Answers-Session06/install/my_interfaces/local/lib/python3.10/dist-packages/my_interfaces/srv/__init__.py
[1.596s] -- Up-to-date: /home/robot/Desktop/Session06/Johnny-Answers-Session06/install/my_interfaces/local/lib/python3.10/dist-packages/my_interfaces/srv/_add_or_update_stock.py
[1.643s] Listing '/home/robot/Desktop/Session06/Johnny-Answers-Session06/install/my_interfaces/local/lib/python3.10/dist-packages/my_interfaces'...
[1.643s] Listing '/home/robot/Desktop/Session06/Johnny-Answers-Session06/install/my_interfaces/local/lib/python3.10/dist-packages/my_interfaces/action'...
[1.644s] Listing '/home/robot/Desktop/Session06/Johnny-Answers-Session06/install/my_interfaces/local/lib/python3.10/dist-packages/my_interfaces/srv'...
[1.651s] -- Up-to-date: /home/robot/Desktop/Session06/Johnny-Answers-Session06/install/my_interfaces/local/lib/python3.10/dist-packages/my_interfaces/my_interfaces_s__rosidl_typesupport_fastrtps_c.cpython-310-x86_64-linux-gnu.so
[1.651s] -- Up-to-date: /home/robot/Desktop/Session06/Johnny-Answers-Session06/install/my_interfaces/local/lib/python3.10/dist-packages/my_interfaces/my_interfaces_s__rosidl_typesupport_introspection_c.cpython-310-x86_64-linux-gnu.so
[1.655s] -- Up-to-date: /home/robot/Desktop/Session06/Johnny-Answers-Session06/install/my_interfaces/local/lib/python3.10/dist-packages/my_interfaces/my_interfaces_s__rosidl_typesupport_c.cpython-310-x86_64-linux-gnu.so
[1.655s] -- Up-to-date: /home/robot/Desktop/Session06/Johnny-Answers-Session06/install/my_interfaces/lib/libmy_interfaces__rosidl_generator_py.so
[1.655s] -- Up-to-date: /home/robot/Desktop/Session06/Johnny-Answers-Session06/install/my_interfaces/share/my_interfaces/action/DeliverItem.idl
[1.655s] -- Up-to-date: /home/robot/Desktop/Session06/Johnny-Answers-Session06/install/my_interfaces/share/my_interfaces/srv/CheckStock.idl
[1.656s] -- Up-to-date: /home/robot/Desktop/Session06/Johnny-Answers-Session06/install/my_interfaces/share/my_interfaces/srv/AddOrUpdateStock.idl
[1.656s] -- Up-to-date: /home/robot/Desktop/Session06/Johnny-Answers-Session06/install/my_interfaces/share/my_interfaces/action/DeliverItem.action
[1.656s] -- Up-to-date: /home/robot/Desktop/Session06/Johnny-Answers-Session06/install/my_interfaces/share/my_interfaces/srv/CheckStock.srv
[1.656s] -- Up-to-date: /home/robot/Desktop/Session06/Johnny-Answers-Session06/install/my_interfaces/share/my_interfaces/srv/CheckStock_Request.msg
[1.656s] -- Up-to-date: /home/robot/Desktop/Session06/Johnny-Answers-Session06/install/my_interfaces/share/my_interfaces/srv/CheckStock_Response.msg
[1.657s] -- Up-to-date: /home/robot/Desktop/Session06/Johnny-Answers-Session06/install/my_interfaces/share/my_interfaces/srv/AddOrUpdateStock.srv
[1.657s] -- Up-to-date: /home/robot/Desktop/Session06/Johnny-Answers-Session06/install/my_interfaces/share/my_interfaces/srv/AddOrUpdateStock_Request.msg
[1.657s] -- Up-to-date: /home/robot/Desktop/Session06/Johnny-Answers-Session06/install/my_interfaces/share/my_interfaces/srv/AddOrUpdateStock_Response.msg
[1.657s] -- Up-to-date: /home/robot/Desktop/Session06/Johnny-Answers-Session06/install/my_interfaces/share/ament_index/resource_index/package_run_dependencies/my_interfaces
[1.657s] -- Up-to-date: /home/robot/Desktop/Session06/Johnny-Answers-Session06/install/my_interfaces/share/ament_index/resource_index/parent_prefix_path/my_interfaces
[1.657s] -- Up-to-date: /home/robot/Desktop/Session06/Johnny-Answers-Session06/install/my_interfaces/share/my_interfaces/environment/ament_prefix_path.sh
[1.658s] -- Up-to-date: /home/robot/Desktop/Session06/Johnny-Answers-Session06/install/my_interfaces/share/my_interfaces/environment/ament_prefix_path.dsv
[1.658s] -- Up-to-date: /home/robot/Desktop/Session06/Johnny-Answers-Session06/install/my_interfaces/share/my_interfaces/environment/path.sh
[1.658s] -- Up-to-date: /home/robot/Desktop/Session06/Johnny-Answers-Session06/install/my_interfaces/share/my_interfaces/environment/path.dsv
[1.663s] -- Up-to-date: /home/robot/Desktop/Session06/Johnny-Answers-Session06/install/my_interfaces/share/my_interfaces/local_setup.bash
[1.663s] -- Up-to-date: /home/robot/Desktop/Session06/Johnny-Answers-Session06/install/my_interfaces/share/my_interfaces/local_setup.sh
[1.663s] -- Up-to-date: /home/robot/Desktop/Session06/Johnny-Answers-Session06/install/my_interfaces/share/my_interfaces/local_setup.zsh
[1.663s] -- Up-to-date: /home/robot/Desktop/Session06/Johnny-Answers-Session06/install/my_interfaces/share/my_interfaces/local_setup.dsv
[1.663s] -- Installing: /home/robot/Desktop/Session06/Johnny-Answers-Session06/install/my_interfaces/share/my_interfaces/package.dsv
[1.663s] -- Up-to-date: /home/robot/Desktop/Session06/Johnny-Answers-Session06/install/my_interfaces/share/ament_index/resource_index/packages/my_interfaces
[1.664s] -- Up-to-date: /home/robot/Desktop/Session06/Johnny-Answers-Session06/install/my_interfaces/share/my_interfaces/cmake/export_my_interfaces__rosidl_generator_cExport.cmake
[1.665s] -- Up-to-date: /home/robot/Desktop/Session06/Johnny-Answers-Session06/install/my_interfaces/share/my_interfaces/cmake/export_my_interfaces__rosidl_generator_cExport-noconfig.cmake
[1.665s] -- Up-to-date: /home/robot/Desktop/Session06/Johnny-Answers-Session06/install/my_interfaces/share/my_interfaces/cmake/export_my_interfaces__rosidl_typesupport_fastrtps_cExport.cmake
[1.666s] -- Up-to-date: /home/robot/Desktop/Session06/Johnny-Answers-Session06/install/my_interfaces/share/my_interfaces/cmake/export_my_interfaces__rosidl_typesupport_fastrtps_cExport-noconfig.cmake
[1.666s] -- Up-to-date: /home/robot/Desktop/Session06/Johnny-Answers-Session06/install/my_interfaces/share/my_interfaces/cmake/my_interfaces__rosidl_typesupport_introspection_cExport.cmake
[1.667s] -- Up-to-date: /home/robot/Desktop/Session06/Johnny-Answers-Session06/install/my_interfaces/share/my_interfaces/cmake/my_interfaces__rosidl_typesupport_introspection_cExport-noconfig.cmake
[1.668s] -- Up-to-date: /home/robot/Desktop/Session06/Johnny-Answers-Session06/install/my_interfaces/share/my_interfaces/cmake/my_interfaces__rosidl_typesupport_cExport.cmake
[1.668s] -- Up-to-date: /home/robot/Desktop/Session06/Johnny-Answers-Session06/install/my_interfaces/share/my_interfaces/cmake/my_interfaces__rosidl_typesupport_cExport-noconfig.cmake
[1.670s] -- Up-to-date: /home/robot/Desktop/Session06/Johnny-Answers-Session06/install/my_interfaces/share/my_interfaces/cmake/export_my_interfaces__rosidl_generator_cppExport.cmake
[1.671s] -- Up-to-date: /home/robot/Desktop/Session06/Johnny-Answers-Session06/install/my_interfaces/share/my_interfaces/cmake/export_my_interfaces__rosidl_typesupport_fastrtps_cppExport.cmake
[1.671s] -- Up-to-date: /home/robot/Desktop/Session06/Johnny-Answers-Session06/install/my_interfaces/share/my_interfaces/cmake/export_my_interfaces__rosidl_typesupport_fastrtps_cppExport-noconfig.cmake
[1.671s] -- Up-to-date: /home/robot/Desktop/Session06/Johnny-Answers-Session06/install/my_interfaces/share/my_interfaces/cmake/my_interfaces__rosidl_typesupport_introspection_cppExport.cmake
[1.671s] -- Up-to-date: /home/robot/Desktop/Session06/Johnny-Answers-Session06/install/my_interfaces/share/my_interfaces/cmake/my_interfaces__rosidl_typesupport_introspection_cppExport-noconfig.cmake
[1.671s] -- Up-to-date: /home/robot/Desktop/Session06/Johnny-Answers-Session06/install/my_interfaces/share/my_interfaces/cmake/my_interfaces__rosidl_typesupport_cppExport.cmake
[1.672s] -- Up-to-date: /home/robot/Desktop/Session06/Johnny-Answers-Session06/install/my_interfaces/share/my_interfaces/cmake/my_interfaces__rosidl_typesupport_cppExport-noconfig.cmake
[1.672s] -- Up-to-date: /home/robot/Desktop/Session06/Johnny-Answers-Session06/install/my_interfaces/share/my_interfaces/cmake/export_my_interfaces__rosidl_generator_pyExport.cmake
[1.672s] -- Up-to-date: /home/robot/Desktop/Session06/Johnny-Answers-Session06/install/my_interfaces/share/my_interfaces/cmake/export_my_interfaces__rosidl_generator_pyExport-noconfig.cmake
[1.672s] -- Up-to-date: /home/robot/Desktop/Session06/Johnny-Answers-Session06/install/my_interfaces/share/my_interfaces/cmake/rosidl_cmake-extras.cmake
[1.672s] -- Up-to-date: /home/robot/Desktop/Session06/Johnny-Answers-Session06/install/my_interfaces/share/my_interfaces/cmake/ament_cmake_export_dependencies-extras.cmake
[1.672s] -- Up-to-date: /home/robot/Desktop/Session06/Johnny-Answers-Session06/install/my_interfaces/share/my_interfaces/cmake/ament_cmake_export_include_directories-extras.cmake
[1.673s] -- Up-to-date: /home/robot/Desktop/Session06/Johnny-Answers-Session06/install/my_interfaces/share/my_interfaces/cmake/ament_cmake_export_libraries-extras.cmake
[1.673s] -- Up-to-date: /home/robot/Desktop/Session06/Johnny-Answers-Session06/install/my_interfaces/share/my_interfaces/cmake/ament_cmake_export_targets-extras.cmake
[1.673s] -- Up-to-date: /home/robot/Desktop/Session06/Johnny-Answers-Session06/install/my_interfaces/share/my_interfaces/cmake/rosidl_cmake_export_typesupport_targets-extras.cmake
[1.673s] -- Up-to-date: /home/robot/Desktop/Session06/Johnny-Answers-Session06/install/my_interfaces/share/my_interfaces/cmake/rosidl_cmake_export_typesupport_libraries-extras.cmake
[1.673s] -- Up-to-date: /home/robot/Desktop/Session06/Johnny-Answers-Session06/install/my_interfaces/share/my_interfaces/cmake/my_interfacesConfig.cmake
[1.673s] -- Up-to-date: /home/robot/Desktop/Session06/Johnny-Answers-Session06/install/my_interfaces/share/my_interfaces/cmake/my_interfacesConfig-version.cmake
[1.674s] -- Up-to-date: /home/robot/Desktop/Session06/Johnny-Answers-Session06/install/my_interfaces/share/my_interfaces/package.xml
[1.674s] Invoked command in '/home/robot/Desktop/Session06/Johnny-Answers-Session06/build/my_interfaces' returned '0': CMAKE_PREFIX_PATH=${CMAKE_PREFIX_PATH}:/home/robot/Desktop/Session06/Johnny-Answers-Session06/install/warehouse_robot:/opt/ros/humble /usr/bin/cmake --install /home/robot/Desktop/Session06/Johnny-Answers-Session06/build/my_interfaces
