[0.797s] DEBUG:colcon:Command line arguments: ['/usr/bin/colcon', 'build']
[0.797s] DEBUG:colcon:Parsed command line arguments: Namespace(log_base=None, log_level=None, verb_name='build', build_base='build', install_base='install', merge_install=False, symlink_install=False, test_result_base=None, continue_on_error=False, executor='parallel', parallel_workers=6, event_handlers=None, ignore_user_meta=False, metas=['./colcon.meta'], base_paths=['.'], packages_ignore=None, packages_ignore_regex=None, paths=None, packages_up_to=None, packages_up_to_regex=None, packages_above=None, packages_above_and_dependencies=None, packages_above_depth=None, packages_select_by_dep=None, packages_skip_by_dep=None, packages_skip_up_to=None, packages_select_build_failed=False, packages_skip_build_finished=False, packages_select_test_failures=False, packages_skip_test_passed=False, packages_select=None, packages_skip=None, packages_select_regex=None, packages_skip_regex=None, packages_start=None, packages_end=None, allow_overriding=[], cmake_args=None, cmake_target=None, cmake_target_skip_unavailable=False, cmake_clean_cache=False, cmake_clean_first=False, cmake_force_configure=False, ament_cmake_args=None, catkin_cmake_args=None, catkin_skip_building_tests=False, verb_parser=<colcon_defaults.argument_parser.defaults.DefaultArgumentsDecorator object at 0x7244e65580d0>, verb_extension=<colcon_core.verb.build.BuildVerb object at 0x7244e651b070>, main=<bound method BuildVerb.main of <colcon_core.verb.build.BuildVerb object at 0x7244e651b070>>)
[1.636s] Level 1:colcon.colcon_core.package_discovery:discover_packages(colcon_meta) check parameters
[1.636s] Level 1:colcon.colcon_core.package_discovery:discover_packages(recursive) check parameters
[1.637s] Level 1:colcon.colcon_core.package_discovery:discover_packages(ignore) check parameters
[1.637s] Level 1:colcon.colcon_core.package_discovery:discover_packages(path) check parameters
[1.637s] Level 1:colcon.colcon_core.package_discovery:discover_packages(colcon_meta) discover
[1.638s] Level 1:colcon.colcon_core.package_discovery:discover_packages(recursive) discover
[1.638s] INFO:colcon.colcon_core.package_discovery:Crawling recursively for packages in '/home/robot/Desktop/Session06/Johnny-Answers-Session06'
[1.638s] Level 1:colcon.colcon_core.package_identification:_identify(.) by extensions ['ignore', 'ignore_ament_install']
[1.638s] Level 1:colcon.colcon_core.package_identification:_identify(.) by extension 'ignore'
[1.639s] Level 1:colcon.colcon_core.package_identification:_identify(.) by extension 'ignore_ament_install'
[1.639s] Level 1:colcon.colcon_core.package_identification:_identify(.) by extensions ['colcon_pkg']
[1.639s] Level 1:colcon.colcon_core.package_identification:_identify(.) by extension 'colcon_pkg'
[1.640s] Level 1:colcon.colcon_core.package_identification:_identify(.) by extensions ['colcon_meta']
[1.640s] Level 1:colcon.colcon_core.package_identification:_identify(.) by extension 'colcon_meta'
[1.640s] Level 1:colcon.colcon_core.package_identification:_identify(.) by extensions ['ros']
[1.640s] Level 1:colcon.colcon_core.package_identification:_identify(.) by extension 'ros'
[1.713s] Level 1:colcon.colcon_core.package_identification:_identify(.) by extensions ['cmake', 'python']
[1.713s] Level 1:colcon.colcon_core.package_identification:_identify(.) by extension 'cmake'
[1.713s] Level 1:colcon.colcon_core.package_identification:_identify(.) by extension 'python'
[1.713s] Level 1:colcon.colcon_core.package_identification:_identify(.) by extensions ['python_setup_py']
[1.713s] Level 1:colcon.colcon_core.package_identification:_identify(.) by extension 'python_setup_py'
[1.714s] Level 1:colcon.colcon_core.package_identification:_identify(build) by extensions ['ignore', 'ignore_ament_install']
[1.714s] Level 1:colcon.colcon_core.package_identification:_identify(build) by extension 'ignore'
[1.714s] Level 1:colcon.colcon_core.package_identification:_identify(build) ignored
[1.715s] Level 1:colcon.colcon_core.package_identification:_identify(install) by extensions ['ignore', 'ignore_ament_install']
[1.715s] Level 1:colcon.colcon_core.package_identification:_identify(install) by extension 'ignore'
[1.715s] Level 1:colcon.colcon_core.package_identification:_identify(install) ignored
[1.715s] Level 1:colcon.colcon_core.package_identification:_identify(log) by extensions ['ignore', 'ignore_ament_install']
[1.716s] Level 1:colcon.colcon_core.package_identification:_identify(log) by extension 'ignore'
[1.716s] Level 1:colcon.colcon_core.package_identification:_identify(log) ignored
[1.716s] Level 1:colcon.colcon_core.package_identification:_identify(src) by extensions ['ignore', 'ignore_ament_install']
[1.717s] Level 1:colcon.colcon_core.package_identification:_identify(src) by extension 'ignore'
[1.717s] Level 1:colcon.colcon_core.package_identification:_identify(src) by extension 'ignore_ament_install'
[1.717s] Level 1:colcon.colcon_core.package_identification:_identify(src) by extensions ['colcon_pkg']
[1.717s] Level 1:colcon.colcon_core.package_identification:_identify(src) by extension 'colcon_pkg'
[1.717s] Level 1:colcon.colcon_core.package_identification:_identify(src) by extensions ['colcon_meta']
[1.717s] Level 1:colcon.colcon_core.package_identification:_identify(src) by extension 'colcon_meta'
[1.717s] Level 1:colcon.colcon_core.package_identification:_identify(src) by extensions ['ros']
[1.717s] Level 1:colcon.colcon_core.package_identification:_identify(src) by extension 'ros'
[1.718s] Level 1:colcon.colcon_core.package_identification:_identify(src) by extensions ['cmake', 'python']
[1.718s] Level 1:colcon.colcon_core.package_identification:_identify(src) by extension 'cmake'
[1.718s] Level 1:colcon.colcon_core.package_identification:_identify(src) by extension 'python'
[1.718s] Level 1:colcon.colcon_core.package_identification:_identify(src) by extensions ['python_setup_py']
[1.718s] Level 1:colcon.colcon_core.package_identification:_identify(src) by extension 'python_setup_py'
[1.718s] Level 1:colcon.colcon_core.package_identification:_identify(src/my_interfaces) by extensions ['ignore', 'ignore_ament_install']
[1.718s] Level 1:colcon.colcon_core.package_identification:_identify(src/my_interfaces) by extension 'ignore'
[1.718s] Level 1:colcon.colcon_core.package_identification:_identify(src/my_interfaces) by extension 'ignore_ament_install'
[1.719s] Level 1:colcon.colcon_core.package_identification:_identify(src/my_interfaces) by extensions ['colcon_pkg']
[1.719s] Level 1:colcon.colcon_core.package_identification:_identify(src/my_interfaces) by extension 'colcon_pkg'
[1.719s] Level 1:colcon.colcon_core.package_identification:_identify(src/my_interfaces) by extensions ['colcon_meta']
[1.719s] Level 1:colcon.colcon_core.package_identification:_identify(src/my_interfaces) by extension 'colcon_meta'
[1.719s] Level 1:colcon.colcon_core.package_identification:_identify(src/my_interfaces) by extensions ['ros']
[1.719s] Level 1:colcon.colcon_core.package_identification:_identify(src/my_interfaces) by extension 'ros'
[1.730s] DEBUG:colcon.colcon_core.package_identification:Package 'src/my_interfaces' with type 'ros.ament_cmake' and name 'my_interfaces'
[1.731s] Level 1:colcon.colcon_core.package_identification:_identify(src/warehouse_robot) by extensions ['ignore', 'ignore_ament_install']
[1.732s] Level 1:colcon.colcon_core.package_identification:_identify(src/warehouse_robot) by extension 'ignore'
[1.732s] Level 1:colcon.colcon_core.package_identification:_identify(src/warehouse_robot) by extension 'ignore_ament_install'
[1.733s] Level 1:colcon.colcon_core.package_identification:_identify(src/warehouse_robot) by extensions ['colcon_pkg']
[1.733s] Level 1:colcon.colcon_core.package_identification:_identify(src/warehouse_robot) by extension 'colcon_pkg'
[1.733s] Level 1:colcon.colcon_core.package_identification:_identify(src/warehouse_robot) by extensions ['colcon_meta']
[1.734s] Level 1:colcon.colcon_core.package_identification:_identify(src/warehouse_robot) by extension 'colcon_meta'
[1.734s] Level 1:colcon.colcon_core.package_identification:_identify(src/warehouse_robot) by extensions ['ros']
[1.734s] Level 1:colcon.colcon_core.package_identification:_identify(src/warehouse_robot) by extension 'ros'
[1.737s] DEBUG:colcon.colcon_core.package_identification:Package 'src/warehouse_robot' with type 'ros.ament_python' and name 'warehouse_robot'
[1.737s] Level 1:colcon.colcon_core.package_discovery:discover_packages(recursive) using defaults
[1.737s] Level 1:colcon.colcon_core.package_discovery:discover_packages(ignore) discover
[1.737s] Level 1:colcon.colcon_core.package_discovery:discover_packages(ignore) using defaults
[1.737s] Level 1:colcon.colcon_core.package_discovery:discover_packages(path) discover
[1.737s] Level 1:colcon.colcon_core.package_discovery:discover_packages(path) using defaults
[1.866s] Level 1:colcon.colcon_core.package_discovery:discover_packages(prefix_path) check parameters
[1.866s] Level 1:colcon.colcon_core.package_discovery:discover_packages(prefix_path) discover
[1.870s] DEBUG:colcon.colcon_installed_package_information.package_discovery:Found 3 installed packages in /home/robot/Desktop/Session06/Johnny-Answers-Session06/install
[1.883s] DEBUG:colcon.colcon_installed_package_information.package_discovery:Found 270 installed packages in /opt/ros/humble
[1.894s] Level 1:colcon.colcon_core.package_discovery:discover_packages(prefix_path) using defaults
[2.251s] Level 5:colcon.colcon_core.verb:set package 'my_interfaces' build argument 'cmake_args' from command line to 'None'
[2.251s] Level 5:colcon.colcon_core.verb:set package 'my_interfaces' build argument 'cmake_target' from command line to 'None'
[2.251s] Level 5:colcon.colcon_core.verb:set package 'my_interfaces' build argument 'cmake_target_skip_unavailable' from command line to 'False'
[2.252s] Level 5:colcon.colcon_core.verb:set package 'my_interfaces' build argument 'cmake_clean_cache' from command line to 'False'
[2.252s] Level 5:colcon.colcon_core.verb:set package 'my_interfaces' build argument 'cmake_clean_first' from command line to 'False'
[2.252s] Level 5:colcon.colcon_core.verb:set package 'my_interfaces' build argument 'cmake_force_configure' from command line to 'False'
[2.252s] Level 5:colcon.colcon_core.verb:set package 'my_interfaces' build argument 'ament_cmake_args' from command line to 'None'
[2.252s] Level 5:colcon.colcon_core.verb:set package 'my_interfaces' build argument 'catkin_cmake_args' from command line to 'None'
[2.252s] Level 5:colcon.colcon_core.verb:set package 'my_interfaces' build argument 'catkin_skip_building_tests' from command line to 'False'
[2.252s] DEBUG:colcon.colcon_core.verb:Building package 'my_interfaces' with the following arguments: {'ament_cmake_args': None, 'build_base': '/home/robot/Desktop/Session06/Johnny-Answers-Session06/build/my_interfaces', 'catkin_cmake_args': None, 'catkin_skip_building_tests': False, 'cmake_args': None, 'cmake_clean_cache': False, 'cmake_clean_first': False, 'cmake_force_configure': False, 'cmake_target': None, 'cmake_target_skip_unavailable': False, 'install_base': '/home/robot/Desktop/Session06/Johnny-Answers-Session06/install/my_interfaces', 'merge_install': False, 'path': '/home/robot/Desktop/Session06/Johnny-Answers-Session06/src/my_interfaces', 'symlink_install': False, 'test_result_base': None}
[2.254s] Level 5:colcon.colcon_core.verb:set package 'warehouse_robot' build argument 'cmake_args' from command line to 'None'
[2.254s] Level 5:colcon.colcon_core.verb:set package 'warehouse_robot' build argument 'cmake_target' from command line to 'None'
[2.255s] Level 5:colcon.colcon_core.verb:set package 'warehouse_robot' build argument 'cmake_target_skip_unavailable' from command line to 'False'
[2.255s] Level 5:colcon.colcon_core.verb:set package 'warehouse_robot' build argument 'cmake_clean_cache' from command line to 'False'
[2.255s] Level 5:colcon.colcon_core.verb:set package 'warehouse_robot' build argument 'cmake_clean_first' from command line to 'False'
[2.255s] Level 5:colcon.colcon_core.verb:set package 'warehouse_robot' build argument 'cmake_force_configure' from command line to 'False'
[2.255s] Level 5:colcon.colcon_core.verb:set package 'warehouse_robot' build argument 'ament_cmake_args' from command line to 'None'
[2.255s] Level 5:colcon.colcon_core.verb:set package 'warehouse_robot' build argument 'catkin_cmake_args' from command line to 'None'
[2.256s] Level 5:colcon.colcon_core.verb:set package 'warehouse_robot' build argument 'catkin_skip_building_tests' from command line to 'False'
[2.256s] DEBUG:colcon.colcon_core.verb:Building package 'warehouse_robot' with the following arguments: {'ament_cmake_args': None, 'build_base': '/home/robot/Desktop/Session06/Johnny-Answers-Session06/build/warehouse_robot', 'catkin_cmake_args': None, 'catkin_skip_building_tests': False, 'cmake_args': None, 'cmake_clean_cache': False, 'cmake_clean_first': False, 'cmake_force_configure': False, 'cmake_target': None, 'cmake_target_skip_unavailable': False, 'install_base': '/home/robot/Desktop/Session06/Johnny-Answers-Session06/install/warehouse_robot', 'merge_install': False, 'path': '/home/robot/Desktop/Session06/Johnny-Answers-Session06/src/warehouse_robot', 'symlink_install': False, 'test_result_base': None}
[2.256s] INFO:colcon.colcon_core.executor:Executing jobs using 'parallel' executor
[2.260s] DEBUG:colcon.colcon_parallel_executor.executor.parallel:run_until_complete
[2.261s] INFO:colcon.colcon_ros.task.ament_cmake.build:Building ROS package in '/home/robot/Desktop/Session06/Johnny-Answers-Session06/src/my_interfaces' with build type 'ament_cmake'
[2.262s] INFO:colcon.colcon_cmake.task.cmake.build:Building CMake package in '/home/robot/Desktop/Session06/Johnny-Answers-Session06/src/my_interfaces'
[2.271s] INFO:colcon.colcon_core.plugin_system:Skipping extension 'colcon_core.shell.bat': Not used on non-Windows systems
[2.271s] INFO:colcon.colcon_core.shell:Skip shell extension 'powershell' for command environment: Not usable outside of PowerShell
[2.272s] DEBUG:colcon.colcon_core.shell:Skip shell extension 'dsv' for command environment
[2.281s] INFO:colcon.colcon_ros.task.ament_python.build:Building ROS package in '/home/robot/Desktop/Session06/Johnny-Answers-Session06/src/warehouse_robot' with build type 'ament_python'
[2.282s] Level 1:colcon.colcon_core.shell:create_environment_hook('warehouse_robot', 'ament_prefix_path')
[2.282s] INFO:colcon.colcon_core.shell:Creating environment hook '/home/robot/Desktop/Session06/Johnny-Answers-Session06/install/warehouse_robot/share/warehouse_robot/hook/ament_prefix_path.ps1'
[2.284s] INFO:colcon.colcon_core.shell:Creating environment descriptor '/home/robot/Desktop/Session06/Johnny-Answers-Session06/install/warehouse_robot/share/warehouse_robot/hook/ament_prefix_path.dsv'
[2.285s] INFO:colcon.colcon_core.shell:Creating environment hook '/home/robot/Desktop/Session06/Johnny-Answers-Session06/install/warehouse_robot/share/warehouse_robot/hook/ament_prefix_path.sh'
[2.287s] INFO:colcon.colcon_core.shell:Skip shell extension 'powershell' for command environment: Not usable outside of PowerShell
[2.287s] DEBUG:colcon.colcon_core.shell:Skip shell extension 'dsv' for command environment
[2.315s] DEBUG:colcon.colcon_core.event_handler.log_command:Invoking command in '/home/robot/Desktop/Session06/Johnny-Answers-Session06/build/my_interfaces': CMAKE_PREFIX_PATH=${CMAKE_PREFIX_PATH}:/home/robot/Desktop/Session06/Johnny-Answers-Session06/install/warehouse_robot:/opt/ros/humble /usr/bin/cmake --build /home/robot/Desktop/Session06/Johnny-Answers-Session06/build/my_interfaces -- -j6 -l6
[2.927s] INFO:colcon.colcon_core.task.python.build:Building Python package in '/home/robot/Desktop/Session06/Johnny-Answers-Session06/src/warehouse_robot'
[2.928s] INFO:colcon.colcon_core.shell:Skip shell extension 'powershell' for command environment: Not usable outside of PowerShell
[2.928s] DEBUG:colcon.colcon_core.shell:Skip shell extension 'dsv' for command environment
[3.402s] DEBUG:colcon.colcon_core.event_handler.log_command:Invoked command in '/home/robot/Desktop/Session06/Johnny-Answers-Session06/build/my_interfaces' returned '0': CMAKE_PREFIX_PATH=${CMAKE_PREFIX_PATH}:/home/robot/Desktop/Session06/Johnny-Answers-Session06/install/warehouse_robot:/opt/ros/humble /usr/bin/cmake --build /home/robot/Desktop/Session06/Johnny-Answers-Session06/build/my_interfaces -- -j6 -l6
[3.696s] DEBUG:colcon.colcon_core.event_handler.log_command:Invoking command in '/home/robot/Desktop/Session06/Johnny-Answers-Session06/src/warehouse_robot': PYTHONPATH=/home/robot/Desktop/Session06/Johnny-Answers-Session06/build/warehouse_robot/prefix_override:/usr/lib/python3/dist-packages/colcon_core/task/python/colcon_distutils_commands:/home/robot/Desktop/Session06/Johnny-Answers-Session06/install/warehouse_robot/lib/python3.10/site-packages:${PYTHONPATH} /usr/bin/python3 -W ignore:setup.py install is deprecated setup.py egg_info --egg-base ../../build/warehouse_robot build --build-base /home/robot/Desktop/Session06/Johnny-Answers-Session06/build/warehouse_robot/build install --record /home/robot/Desktop/Session06/Johnny-Answers-Session06/build/warehouse_robot/install.log --single-version-externally-managed install_data
[4.121s] DEBUG:colcon.colcon_core.event_handler.log_command:Invoking command in '/home/robot/Desktop/Session06/Johnny-Answers-Session06/build/my_interfaces': CMAKE_PREFIX_PATH=${CMAKE_PREFIX_PATH}:/home/robot/Desktop/Session06/Johnny-Answers-Session06/install/warehouse_robot:/opt/ros/humble /usr/bin/cmake --install /home/robot/Desktop/Session06/Johnny-Answers-Session06/build/my_interfaces
[4.284s] Level 1:colcon.colcon_core.environment:create_environment_scripts_only(my_interfaces)
[4.289s] Level 1:colcon.colcon_core.environment:checking '/home/robot/Desktop/Session06/Johnny-Answers-Session06/install/my_interfaces' for CMake module files
[4.293s] DEBUG:colcon.colcon_core.event_handler.log_command:Invoked command in '/home/robot/Desktop/Session06/Johnny-Answers-Session06/build/my_interfaces' returned '0': CMAKE_PREFIX_PATH=${CMAKE_PREFIX_PATH}:/home/robot/Desktop/Session06/Johnny-Answers-Session06/install/warehouse_robot:/opt/ros/humble /usr/bin/cmake --install /home/robot/Desktop/Session06/Johnny-Answers-Session06/build/my_interfaces
[4.294s] Level 1:colcon.colcon_core.environment:checking '/home/robot/Desktop/Session06/Johnny-Answers-Session06/install/my_interfaces' for CMake config files
[4.296s] Level 1:colcon.colcon_core.shell:create_environment_hook('my_interfaces', 'cmake_prefix_path')
[4.296s] INFO:colcon.colcon_core.shell:Creating environment hook '/home/robot/Desktop/Session06/Johnny-Answers-Session06/install/my_interfaces/share/my_interfaces/hook/cmake_prefix_path.ps1'
[4.297s] INFO:colcon.colcon_core.shell:Creating environment descriptor '/home/robot/Desktop/Session06/Johnny-Answers-Session06/install/my_interfaces/share/my_interfaces/hook/cmake_prefix_path.dsv'
[4.298s] INFO:colcon.colcon_core.shell:Creating environment hook '/home/robot/Desktop/Session06/Johnny-Answers-Session06/install/my_interfaces/share/my_interfaces/hook/cmake_prefix_path.sh'
[4.300s] Level 1:colcon.colcon_core.environment:checking '/home/robot/Desktop/Session06/Johnny-Answers-Session06/install/my_interfaces/lib'
[4.300s] Level 1:colcon.colcon_core.shell:create_environment_hook('my_interfaces', 'ld_library_path_lib')
[4.301s] INFO:colcon.colcon_core.shell:Creating environment hook '/home/robot/Desktop/Session06/Johnny-Answers-Session06/install/my_interfaces/share/my_interfaces/hook/ld_library_path_lib.ps1'
[4.301s] INFO:colcon.colcon_core.shell:Creating environment descriptor '/home/robot/Desktop/Session06/Johnny-Answers-Session06/install/my_interfaces/share/my_interfaces/hook/ld_library_path_lib.dsv'
[4.302s] INFO:colcon.colcon_core.shell:Creating environment hook '/home/robot/Desktop/Session06/Johnny-Answers-Session06/install/my_interfaces/share/my_interfaces/hook/ld_library_path_lib.sh'
[4.303s] Level 1:colcon.colcon_core.environment:checking '/home/robot/Desktop/Session06/Johnny-Answers-Session06/install/my_interfaces/bin'
[4.303s] Level 1:colcon.colcon_core.environment:checking '/home/robot/Desktop/Session06/Johnny-Answers-Session06/install/my_interfaces/lib/pkgconfig/my_interfaces.pc'
[4.304s] Level 1:colcon.colcon_core.environment:checking '/home/robot/Desktop/Session06/Johnny-Answers-Session06/install/my_interfaces/lib/python3.10/site-packages'
[4.304s] Level 1:colcon.colcon_core.environment:checking '/home/robot/Desktop/Session06/Johnny-Answers-Session06/install/my_interfaces/bin'
[4.305s] INFO:colcon.colcon_core.shell:Creating package script '/home/robot/Desktop/Session06/Johnny-Answers-Session06/install/my_interfaces/share/my_interfaces/package.ps1'
[4.306s] INFO:colcon.colcon_core.shell:Creating package descriptor '/home/robot/Desktop/Session06/Johnny-Answers-Session06/install/my_interfaces/share/my_interfaces/package.dsv'
[4.308s] INFO:colcon.colcon_core.shell:Creating package script '/home/robot/Desktop/Session06/Johnny-Answers-Session06/install/my_interfaces/share/my_interfaces/package.sh'
[4.309s] INFO:colcon.colcon_core.shell:Creating package script '/home/robot/Desktop/Session06/Johnny-Answers-Session06/install/my_interfaces/share/my_interfaces/package.bash'
[4.310s] INFO:colcon.colcon_core.shell:Creating package script '/home/robot/Desktop/Session06/Johnny-Answers-Session06/install/my_interfaces/share/my_interfaces/package.zsh'
[4.313s] Level 1:colcon.colcon_core.environment:create_file_with_runtime_dependencies(/home/robot/Desktop/Session06/Johnny-Answers-Session06/install/my_interfaces/share/colcon-core/packages/my_interfaces)
[4.366s] Level 1:colcon.colcon_core.environment:checking '/home/robot/Desktop/Session06/Johnny-Answers-Session06/install/warehouse_robot' for CMake module files
[4.369s] DEBUG:colcon.colcon_core.event_handler.log_command:Invoked command in '/home/robot/Desktop/Session06/Johnny-Answers-Session06/src/warehouse_robot' returned '0': PYTHONPATH=/home/robot/Desktop/Session06/Johnny-Answers-Session06/build/warehouse_robot/prefix_override:/usr/lib/python3/dist-packages/colcon_core/task/python/colcon_distutils_commands:/home/robot/Desktop/Session06/Johnny-Answers-Session06/install/warehouse_robot/lib/python3.10/site-packages:${PYTHONPATH} /usr/bin/python3 -W ignore:setup.py install is deprecated setup.py egg_info --egg-base ../../build/warehouse_robot build --build-base /home/robot/Desktop/Session06/Johnny-Answers-Session06/build/warehouse_robot/build install --record /home/robot/Desktop/Session06/Johnny-Answers-Session06/build/warehouse_robot/install.log --single-version-externally-managed install_data
[4.370s] Level 1:colcon.colcon_core.environment:checking '/home/robot/Desktop/Session06/Johnny-Answers-Session06/install/warehouse_robot' for CMake config files
[4.374s] Level 1:colcon.colcon_core.environment:checking '/home/robot/Desktop/Session06/Johnny-Answers-Session06/install/warehouse_robot/lib'
[4.375s] Level 1:colcon.colcon_core.environment:checking '/home/robot/Desktop/Session06/Johnny-Answers-Session06/install/warehouse_robot/bin'
[4.375s] Level 1:colcon.colcon_core.environment:checking '/home/robot/Desktop/Session06/Johnny-Answers-Session06/install/warehouse_robot/lib/pkgconfig/warehouse_robot.pc'
[4.376s] Level 1:colcon.colcon_core.environment:checking '/home/robot/Desktop/Session06/Johnny-Answers-Session06/install/warehouse_robot/lib/python3.10/site-packages'
[4.376s] Level 1:colcon.colcon_core.shell:create_environment_hook('warehouse_robot', 'pythonpath')
[4.377s] INFO:colcon.colcon_core.shell:Creating environment hook '/home/robot/Desktop/Session06/Johnny-Answers-Session06/install/warehouse_robot/share/warehouse_robot/hook/pythonpath.ps1'
[4.378s] INFO:colcon.colcon_core.shell:Creating environment descriptor '/home/robot/Desktop/Session06/Johnny-Answers-Session06/install/warehouse_robot/share/warehouse_robot/hook/pythonpath.dsv'
[4.379s] INFO:colcon.colcon_core.shell:Creating environment hook '/home/robot/Desktop/Session06/Johnny-Answers-Session06/install/warehouse_robot/share/warehouse_robot/hook/pythonpath.sh'
[4.380s] Level 1:colcon.colcon_core.environment:checking '/home/robot/Desktop/Session06/Johnny-Answers-Session06/install/warehouse_robot/bin'
[4.380s] Level 1:colcon.colcon_core.environment:create_environment_scripts_only(warehouse_robot)
[4.380s] INFO:colcon.colcon_core.shell:Creating package script '/home/robot/Desktop/Session06/Johnny-Answers-Session06/install/warehouse_robot/share/warehouse_robot/package.ps1'
[4.382s] INFO:colcon.colcon_core.shell:Creating package descriptor '/home/robot/Desktop/Session06/Johnny-Answers-Session06/install/warehouse_robot/share/warehouse_robot/package.dsv'
[4.383s] INFO:colcon.colcon_core.shell:Creating package script '/home/robot/Desktop/Session06/Johnny-Answers-Session06/install/warehouse_robot/share/warehouse_robot/package.sh'
[4.384s] INFO:colcon.colcon_core.shell:Creating package script '/home/robot/Desktop/Session06/Johnny-Answers-Session06/install/warehouse_robot/share/warehouse_robot/package.bash'
[4.385s] INFO:colcon.colcon_core.shell:Creating package script '/home/robot/Desktop/Session06/Johnny-Answers-Session06/install/warehouse_robot/share/warehouse_robot/package.zsh'
[4.385s] Level 1:colcon.colcon_core.environment:create_file_with_runtime_dependencies(/home/robot/Desktop/Session06/Johnny-Answers-Session06/install/warehouse_robot/share/colcon-core/packages/warehouse_robot)
[5.164s] Level 1:colcon.colcon_core.environment:create_environment_scripts_only(my_interfaces)
[5.164s] Level 1:colcon.colcon_core.environment:checking '/home/robot/Desktop/Session06/Johnny-Answers-Session06/install/my_interfaces' for CMake module files
[5.166s] Level 1:colcon.colcon_core.environment:checking '/home/robot/Desktop/Session06/Johnny-Answers-Session06/install/my_interfaces' for CMake config files
[5.169s] Level 1:colcon.colcon_core.shell:create_environment_hook('my_interfaces', 'cmake_prefix_path')
[5.169s] INFO:colcon.colcon_core.shell:Creating environment hook '/home/robot/Desktop/Session06/Johnny-Answers-Session06/install/my_interfaces/share/my_interfaces/hook/cmake_prefix_path.ps1'
[5.171s] INFO:colcon.colcon_core.shell:Creating environment descriptor '/home/robot/Desktop/Session06/Johnny-Answers-Session06/install/my_interfaces/share/my_interfaces/hook/cmake_prefix_path.dsv'
[5.172s] INFO:colcon.colcon_core.shell:Creating environment hook '/home/robot/Desktop/Session06/Johnny-Answers-Session06/install/my_interfaces/share/my_interfaces/hook/cmake_prefix_path.sh'
[5.174s] Level 1:colcon.colcon_core.environment:checking '/home/robot/Desktop/Session06/Johnny-Answers-Session06/install/my_interfaces/lib'
[5.174s] Level 1:colcon.colcon_core.shell:create_environment_hook('my_interfaces', 'ld_library_path_lib')
[5.175s] INFO:colcon.colcon_core.shell:Creating environment hook '/home/robot/Desktop/Session06/Johnny-Answers-Session06/install/my_interfaces/share/my_interfaces/hook/ld_library_path_lib.ps1'
[5.176s] INFO:colcon.colcon_core.shell:Creating environment descriptor '/home/robot/Desktop/Session06/Johnny-Answers-Session06/install/my_interfaces/share/my_interfaces/hook/ld_library_path_lib.dsv'
[5.177s] INFO:colcon.colcon_core.shell:Creating environment hook '/home/robot/Desktop/Session06/Johnny-Answers-Session06/install/my_interfaces/share/my_interfaces/hook/ld_library_path_lib.sh'
[5.178s] Level 1:colcon.colcon_core.environment:checking '/home/robot/Desktop/Session06/Johnny-Answers-Session06/install/my_interfaces/bin'
[5.178s] Level 1:colcon.colcon_core.environment:checking '/home/robot/Desktop/Session06/Johnny-Answers-Session06/install/my_interfaces/lib/pkgconfig/my_interfaces.pc'
[5.179s] Level 1:colcon.colcon_core.environment:checking '/home/robot/Desktop/Session06/Johnny-Answers-Session06/install/my_interfaces/lib/python3.10/site-packages'
[5.179s] Level 1:colcon.colcon_core.environment:checking '/home/robot/Desktop/Session06/Johnny-Answers-Session06/install/my_interfaces/bin'
[5.180s] INFO:colcon.colcon_core.shell:Creating package script '/home/robot/Desktop/Session06/Johnny-Answers-Session06/install/my_interfaces/share/my_interfaces/package.ps1'
[5.181s] INFO:colcon.colcon_core.shell:Creating package descriptor '/home/robot/Desktop/Session06/Johnny-Answers-Session06/install/my_interfaces/share/my_interfaces/package.dsv'
[5.183s] INFO:colcon.colcon_core.shell:Creating package script '/home/robot/Desktop/Session06/Johnny-Answers-Session06/install/my_interfaces/share/my_interfaces/package.sh'
[5.184s] INFO:colcon.colcon_core.shell:Creating package script '/home/robot/Desktop/Session06/Johnny-Answers-Session06/install/my_interfaces/share/my_interfaces/package.bash'
[5.185s] INFO:colcon.colcon_core.shell:Creating package script '/home/robot/Desktop/Session06/Johnny-Answers-Session06/install/my_interfaces/share/my_interfaces/package.zsh'
[5.187s] Level 1:colcon.colcon_core.environment:create_file_with_runtime_dependencies(/home/robot/Desktop/Session06/Johnny-Answers-Session06/install/my_interfaces/share/colcon-core/packages/my_interfaces)
[5.189s] DEBUG:colcon.colcon_parallel_executor.executor.parallel:closing loop
[5.189s] DEBUG:colcon.colcon_parallel_executor.executor.parallel:loop closed
[5.189s] DEBUG:colcon.colcon_parallel_executor.executor.parallel:run_until_complete finished with '0'
[5.189s] DEBUG:colcon.colcon_core.event_reactor:joining thread
[5.208s] INFO:colcon.colcon_core.plugin_system:Skipping extension 'colcon_notification.desktop_notification.terminal_notifier': Not used on non-Darwin systems
[5.208s] INFO:colcon.colcon_core.plugin_system:Skipping extension 'colcon_notification.desktop_notification.win32': Not used on non-Windows systems
[5.208s] INFO:colcon.colcon_notification.desktop_notification:Sending desktop notification using 'notify2'
[5.280s] DEBUG:colcon.colcon_core.event_reactor:joined thread
[5.281s] INFO:colcon.colcon_core.shell:Creating prefix script '/home/robot/Desktop/Session06/Johnny-Answers-Session06/install/local_setup.ps1'
[5.283s] INFO:colcon.colcon_core.shell:Creating prefix util module '/home/robot/Desktop/Session06/Johnny-Answers-Session06/install/_local_setup_util_ps1.py'
[5.286s] INFO:colcon.colcon_core.shell:Creating prefix chain script '/home/robot/Desktop/Session06/Johnny-Answers-Session06/install/setup.ps1'
[5.289s] INFO:colcon.colcon_core.shell:Creating prefix script '/home/robot/Desktop/Session06/Johnny-Answers-Session06/install/local_setup.sh'
[5.291s] INFO:colcon.colcon_core.shell:Creating prefix util module '/home/robot/Desktop/Session06/Johnny-Answers-Session06/install/_local_setup_util_sh.py'
[5.292s] INFO:colcon.colcon_core.shell:Creating prefix chain script '/home/robot/Desktop/Session06/Johnny-Answers-Session06/install/setup.sh'
[5.295s] INFO:colcon.colcon_core.shell:Creating prefix script '/home/robot/Desktop/Session06/Johnny-Answers-Session06/install/local_setup.bash'
[5.296s] INFO:colcon.colcon_core.shell:Creating prefix chain script '/home/robot/Desktop/Session06/Johnny-Answers-Session06/install/setup.bash'
[5.298s] INFO:colcon.colcon_core.shell:Creating prefix script '/home/robot/Desktop/Session06/Johnny-Answers-Session06/install/local_setup.zsh'
[5.299s] INFO:colcon.colcon_core.shell:Creating prefix chain script '/home/robot/Desktop/Session06/Johnny-Answers-Session06/install/setup.zsh'
