[0.058s] Invoking command in '/home/robot/Desktop/Session06/Johnny-Answers-Session06/build/my_interfaces': CMAKE_PREFIX_PATH=/opt/ros/humble /usr/bin/cmake --build /home/robot/Desktop/Session06/Johnny-Answers-Session06/build/my_interfaces -- -j6 -l6
[0.395s] [ 10%] Built target my_interfaces__rosidl_generator_c
[0.424s] [ 12%] Built target my_interfaces__cpp
[0.433s] [ 12%] Built target ament_cmake_python_copy_my_interfaces
[0.502s] [ 23%] Built target my_interfaces__rosidl_typesupport_introspection_c
[0.580s] [ 34%] Built target my_interfaces__rosidl_typesupport_c
[0.594s] [ 44%] Built target my_interfaces__rosidl_typesupport_fastrtps_c
[0.598s] [ 55%] Built target my_interfaces__rosidl_typesupport_fastrtps_cpp
[0.622s] [ 65%] Built target my_interfaces__rosidl_typesupport_introspection_cpp
[0.624s] [ 76%] Built target my_interfaces__rosidl_typesupport_cpp
[0.711s] [ 76%] Built target my_interfaces
[0.795s] [ 78%] Built target my_interfaces__py
[0.902s] [ 87%] Built target my_interfaces__rosidl_generator_py
[1.006s] [ 91%] Built target my_interfaces__rosidl_typesupport_introspection_c__pyext
[1.014s] [ 95%] Built target my_interfaces__rosidl_typesupport_fastrtps_c__pyext
[1.026s] [100%] Built target my_interfaces__rosidl_typesupport_c__pyext
[1.147s] running egg_info
[1.149s] writing my_interfaces.egg-info/PKG-INFO
[1.150s] writing dependency_links to my_interfaces.egg-info/dependency_links.txt
[1.151s] writing top-level names to my_interfaces.egg-info/top_level.txt
[1.160s] reading manifest file 'my_interfaces.egg-info/SOURCES.txt'
[1.162s] writing manifest file 'my_interfaces.egg-info/SOURCES.txt'
[1.214s] [100%] Built target ament_cmake_python_build_my_interfaces_egg
[1.240s] Invoked command in '/home/robot/Desktop/Session06/Johnny-Answers-Session06/build/my_interfaces' returned '0': CMAKE_PREFIX_PATH=/opt/ros/humble /usr/bin/cmake --build /home/robot/Desktop/Session06/Johnny-Answers-Session06/build/my_interfaces -- -j6 -l6
[1.727s] Invoking command in '/home/robot/Desktop/Session06/Johnny-Answers-Session06/build/my_interfaces': CMAKE_PREFIX_PATH=/opt/ros/humble /usr/bin/cmake --install /home/robot/Desktop/Session06/Johnny-Answers-Session06/build/my_interfaces
[1.749s] -- Install configuration: ""
[1.750s] -- Up-to-date: /home/robot/Desktop/Session06/Johnny-Answers-Session06/install/my_interfaces/share/ament_index/resource_index/rosidl_interfaces/my_interfaces
[1.751s] -- Up-to-date: /home/robot/Desktop/Session06/Johnny-Answers-Session06/install/my_interfaces/include/my_interfaces/my_interfaces
[1.751s] -- Up-to-date: /home/robot/Desktop/Session06/Johnny-Answers-Session06/install/my_interfaces/include/my_interfaces/my_interfaces/msg
[1.751s] -- Up-to-date: /home/robot/Desktop/Session06/Johnny-Answers-Session06/install/my_interfaces/include/my_interfaces/my_interfaces/msg/rosidl_generator_c__visibility_control.h
[1.751s] -- Up-to-date: /home/robot/Desktop/Session06/Johnny-Answers-Session06/install/my_interfaces/include/my_interfaces/my_interfaces/action
[1.752s] -- Up-to-date: /home/robot/Desktop/Session06/Johnny-Answers-Session06/install/my_interfaces/include/my_interfaces/my_interfaces/action/detail
[1.752s] -- Up-to-date: /home/robot/Desktop/Session06/Johnny-Answers-Session06/install/my_interfaces/include/my_interfaces/my_interfaces/action/detail/deliver_item__struct.h
[1.752s] -- Up-to-date: /home/robot/Desktop/Session06/Johnny-Answers-Session06/install/my_interfaces/include/my_interfaces/my_interfaces/action/detail/deliver_item__type_support.h
[1.752s] -- Up-to-date: /home/robot/Desktop/Session06/Johnny-Answers-Session06/install/my_interfaces/include/my_interfaces/my_interfaces/action/detail/deliver_item__functions.c
[1.752s] -- Up-to-date: /home/robot/Desktop/Session06/Johnny-Answers-Session06/install/my_interfaces/include/my_interfaces/my_interfaces/action/detail/deliver_item__functions.h
[1.752s] -- Up-to-date: /home/robot/Desktop/Session06/Johnny-Answers-Session06/install/my_interfaces/include/my_interfaces/my_interfaces/action/deliver_item.h
[1.752s] -- Up-to-date: /home/robot/Desktop/Session06/Johnny-Answers-Session06/install/my_interfaces/include/my_interfaces/my_interfaces/srv
[1.753s] -- Up-to-date: /home/robot/Desktop/Session06/Johnny-Answers-Session06/install/my_interfaces/include/my_interfaces/my_interfaces/srv/add_or_update_stock.h
[1.753s] -- Up-to-date: /home/robot/Desktop/Session06/Johnny-Answers-Session06/install/my_interfaces/include/my_interfaces/my_interfaces/srv/detail
[1.753s] -- Up-to-date: /home/robot/Desktop/Session06/Johnny-Answers-Session06/install/my_interfaces/include/my_interfaces/my_interfaces/srv/detail/check_stock__functions.h
[1.753s] -- Up-to-date: /home/robot/Desktop/Session06/Johnny-Answers-Session06/install/my_interfaces/include/my_interfaces/my_interfaces/srv/detail/check_stock__functions.c
[1.753s] -- Up-to-date: /home/robot/Desktop/Session06/Johnny-Answers-Session06/install/my_interfaces/include/my_interfaces/my_interfaces/srv/detail/add_or_update_stock__functions.c
[1.753s] -- Up-to-date: /home/robot/Desktop/Session06/Johnny-Answers-Session06/install/my_interfaces/include/my_interfaces/my_interfaces/srv/detail/add_or_update_stock__struct.h
[1.753s] -- Up-to-date: /home/robot/Desktop/Session06/Johnny-Answers-Session06/install/my_interfaces/include/my_interfaces/my_interfaces/srv/detail/add_or_update_stock__type_support.h
[1.755s] -- Up-to-date: /home/robot/Desktop/Session06/Johnny-Answers-Session06/install/my_interfaces/include/my_interfaces/my_interfaces/srv/detail/check_stock__type_support.h
[1.755s] -- Up-to-date: /home/robot/Desktop/Session06/Johnny-Answers-Session06/install/my_interfaces/include/my_interfaces/my_interfaces/srv/detail/check_stock__struct.h
[1.755s] -- Up-to-date: /home/robot/Desktop/Session06/Johnny-Answers-Session06/install/my_interfaces/include/my_interfaces/my_interfaces/srv/detail/add_or_update_stock__functions.h
[1.755s] -- Up-to-date: /home/robot/Desktop/Session06/Johnny-Answers-Session06/install/my_interfaces/include/my_interfaces/my_interfaces/srv/check_stock.h
[1.756s] -- Up-to-date: /home/robot/Desktop/Session06/Johnny-Answers-Session06/install/my_interfaces/share/my_interfaces/environment/library_path.sh
[1.756s] -- Up-to-date: /home/robot/Desktop/Session06/Johnny-Answers-Session06/install/my_interfaces/share/my_interfaces/environment/library_path.dsv
[1.764s] -- Up-to-date: /home/robot/Desktop/Session06/Johnny-Answers-Session06/install/my_interfaces/lib/libmy_interfaces__rosidl_generator_c.so
[1.764s] -- Up-to-date: /home/robot/Desktop/Session06/Johnny-Answers-Session06/install/my_interfaces/include/my_interfaces/my_interfaces
[1.764s] -- Up-to-date: /home/robot/Desktop/Session06/Johnny-Answers-Session06/install/my_interfaces/include/my_interfaces/my_interfaces/msg
[1.765s] -- Up-to-date: /home/robot/Desktop/Session06/Johnny-Answers-Session06/install/my_interfaces/include/my_interfaces/my_interfaces/msg/rosidl_typesupport_fastrtps_c__visibility_control.h
[1.765s] -- Up-to-date: /home/robot/Desktop/Session06/Johnny-Answers-Session06/install/my_interfaces/include/my_interfaces/my_interfaces/action
[1.765s] -- Up-to-date: /home/robot/Desktop/Session06/Johnny-Answers-Session06/install/my_interfaces/include/my_interfaces/my_interfaces/action/detail
[1.765s] -- Up-to-date: /home/robot/Desktop/Session06/Johnny-Answers-Session06/install/my_interfaces/include/my_interfaces/my_interfaces/action/detail/deliver_item__rosidl_typesupport_fastrtps_c.h
[1.766s] -- Up-to-date: /home/robot/Desktop/Session06/Johnny-Answers-Session06/install/my_interfaces/include/my_interfaces/my_interfaces/srv
[1.766s] -- Up-to-date: /home/robot/Desktop/Session06/Johnny-Answers-Session06/install/my_interfaces/include/my_interfaces/my_interfaces/srv/detail
[1.766s] -- Up-to-date: /home/robot/Desktop/Session06/Johnny-Answers-Session06/install/my_interfaces/include/my_interfaces/my_interfaces/srv/detail/add_or_update_stock__rosidl_typesupport_fastrtps_c.h
[1.766s] -- Up-to-date: /home/robot/Desktop/Session06/Johnny-Answers-Session06/install/my_interfaces/include/my_interfaces/my_interfaces/srv/detail/check_stock__rosidl_typesupport_fastrtps_c.h
[1.770s] -- Up-to-date: /home/robot/Desktop/Session06/Johnny-Answers-Session06/install/my_interfaces/lib/libmy_interfaces__rosidl_typesupport_fastrtps_c.so
[1.770s] -- Up-to-date: /home/robot/Desktop/Session06/Johnny-Answers-Session06/install/my_interfaces/include/my_interfaces/my_interfaces
[1.770s] -- Up-to-date: /home/robot/Desktop/Session06/Johnny-Answers-Session06/install/my_interfaces/include/my_interfaces/my_interfaces/msg
[1.770s] -- Up-to-date: /home/robot/Desktop/Session06/Johnny-Answers-Session06/install/my_interfaces/include/my_interfaces/my_interfaces/msg/rosidl_typesupport_introspection_c__visibility_control.h
[1.771s] -- Up-to-date: /home/robot/Desktop/Session06/Johnny-Answers-Session06/install/my_interfaces/include/my_interfaces/my_interfaces/action
[1.771s] -- Up-to-date: /home/robot/Desktop/Session06/Johnny-Answers-Session06/install/my_interfaces/include/my_interfaces/my_interfaces/action/detail
[1.771s] -- Up-to-date: /home/robot/Desktop/Session06/Johnny-Answers-Session06/install/my_interfaces/include/my_interfaces/my_interfaces/action/detail/deliver_item__type_support.c
[1.771s] -- Up-to-date: /home/robot/Desktop/Session06/Johnny-Answers-Session06/install/my_interfaces/include/my_interfaces/my_interfaces/action/detail/deliver_item__rosidl_typesupport_introspection_c.h
[1.772s] -- Up-to-date: /home/robot/Desktop/Session06/Johnny-Answers-Session06/install/my_interfaces/include/my_interfaces/my_interfaces/srv
[1.772s] -- Up-to-date: /home/robot/Desktop/Session06/Johnny-Answers-Session06/install/my_interfaces/include/my_interfaces/my_interfaces/srv/detail
[1.772s] -- Up-to-date: /home/robot/Desktop/Session06/Johnny-Answers-Session06/install/my_interfaces/include/my_interfaces/my_interfaces/srv/detail/check_stock__rosidl_typesupport_introspection_c.h
[1.772s] -- Up-to-date: /home/robot/Desktop/Session06/Johnny-Answers-Session06/install/my_interfaces/include/my_interfaces/my_interfaces/srv/detail/add_or_update_stock__type_support.c
[1.772s] -- Up-to-date: /home/robot/Desktop/Session06/Johnny-Answers-Session06/install/my_interfaces/include/my_interfaces/my_interfaces/srv/detail/add_or_update_stock__rosidl_typesupport_introspection_c.h
[1.772s] -- Up-to-date: /home/robot/Desktop/Session06/Johnny-Answers-Session06/install/my_interfaces/include/my_interfaces/my_interfaces/srv/detail/check_stock__type_support.c
[1.777s] -- Up-to-date: /home/robot/Desktop/Session06/Johnny-Answers-Session06/install/my_interfaces/lib/libmy_interfaces__rosidl_typesupport_introspection_c.so
[1.782s] -- Up-to-date: /home/robot/Desktop/Session06/Johnny-Answers-Session06/install/my_interfaces/lib/libmy_interfaces__rosidl_typesupport_c.so
[1.782s] -- Up-to-date: /home/robot/Desktop/Session06/Johnny-Answers-Session06/install/my_interfaces/include/my_interfaces/my_interfaces
[1.782s] -- Up-to-date: /home/robot/Desktop/Session06/Johnny-Answers-Session06/install/my_interfaces/include/my_interfaces/my_interfaces/action
[1.783s] -- Up-to-date: /home/robot/Desktop/Session06/Johnny-Answers-Session06/install/my_interfaces/include/my_interfaces/my_interfaces/action/deliver_item.hpp
[1.783s] -- Up-to-date: /home/robot/Desktop/Session06/Johnny-Answers-Session06/install/my_interfaces/include/my_interfaces/my_interfaces/action/detail
[1.783s] -- Up-to-date: /home/robot/Desktop/Session06/Johnny-Answers-Session06/install/my_interfaces/include/my_interfaces/my_interfaces/action/detail/deliver_item__builder.hpp
[1.783s] -- Up-to-date: /home/robot/Desktop/Session06/Johnny-Answers-Session06/install/my_interfaces/include/my_interfaces/my_interfaces/action/detail/deliver_item__struct.hpp
[1.784s] -- Up-to-date: /home/robot/Desktop/Session06/Johnny-Answers-Session06/install/my_interfaces/include/my_interfaces/my_interfaces/action/detail/deliver_item__traits.hpp
[1.784s] -- Up-to-date: /home/robot/Desktop/Session06/Johnny-Answers-Session06/install/my_interfaces/include/my_interfaces/my_interfaces/srv
[1.784s] -- Up-to-date: /home/robot/Desktop/Session06/Johnny-Answers-Session06/install/my_interfaces/include/my_interfaces/my_interfaces/srv/detail
[1.784s] -- Up-to-date: /home/robot/Desktop/Session06/Johnny-Answers-Session06/install/my_interfaces/include/my_interfaces/my_interfaces/srv/detail/check_stock__traits.hpp
[1.784s] -- Up-to-date: /home/robot/Desktop/Session06/Johnny-Answers-Session06/install/my_interfaces/include/my_interfaces/my_interfaces/srv/detail/add_or_update_stock__struct.hpp
[1.784s] -- Up-to-date: /home/robot/Desktop/Session06/Johnny-Answers-Session06/install/my_interfaces/include/my_interfaces/my_interfaces/srv/detail/add_or_update_stock__traits.hpp
[1.784s] -- Up-to-date: /home/robot/Desktop/Session06/Johnny-Answers-Session06/install/my_interfaces/include/my_interfaces/my_interfaces/srv/detail/check_stock__builder.hpp
[1.784s] -- Up-to-date: /home/robot/Desktop/Session06/Johnny-Answers-Session06/install/my_interfaces/include/my_interfaces/my_interfaces/srv/detail/check_stock__struct.hpp
[1.785s] -- Up-to-date: /home/robot/Desktop/Session06/Johnny-Answers-Session06/install/my_interfaces/include/my_interfaces/my_interfaces/srv/detail/add_or_update_stock__builder.hpp
[1.785s] -- Up-to-date: /home/robot/Desktop/Session06/Johnny-Answers-Session06/install/my_interfaces/include/my_interfaces/my_interfaces/srv/add_or_update_stock.hpp
[1.785s] -- Up-to-date: /home/robot/Desktop/Session06/Johnny-Answers-Session06/install/my_interfaces/include/my_interfaces/my_interfaces/srv/check_stock.hpp
[1.785s] -- Up-to-date: /home/robot/Desktop/Session06/Johnny-Answers-Session06/install/my_interfaces/include/my_interfaces/my_interfaces
[1.785s] -- Up-to-date: /home/robot/Desktop/Session06/Johnny-Answers-Session06/install/my_interfaces/include/my_interfaces/my_interfaces/msg
[1.786s] -- Up-to-date: /home/robot/Desktop/Session06/Johnny-Answers-Session06/install/my_interfaces/include/my_interfaces/my_interfaces/msg/rosidl_typesupport_fastrtps_cpp__visibility_control.h
[1.786s] -- Up-to-date: /home/robot/Desktop/Session06/Johnny-Answers-Session06/install/my_interfaces/include/my_interfaces/my_interfaces/action
[1.786s] -- Up-to-date: /home/robot/Desktop/Session06/Johnny-Answers-Session06/install/my_interfaces/include/my_interfaces/my_interfaces/action/detail
[1.786s] -- Up-to-date: /home/robot/Desktop/Session06/Johnny-Answers-Session06/install/my_interfaces/include/my_interfaces/my_interfaces/action/detail/deliver_item__rosidl_typesupport_fastrtps_cpp.hpp
[1.786s] -- Up-to-date: /home/robot/Desktop/Session06/Johnny-Answers-Session06/install/my_interfaces/include/my_interfaces/my_interfaces/action/detail/dds_fastrtps
[1.787s] -- Up-to-date: /home/robot/Desktop/Session06/Johnny-Answers-Session06/install/my_interfaces/include/my_interfaces/my_interfaces/srv
[1.787s] -- Up-to-date: /home/robot/Desktop/Session06/Johnny-Answers-Session06/install/my_interfaces/include/my_interfaces/my_interfaces/srv/detail
[1.787s] -- Up-to-date: /home/robot/Desktop/Session06/Johnny-Answers-Session06/install/my_interfaces/include/my_interfaces/my_interfaces/srv/detail/add_or_update_stock__rosidl_typesupport_fastrtps_cpp.hpp
[1.787s] -- Up-to-date: /home/robot/Desktop/Session06/Johnny-Answers-Session06/install/my_interfaces/include/my_interfaces/my_interfaces/srv/detail/check_stock__rosidl_typesupport_fastrtps_cpp.hpp
[1.787s] -- Up-to-date: /home/robot/Desktop/Session06/Johnny-Answers-Session06/install/my_interfaces/include/my_interfaces/my_interfaces/srv/detail/dds_fastrtps
[1.788s] -- Up-to-date: /home/robot/Desktop/Session06/Johnny-Answers-Session06/install/my_interfaces/lib/libmy_interfaces__rosidl_typesupport_fastrtps_cpp.so
[1.788s] -- Up-to-date: /home/robot/Desktop/Session06/Johnny-Answers-Session06/install/my_interfaces/include/my_interfaces/my_interfaces
[1.789s] -- Up-to-date: /home/robot/Desktop/Session06/Johnny-Answers-Session06/install/my_interfaces/include/my_interfaces/my_interfaces/action
[1.789s] -- Up-to-date: /home/robot/Desktop/Session06/Johnny-Answers-Session06/install/my_interfaces/include/my_interfaces/my_interfaces/action/detail
[1.789s] -- Up-to-date: /home/robot/Desktop/Session06/Johnny-Answers-Session06/install/my_interfaces/include/my_interfaces/my_interfaces/action/detail/deliver_item__type_support.cpp
[1.789s] -- Up-to-date: /home/robot/Desktop/Session06/Johnny-Answers-Session06/install/my_interfaces/include/my_interfaces/my_interfaces/action/detail/deliver_item__rosidl_typesupport_introspection_cpp.hpp
[1.790s] -- Up-to-date: /home/robot/Desktop/Session06/Johnny-Answers-Session06/install/my_interfaces/include/my_interfaces/my_interfaces/srv
[1.790s] -- Up-to-date: /home/robot/Desktop/Session06/Johnny-Answers-Session06/install/my_interfaces/include/my_interfaces/my_interfaces/srv/detail
[1.790s] -- Up-to-date: /home/robot/Desktop/Session06/Johnny-Answers-Session06/install/my_interfaces/include/my_interfaces/my_interfaces/srv/detail/check_stock__rosidl_typesupport_introspection_cpp.hpp
[1.790s] -- Up-to-date: /home/robot/Desktop/Session06/Johnny-Answers-Session06/install/my_interfaces/include/my_interfaces/my_interfaces/srv/detail/check_stock__type_support.cpp
[1.790s] -- Up-to-date: /home/robot/Desktop/Session06/Johnny-Answers-Session06/install/my_interfaces/include/my_interfaces/my_interfaces/srv/detail/add_or_update_stock__type_support.cpp
[1.790s] -- Up-to-date: /home/robot/Desktop/Session06/Johnny-Answers-Session06/install/my_interfaces/include/my_interfaces/my_interfaces/srv/detail/add_or_update_stock__rosidl_typesupport_introspection_cpp.hpp
[1.795s] -- Up-to-date: /home/robot/Desktop/Session06/Johnny-Answers-Session06/install/my_interfaces/lib/libmy_interfaces__rosidl_typesupport_introspection_cpp.so
[1.803s] -- Up-to-date: /home/robot/Desktop/Session06/Johnny-Answers-Session06/install/my_interfaces/lib/libmy_interfaces__rosidl_typesupport_cpp.so
[1.803s] -- Up-to-date: /home/robot/Desktop/Session06/Johnny-Answers-Session06/install/my_interfaces/share/my_interfaces/environment/pythonpath.sh
[1.803s] -- Up-to-date: /home/robot/Desktop/Session06/Johnny-Answers-Session06/install/my_interfaces/share/my_interfaces/environment/pythonpath.dsv
[1.803s] -- Up-to-date: /home/robot/Desktop/Session06/Johnny-Answers-Session06/install/my_interfaces/local/lib/python3.10/dist-packages/my_interfaces-0.0.0-py3.10.egg-info
[1.804s] -- Installing: /home/robot/Desktop/Session06/Johnny-Answers-Session06/install/my_interfaces/local/lib/python3.10/dist-packages/my_interfaces-0.0.0-py3.10.egg-info/SOURCES.txt
[1.804s] -- Installing: /home/robot/Desktop/Session06/Johnny-Answers-Session06/install/my_interfaces/local/lib/python3.10/dist-packages/my_interfaces-0.0.0-py3.10.egg-info/PKG-INFO
[1.804s] -- Installing: /home/robot/Desktop/Session06/Johnny-Answers-Session06/install/my_interfaces/local/lib/python3.10/dist-packages/my_interfaces-0.0.0-py3.10.egg-info/dependency_links.txt
[1.804s] -- Installing: /home/robot/Desktop/Session06/Johnny-Answers-Session06/install/my_interfaces/local/lib/python3.10/dist-packages/my_interfaces-0.0.0-py3.10.egg-info/top_level.txt
[1.804s] -- Up-to-date: /home/robot/Desktop/Session06/Johnny-Answers-Session06/install/my_interfaces/local/lib/python3.10/dist-packages/my_interfaces
[1.805s] -- Up-to-date: /home/robot/Desktop/Session06/Johnny-Answers-Session06/install/my_interfaces/local/lib/python3.10/dist-packages/my_interfaces/_my_interfaces_s.ep.rosidl_typesupport_introspection_c.c
[1.805s] -- Up-to-date: /home/robot/Desktop/Session06/Johnny-Answers-Session06/install/my_interfaces/local/lib/python3.10/dist-packages/my_interfaces/_my_interfaces_s.ep.rosidl_typesupport_fastrtps_c.c
[1.805s] -- Up-to-date: /home/robot/Desktop/Session06/Johnny-Answers-Session06/install/my_interfaces/local/lib/python3.10/dist-packages/my_interfaces/my_interfaces_s__rosidl_typesupport_c.cpython-310-x86_64-linux-gnu.so
[1.805s] -- Up-to-date: /home/robot/Desktop/Session06/Johnny-Answers-Session06/install/my_interfaces/local/lib/python3.10/dist-packages/my_interfaces/my_interfaces_s__rosidl_typesupport_fastrtps_c.cpython-310-x86_64-linux-gnu.so
[1.805s] -- Up-to-date: /home/robot/Desktop/Session06/Johnny-Answers-Session06/install/my_interfaces/local/lib/python3.10/dist-packages/my_interfaces/_my_interfaces_s.ep.rosidl_typesupport_c.c
[1.806s] -- Up-to-date: /home/robot/Desktop/Session06/Johnny-Answers-Session06/install/my_interfaces/local/lib/python3.10/dist-packages/my_interfaces/action
[1.806s] -- Up-to-date: /home/robot/Desktop/Session06/Johnny-Answers-Session06/install/my_interfaces/local/lib/python3.10/dist-packages/my_interfaces/action/_deliver_item.py
[1.806s] -- Up-to-date: /home/robot/Desktop/Session06/Johnny-Answers-Session06/install/my_interfaces/local/lib/python3.10/dist-packages/my_interfaces/action/_deliver_item_s.c
[1.806s] -- Up-to-date: /home/robot/Desktop/Session06/Johnny-Answers-Session06/install/my_interfaces/local/lib/python3.10/dist-packages/my_interfaces/action/__init__.py
[1.806s] -- Up-to-date: /home/robot/Desktop/Session06/Johnny-Answers-Session06/install/my_interfaces/local/lib/python3.10/dist-packages/my_interfaces/libmy_interfaces__rosidl_generator_py.so
[1.806s] -- Up-to-date: /home/robot/Desktop/Session06/Johnny-Answers-Session06/install/my_interfaces/local/lib/python3.10/dist-packages/my_interfaces/my_interfaces_s__rosidl_typesupport_introspection_c.cpython-310-x86_64-linux-gnu.so
[1.806s] -- Up-to-date: /home/robot/Desktop/Session06/Johnny-Answers-Session06/install/my_interfaces/local/lib/python3.10/dist-packages/my_interfaces/__init__.py
[1.807s] -- Up-to-date: /home/robot/Desktop/Session06/Johnny-Answers-Session06/install/my_interfaces/local/lib/python3.10/dist-packages/my_interfaces/srv
[1.807s] -- Up-to-date: /home/robot/Desktop/Session06/Johnny-Answers-Session06/install/my_interfaces/local/lib/python3.10/dist-packages/my_interfaces/srv/_check_stock.py
[1.807s] -- Up-to-date: /home/robot/Desktop/Session06/Johnny-Answers-Session06/install/my_interfaces/local/lib/python3.10/dist-packages/my_interfaces/srv/_add_or_update_stock_s.c
[1.807s] -- Up-to-date: /home/robot/Desktop/Session06/Johnny-Answers-Session06/install/my_interfaces/local/lib/python3.10/dist-packages/my_interfaces/srv/_check_stock_s.c
[1.807s] -- Up-to-date: /home/robot/Desktop/Session06/Johnny-Answers-Session06/install/my_interfaces/local/lib/python3.10/dist-packages/my_interfaces/srv/__init__.py
[1.807s] -- Up-to-date: /home/robot/Desktop/Session06/Johnny-Answers-Session06/install/my_interfaces/local/lib/python3.10/dist-packages/my_interfaces/srv/_add_or_update_stock.py
[1.872s] Listing '/home/robot/Desktop/Session06/Johnny-Answers-Session06/install/my_interfaces/local/lib/python3.10/dist-packages/my_interfaces'...
[1.872s] Listing '/home/robot/Desktop/Session06/Johnny-Answers-Session06/install/my_interfaces/local/lib/python3.10/dist-packages/my_interfaces/action'...
[1.872s] Listing '/home/robot/Desktop/Session06/Johnny-Answers-Session06/install/my_interfaces/local/lib/python3.10/dist-packages/my_interfaces/srv'...
[1.882s] -- Up-to-date: /home/robot/Desktop/Session06/Johnny-Answers-Session06/install/my_interfaces/local/lib/python3.10/dist-packages/my_interfaces/my_interfaces_s__rosidl_typesupport_fastrtps_c.cpython-310-x86_64-linux-gnu.so
[1.885s] -- Up-to-date: /home/robot/Desktop/Session06/Johnny-Answers-Session06/install/my_interfaces/local/lib/python3.10/dist-packages/my_interfaces/my_interfaces_s__rosidl_typesupport_introspection_c.cpython-310-x86_64-linux-gnu.so
[1.888s] -- Up-to-date: /home/robot/Desktop/Session06/Johnny-Answers-Session06/install/my_interfaces/local/lib/python3.10/dist-packages/my_interfaces/my_interfaces_s__rosidl_typesupport_c.cpython-310-x86_64-linux-gnu.so
[1.891s] -- Up-to-date: /home/robot/Desktop/Session06/Johnny-Answers-Session06/install/my_interfaces/lib/libmy_interfaces__rosidl_generator_py.so
[1.891s] -- Up-to-date: /home/robot/Desktop/Session06/Johnny-Answers-Session06/install/my_interfaces/share/my_interfaces/action/DeliverItem.idl
[1.892s] -- Up-to-date: /home/robot/Desktop/Session06/Johnny-Answers-Session06/install/my_interfaces/share/my_interfaces/srv/CheckStock.idl
[1.892s] -- Up-to-date: /home/robot/Desktop/Session06/Johnny-Answers-Session06/install/my_interfaces/share/my_interfaces/srv/AddOrUpdateStock.idl
[1.892s] -- Up-to-date: /home/robot/Desktop/Session06/Johnny-Answers-Session06/install/my_interfaces/share/my_interfaces/action/DeliverItem.action
[1.892s] -- Up-to-date: /home/robot/Desktop/Session06/Johnny-Answers-Session06/install/my_interfaces/share/my_interfaces/srv/CheckStock.srv
[1.893s] -- Up-to-date: /home/robot/Desktop/Session06/Johnny-Answers-Session06/install/my_interfaces/share/my_interfaces/srv/CheckStock_Request.msg
[1.893s] -- Up-to-date: /home/robot/Desktop/Session06/Johnny-Answers-Session06/install/my_interfaces/share/my_interfaces/srv/CheckStock_Response.msg
[1.893s] -- Up-to-date: /home/robot/Desktop/Session06/Johnny-Answers-Session06/install/my_interfaces/share/my_interfaces/srv/AddOrUpdateStock.srv
[1.893s] -- Up-to-date: /home/robot/Desktop/Session06/Johnny-Answers-Session06/install/my_interfaces/share/my_interfaces/srv/AddOrUpdateStock_Request.msg
[1.893s] -- Up-to-date: /home/robot/Desktop/Session06/Johnny-Answers-Session06/install/my_interfaces/share/my_interfaces/srv/AddOrUpdateStock_Response.msg
[1.894s] -- Up-to-date: /home/robot/Desktop/Session06/Johnny-Answers-Session06/install/my_interfaces/share/ament_index/resource_index/package_run_dependencies/my_interfaces
[1.894s] -- Up-to-date: /home/robot/Desktop/Session06/Johnny-Answers-Session06/install/my_interfaces/share/ament_index/resource_index/parent_prefix_path/my_interfaces
[1.894s] -- Up-to-date: /home/robot/Desktop/Session06/Johnny-Answers-Session06/install/my_interfaces/share/my_interfaces/environment/ament_prefix_path.sh
[1.894s] -- Up-to-date: /home/robot/Desktop/Session06/Johnny-Answers-Session06/install/my_interfaces/share/my_interfaces/environment/ament_prefix_path.dsv
[1.894s] -- Up-to-date: /home/robot/Desktop/Session06/Johnny-Answers-Session06/install/my_interfaces/share/my_interfaces/environment/path.sh
[1.895s] -- Up-to-date: /home/robot/Desktop/Session06/Johnny-Answers-Session06/install/my_interfaces/share/my_interfaces/environment/path.dsv
[1.895s] -- Up-to-date: /home/robot/Desktop/Session06/Johnny-Answers-Session06/install/my_interfaces/share/my_interfaces/local_setup.bash
[1.895s] -- Up-to-date: /home/robot/Desktop/Session06/Johnny-Answers-Session06/install/my_interfaces/share/my_interfaces/local_setup.sh
[1.895s] -- Up-to-date: /home/robot/Desktop/Session06/Johnny-Answers-Session06/install/my_interfaces/share/my_interfaces/local_setup.zsh
[1.896s] -- Up-to-date: /home/robot/Desktop/Session06/Johnny-Answers-Session06/install/my_interfaces/share/my_interfaces/local_setup.dsv
[1.896s] -- Installing: /home/robot/Desktop/Session06/Johnny-Answers-Session06/install/my_interfaces/share/my_interfaces/package.dsv
[1.896s] -- Up-to-date: /home/robot/Desktop/Session06/Johnny-Answers-Session06/install/my_interfaces/share/ament_index/resource_index/packages/my_interfaces
[1.900s] -- Up-to-date: /home/robot/Desktop/Session06/Johnny-Answers-Session06/install/my_interfaces/share/my_interfaces/cmake/export_my_interfaces__rosidl_generator_cExport.cmake
[1.900s] -- Up-to-date: /home/robot/Desktop/Session06/Johnny-Answers-Session06/install/my_interfaces/share/my_interfaces/cmake/export_my_interfaces__rosidl_generator_cExport-noconfig.cmake
[1.904s] -- Up-to-date: /home/robot/Desktop/Session06/Johnny-Answers-Session06/install/my_interfaces/share/my_interfaces/cmake/export_my_interfaces__rosidl_typesupport_fastrtps_cExport.cmake
[1.904s] -- Up-to-date: /home/robot/Desktop/Session06/Johnny-Answers-Session06/install/my_interfaces/share/my_interfaces/cmake/export_my_interfaces__rosidl_typesupport_fastrtps_cExport-noconfig.cmake
[1.906s] -- Up-to-date: /home/robot/Desktop/Session06/Johnny-Answers-Session06/install/my_interfaces/share/my_interfaces/cmake/my_interfaces__rosidl_typesupport_introspection_cExport.cmake
[1.906s] -- Up-to-date: /home/robot/Desktop/Session06/Johnny-Answers-Session06/install/my_interfaces/share/my_interfaces/cmake/my_interfaces__rosidl_typesupport_introspection_cExport-noconfig.cmake
[1.909s] -- Up-to-date: /home/robot/Desktop/Session06/Johnny-Answers-Session06/install/my_interfaces/share/my_interfaces/cmake/my_interfaces__rosidl_typesupport_cExport.cmake
[1.909s] -- Up-to-date: /home/robot/Desktop/Session06/Johnny-Answers-Session06/install/my_interfaces/share/my_interfaces/cmake/my_interfaces__rosidl_typesupport_cExport-noconfig.cmake
[1.911s] -- Up-to-date: /home/robot/Desktop/Session06/Johnny-Answers-Session06/install/my_interfaces/share/my_interfaces/cmake/export_my_interfaces__rosidl_generator_cppExport.cmake
[1.912s] -- Up-to-date: /home/robot/Desktop/Session06/Johnny-Answers-Session06/install/my_interfaces/share/my_interfaces/cmake/export_my_interfaces__rosidl_typesupport_fastrtps_cppExport.cmake
[1.912s] -- Up-to-date: /home/robot/Desktop/Session06/Johnny-Answers-Session06/install/my_interfaces/share/my_interfaces/cmake/export_my_interfaces__rosidl_typesupport_fastrtps_cppExport-noconfig.cmake
[1.915s] -- Up-to-date: /home/robot/Desktop/Session06/Johnny-Answers-Session06/install/my_interfaces/share/my_interfaces/cmake/my_interfaces__rosidl_typesupport_introspection_cppExport.cmake
[1.916s] -- Up-to-date: /home/robot/Desktop/Session06/Johnny-Answers-Session06/install/my_interfaces/share/my_interfaces/cmake/my_interfaces__rosidl_typesupport_introspection_cppExport-noconfig.cmake
[1.920s] -- Up-to-date: /home/robot/Desktop/Session06/Johnny-Answers-Session06/install/my_interfaces/share/my_interfaces/cmake/my_interfaces__rosidl_typesupport_cppExport.cmake
[1.920s] -- Up-to-date: /home/robot/Desktop/Session06/Johnny-Answers-Session06/install/my_interfaces/share/my_interfaces/cmake/my_interfaces__rosidl_typesupport_cppExport-noconfig.cmake
[1.922s] -- Up-to-date: /home/robot/Desktop/Session06/Johnny-Answers-Session06/install/my_interfaces/share/my_interfaces/cmake/export_my_interfaces__rosidl_generator_pyExport.cmake
[1.922s] -- Up-to-date: /home/robot/Desktop/Session06/Johnny-Answers-Session06/install/my_interfaces/share/my_interfaces/cmake/export_my_interfaces__rosidl_generator_pyExport-noconfig.cmake
[1.923s] -- Up-to-date: /home/robot/Desktop/Session06/Johnny-Answers-Session06/install/my_interfaces/share/my_interfaces/cmake/rosidl_cmake-extras.cmake
[1.923s] -- Up-to-date: /home/robot/Desktop/Session06/Johnny-Answers-Session06/install/my_interfaces/share/my_interfaces/cmake/ament_cmake_export_dependencies-extras.cmake
[1.923s] -- Up-to-date: /home/robot/Desktop/Session06/Johnny-Answers-Session06/install/my_interfaces/share/my_interfaces/cmake/ament_cmake_export_include_directories-extras.cmake
[1.923s] -- Up-to-date: /home/robot/Desktop/Session06/Johnny-Answers-Session06/install/my_interfaces/share/my_interfaces/cmake/ament_cmake_export_libraries-extras.cmake
[1.923s] -- Up-to-date: /home/robot/Desktop/Session06/Johnny-Answers-Session06/install/my_interfaces/share/my_interfaces/cmake/ament_cmake_export_targets-extras.cmake
[1.924s] -- Up-to-date: /home/robot/Desktop/Session06/Johnny-Answers-Session06/install/my_interfaces/share/my_interfaces/cmake/rosidl_cmake_export_typesupport_targets-extras.cmake
[1.924s] -- Up-to-date: /home/robot/Desktop/Session06/Johnny-Answers-Session06/install/my_interfaces/share/my_interfaces/cmake/rosidl_cmake_export_typesupport_libraries-extras.cmake
[1.924s] -- Up-to-date: /home/robot/Desktop/Session06/Johnny-Answers-Session06/install/my_interfaces/share/my_interfaces/cmake/my_interfacesConfig.cmake
[1.924s] -- Up-to-date: /home/robot/Desktop/Session06/Johnny-Answers-Session06/install/my_interfaces/share/my_interfaces/cmake/my_interfacesConfig-version.cmake
[1.924s] -- Up-to-date: /home/robot/Desktop/Session06/Johnny-Answers-Session06/install/my_interfaces/share/my_interfaces/package.xml
[1.929s] Invoked command in '/home/robot/Desktop/Session06/Johnny-Answers-Session06/build/my_interfaces' returned '0': CMAKE_PREFIX_PATH=/opt/ros/humble /usr/bin/cmake --install /home/robot/Desktop/Session06/Johnny-Answers-Session06/build/my_interfaces
