[0.047s] Invoking command in '/home/robot/Desktop/Session06/Johnny-Answers-Session06/build/my_interfaces': CMAKE_PREFIX_PATH=${CMAKE_PREFIX_PATH}:/home/robot/Desktop/Session06/Johnny-Answers-Session06/install/warehouse_robot:/opt/ros/humble /usr/bin/cmake --build /home/robot/Desktop/Session06/Johnny-Answers-Session06/build/my_interfaces -- -j6 -l6
[0.195s] [  2%] Built target my_interfaces__cpp
[0.200s] [ 12%] Built target my_interfaces__rosidl_generator_c
[0.252s] [ 12%] Built target ament_cmake_python_copy_my_interfaces
[0.295s] [ 23%] Built target my_interfaces__rosidl_typesupport_fastrtps_cpp
[0.301s] [ 34%] Built target my_interfaces__rosidl_typesupport_cpp
[0.303s] [ 44%] Built target my_interfaces__rosidl_typesupport_introspection_cpp
[0.337s] [ 55%] Built target my_interfaces__rosidl_typesupport_fastrtps_c
[0.369s] [ 65%] Built target my_interfaces__rosidl_typesupport_c
[0.370s] [ 76%] Built target my_interfaces__rosidl_typesupport_introspection_c
[0.425s] [ 76%] Built target my_interfaces
[0.487s] [ 78%] Built target my_interfaces__py
[0.554s] [ 87%] Built target my_interfaces__rosidl_generator_py
[0.642s] [ 91%] Built target my_interfaces__rosidl_typesupport_introspection_c__pyext
[0.643s] [ 95%] Built target my_interfaces__rosidl_typesupport_c__pyext
[0.643s] [100%] Built target my_interfaces__rosidl_typesupport_fastrtps_c__pyext
[0.823s] running egg_info
[0.824s] writing my_interfaces.egg-info/PKG-INFO
[0.826s] writing dependency_links to my_interfaces.egg-info/dependency_links.txt
[0.826s] writing top-level names to my_interfaces.egg-info/top_level.txt
[0.833s] reading manifest file 'my_interfaces.egg-info/SOURCES.txt'
[0.850s] writing manifest file 'my_interfaces.egg-info/SOURCES.txt'
[0.895s] [100%] Built target ament_cmake_python_build_my_interfaces_egg
[0.973s] Invoked command in '/home/robot/Desktop/Session06/Johnny-Answers-Session06/build/my_interfaces' returned '0': CMAKE_PREFIX_PATH=${CMAKE_PREFIX_PATH}:/home/robot/Desktop/Session06/Johnny-Answers-Session06/install/warehouse_robot:/opt/ros/humble /usr/bin/cmake --build /home/robot/Desktop/Session06/Johnny-Answers-Session06/build/my_interfaces -- -j6 -l6
[1.457s] Invoking command in '/home/robot/Desktop/Session06/Johnny-Answers-Session06/build/my_interfaces': CMAKE_PREFIX_PATH=${CMAKE_PREFIX_PATH}:/home/robot/Desktop/Session06/Johnny-Answers-Session06/install/warehouse_robot:/opt/ros/humble /usr/bin/cmake --install /home/robot/Desktop/Session06/Johnny-Answers-Session06/build/my_interfaces
[1.476s] -- Install configuration: ""
[1.476s] -- Up-to-date: /home/robot/Desktop/Session06/Johnny-Answers-Session06/install/my_interfaces/share/ament_index/resource_index/rosidl_interfaces/my_interfaces
[1.477s] -- Up-to-date: /home/robot/Desktop/Session06/Johnny-Answers-Session06/install/my_interfaces/include/my_interfaces/my_interfaces
[1.478s] -- Up-to-date: /home/robot/Desktop/Session06/Johnny-Answers-Session06/install/my_interfaces/include/my_interfaces/my_interfaces/msg
[1.478s] -- Up-to-date: /home/robot/Desktop/Session06/Johnny-Answers-Session06/install/my_interfaces/include/my_interfaces/my_interfaces/msg/rosidl_generator_c__visibility_control.h
[1.479s] -- Up-to-date: /home/robot/Desktop/Session06/Johnny-Answers-Session06/install/my_interfaces/include/my_interfaces/my_interfaces/action
[1.479s] -- Up-to-date: /home/robot/Desktop/Session06/Johnny-Answers-Session06/install/my_interfaces/include/my_interfaces/my_interfaces/action/detail
[1.481s] -- Up-to-date: /home/robot/Desktop/Session06/Johnny-Answers-Session06/install/my_interfaces/include/my_interfaces/my_interfaces/action/detail/deliver_item__struct.h
[1.481s] -- Up-to-date: /home/robot/Desktop/Session06/Johnny-Answers-Session06/install/my_interfaces/include/my_interfaces/my_interfaces/action/detail/deliver_item__type_support.h
[1.481s] -- Up-to-date: /home/robot/Desktop/Session06/Johnny-Answers-Session06/install/my_interfaces/include/my_interfaces/my_interfaces/action/detail/deliver_item__functions.c
[1.481s] -- Up-to-date: /home/robot/Desktop/Session06/Johnny-Answers-Session06/install/my_interfaces/include/my_interfaces/my_interfaces/action/detail/deliver_item__functions.h
[1.482s] -- Up-to-date: /home/robot/Desktop/Session06/Johnny-Answers-Session06/install/my_interfaces/include/my_interfaces/my_interfaces/action/deliver_item.h
[1.482s] -- Up-to-date: /home/robot/Desktop/Session06/Johnny-Answers-Session06/install/my_interfaces/include/my_interfaces/my_interfaces/srv
[1.482s] -- Up-to-date: /home/robot/Desktop/Session06/Johnny-Answers-Session06/install/my_interfaces/include/my_interfaces/my_interfaces/srv/add_or_update_stock.h
[1.482s] -- Up-to-date: /home/robot/Desktop/Session06/Johnny-Answers-Session06/install/my_interfaces/include/my_interfaces/my_interfaces/srv/detail
[1.484s] -- Up-to-date: /home/robot/Desktop/Session06/Johnny-Answers-Session06/install/my_interfaces/include/my_interfaces/my_interfaces/srv/detail/check_stock__functions.h
[1.484s] -- Up-to-date: /home/robot/Desktop/Session06/Johnny-Answers-Session06/install/my_interfaces/include/my_interfaces/my_interfaces/srv/detail/check_stock__functions.c
[1.484s] -- Up-to-date: /home/robot/Desktop/Session06/Johnny-Answers-Session06/install/my_interfaces/include/my_interfaces/my_interfaces/srv/detail/add_or_update_stock__functions.c
[1.484s] -- Up-to-date: /home/robot/Desktop/Session06/Johnny-Answers-Session06/install/my_interfaces/include/my_interfaces/my_interfaces/srv/detail/add_or_update_stock__struct.h
[1.484s] -- Up-to-date: /home/robot/Desktop/Session06/Johnny-Answers-Session06/install/my_interfaces/include/my_interfaces/my_interfaces/srv/detail/add_or_update_stock__type_support.h
[1.484s] -- Up-to-date: /home/robot/Desktop/Session06/Johnny-Answers-Session06/install/my_interfaces/include/my_interfaces/my_interfaces/srv/detail/check_stock__type_support.h
[1.485s] -- Up-to-date: /home/robot/Desktop/Session06/Johnny-Answers-Session06/install/my_interfaces/include/my_interfaces/my_interfaces/srv/detail/check_stock__struct.h
[1.486s] -- Up-to-date: /home/robot/Desktop/Session06/Johnny-Answers-Session06/install/my_interfaces/include/my_interfaces/my_interfaces/srv/detail/add_or_update_stock__functions.h
[1.486s] -- Up-to-date: /home/robot/Desktop/Session06/Johnny-Answers-Session06/install/my_interfaces/include/my_interfaces/my_interfaces/srv/check_stock.h
[1.486s] -- Up-to-date: /home/robot/Desktop/Session06/Johnny-Answers-Session06/install/my_interfaces/share/my_interfaces/environment/library_path.sh
[1.486s] -- Up-to-date: /home/robot/Desktop/Session06/Johnny-Answers-Session06/install/my_interfaces/share/my_interfaces/environment/library_path.dsv
[1.486s] -- Up-to-date: /home/robot/Desktop/Session06/Johnny-Answers-Session06/install/my_interfaces/lib/libmy_interfaces__rosidl_generator_c.so
[1.486s] -- Up-to-date: /home/robot/Desktop/Session06/Johnny-Answers-Session06/install/my_interfaces/include/my_interfaces/my_interfaces
[1.487s] -- Up-to-date: /home/robot/Desktop/Session06/Johnny-Answers-Session06/install/my_interfaces/include/my_interfaces/my_interfaces/msg
[1.487s] -- Up-to-date: /home/robot/Desktop/Session06/Johnny-Answers-Session06/install/my_interfaces/include/my_interfaces/my_interfaces/msg/rosidl_typesupport_fastrtps_c__visibility_control.h
[1.487s] -- Up-to-date: /home/robot/Desktop/Session06/Johnny-Answers-Session06/install/my_interfaces/include/my_interfaces/my_interfaces/action
[1.487s] -- Up-to-date: /home/robot/Desktop/Session06/Johnny-Answers-Session06/install/my_interfaces/include/my_interfaces/my_interfaces/action/detail
[1.487s] -- Up-to-date: /home/robot/Desktop/Session06/Johnny-Answers-Session06/install/my_interfaces/include/my_interfaces/my_interfaces/action/detail/deliver_item__rosidl_typesupport_fastrtps_c.h
[1.487s] -- Up-to-date: /home/robot/Desktop/Session06/Johnny-Answers-Session06/install/my_interfaces/include/my_interfaces/my_interfaces/srv
[1.487s] -- Up-to-date: /home/robot/Desktop/Session06/Johnny-Answers-Session06/install/my_interfaces/include/my_interfaces/my_interfaces/srv/detail
[1.488s] -- Up-to-date: /home/robot/Desktop/Session06/Johnny-Answers-Session06/install/my_interfaces/include/my_interfaces/my_interfaces/srv/detail/add_or_update_stock__rosidl_typesupport_fastrtps_c.h
[1.488s] -- Up-to-date: /home/robot/Desktop/Session06/Johnny-Answers-Session06/install/my_interfaces/include/my_interfaces/my_interfaces/srv/detail/check_stock__rosidl_typesupport_fastrtps_c.h
[1.488s] -- Up-to-date: /home/robot/Desktop/Session06/Johnny-Answers-Session06/install/my_interfaces/lib/libmy_interfaces__rosidl_typesupport_fastrtps_c.so
[1.488s] -- Up-to-date: /home/robot/Desktop/Session06/Johnny-Answers-Session06/install/my_interfaces/include/my_interfaces/my_interfaces
[1.488s] -- Up-to-date: /home/robot/Desktop/Session06/Johnny-Answers-Session06/install/my_interfaces/include/my_interfaces/my_interfaces/msg
[1.488s] -- Up-to-date: /home/robot/Desktop/Session06/Johnny-Answers-Session06/install/my_interfaces/include/my_interfaces/my_interfaces/msg/rosidl_typesupport_introspection_c__visibility_control.h
[1.489s] -- Up-to-date: /home/robot/Desktop/Session06/Johnny-Answers-Session06/install/my_interfaces/include/my_interfaces/my_interfaces/action
[1.489s] -- Up-to-date: /home/robot/Desktop/Session06/Johnny-Answers-Session06/install/my_interfaces/include/my_interfaces/my_interfaces/action/detail
[1.489s] -- Up-to-date: /home/robot/Desktop/Session06/Johnny-Answers-Session06/install/my_interfaces/include/my_interfaces/my_interfaces/action/detail/deliver_item__type_support.c
[1.489s] -- Up-to-date: /home/robot/Desktop/Session06/Johnny-Answers-Session06/install/my_interfaces/include/my_interfaces/my_interfaces/action/detail/deliver_item__rosidl_typesupport_introspection_c.h
[1.489s] -- Up-to-date: /home/robot/Desktop/Session06/Johnny-Answers-Session06/install/my_interfaces/include/my_interfaces/my_interfaces/srv
[1.489s] -- Up-to-date: /home/robot/Desktop/Session06/Johnny-Answers-Session06/install/my_interfaces/include/my_interfaces/my_interfaces/srv/detail
[1.490s] -- Up-to-date: /home/robot/Desktop/Session06/Johnny-Answers-Session06/install/my_interfaces/include/my_interfaces/my_interfaces/srv/detail/check_stock__rosidl_typesupport_introspection_c.h
[1.490s] -- Up-to-date: /home/robot/Desktop/Session06/Johnny-Answers-Session06/install/my_interfaces/include/my_interfaces/my_interfaces/srv/detail/add_or_update_stock__type_support.c
[1.490s] -- Up-to-date: /home/robot/Desktop/Session06/Johnny-Answers-Session06/install/my_interfaces/include/my_interfaces/my_interfaces/srv/detail/add_or_update_stock__rosidl_typesupport_introspection_c.h
[1.490s] -- Up-to-date: /home/robot/Desktop/Session06/Johnny-Answers-Session06/install/my_interfaces/include/my_interfaces/my_interfaces/srv/detail/check_stock__type_support.c
[1.491s] -- Up-to-date: /home/robot/Desktop/Session06/Johnny-Answers-Session06/install/my_interfaces/lib/libmy_interfaces__rosidl_typesupport_introspection_c.so
[1.491s] -- Up-to-date: /home/robot/Desktop/Session06/Johnny-Answers-Session06/install/my_interfaces/lib/libmy_interfaces__rosidl_typesupport_c.so
[1.491s] -- Up-to-date: /home/robot/Desktop/Session06/Johnny-Answers-Session06/install/my_interfaces/include/my_interfaces/my_interfaces
[1.491s] -- Up-to-date: /home/robot/Desktop/Session06/Johnny-Answers-Session06/install/my_interfaces/include/my_interfaces/my_interfaces/action
[1.491s] -- Up-to-date: /home/robot/Desktop/Session06/Johnny-Answers-Session06/install/my_interfaces/include/my_interfaces/my_interfaces/action/deliver_item.hpp
[1.491s] -- Up-to-date: /home/robot/Desktop/Session06/Johnny-Answers-Session06/install/my_interfaces/include/my_interfaces/my_interfaces/action/detail
[1.491s] -- Up-to-date: /home/robot/Desktop/Session06/Johnny-Answers-Session06/install/my_interfaces/include/my_interfaces/my_interfaces/action/detail/deliver_item__builder.hpp
[1.492s] -- Up-to-date: /home/robot/Desktop/Session06/Johnny-Answers-Session06/install/my_interfaces/include/my_interfaces/my_interfaces/action/detail/deliver_item__struct.hpp
[1.492s] -- Up-to-date: /home/robot/Desktop/Session06/Johnny-Answers-Session06/install/my_interfaces/include/my_interfaces/my_interfaces/action/detail/deliver_item__traits.hpp
[1.492s] -- Up-to-date: /home/robot/Desktop/Session06/Johnny-Answers-Session06/install/my_interfaces/include/my_interfaces/my_interfaces/srv
[1.492s] -- Up-to-date: /home/robot/Desktop/Session06/Johnny-Answers-Session06/install/my_interfaces/include/my_interfaces/my_interfaces/srv/detail
[1.492s] -- Up-to-date: /home/robot/Desktop/Session06/Johnny-Answers-Session06/install/my_interfaces/include/my_interfaces/my_interfaces/srv/detail/check_stock__traits.hpp
[1.492s] -- Up-to-date: /home/robot/Desktop/Session06/Johnny-Answers-Session06/install/my_interfaces/include/my_interfaces/my_interfaces/srv/detail/add_or_update_stock__struct.hpp
[1.493s] -- Up-to-date: /home/robot/Desktop/Session06/Johnny-Answers-Session06/install/my_interfaces/include/my_interfaces/my_interfaces/srv/detail/add_or_update_stock__traits.hpp
[1.493s] -- Up-to-date: /home/robot/Desktop/Session06/Johnny-Answers-Session06/install/my_interfaces/include/my_interfaces/my_interfaces/srv/detail/check_stock__builder.hpp
[1.493s] -- Up-to-date: /home/robot/Desktop/Session06/Johnny-Answers-Session06/install/my_interfaces/include/my_interfaces/my_interfaces/srv/detail/check_stock__struct.hpp
[1.493s] -- Up-to-date: /home/robot/Desktop/Session06/Johnny-Answers-Session06/install/my_interfaces/include/my_interfaces/my_interfaces/srv/detail/add_or_update_stock__builder.hpp
[1.493s] -- Up-to-date: /home/robot/Desktop/Session06/Johnny-Answers-Session06/install/my_interfaces/include/my_interfaces/my_interfaces/srv/add_or_update_stock.hpp
[1.493s] -- Up-to-date: /home/robot/Desktop/Session06/Johnny-Answers-Session06/install/my_interfaces/include/my_interfaces/my_interfaces/srv/check_stock.hpp
[1.494s] -- Up-to-date: /home/robot/Desktop/Session06/Johnny-Answers-Session06/install/my_interfaces/include/my_interfaces/my_interfaces
[1.494s] -- Up-to-date: /home/robot/Desktop/Session06/Johnny-Answers-Session06/install/my_interfaces/include/my_interfaces/my_interfaces/msg
[1.494s] -- Up-to-date: /home/robot/Desktop/Session06/Johnny-Answers-Session06/install/my_interfaces/include/my_interfaces/my_interfaces/msg/rosidl_typesupport_fastrtps_cpp__visibility_control.h
[1.497s] -- Up-to-date: /home/robot/Desktop/Session06/Johnny-Answers-Session06/install/my_interfaces/include/my_interfaces/my_interfaces/action
[1.498s] -- Up-to-date: /home/robot/Desktop/Session06/Johnny-Answers-Session06/install/my_interfaces/include/my_interfaces/my_interfaces/action/detail
[1.498s] -- Up-to-date: /home/robot/Desktop/Session06/Johnny-Answers-Session06/install/my_interfaces/include/my_interfaces/my_interfaces/action/detail/deliver_item__rosidl_typesupport_fastrtps_cpp.hpp
[1.498s] -- Up-to-date: /home/robot/Desktop/Session06/Johnny-Answers-Session06/install/my_interfaces/include/my_interfaces/my_interfaces/action/detail/dds_fastrtps
[1.498s] -- Up-to-date: /home/robot/Desktop/Session06/Johnny-Answers-Session06/install/my_interfaces/include/my_interfaces/my_interfaces/srv
[1.498s] -- Up-to-date: /home/robot/Desktop/Session06/Johnny-Answers-Session06/install/my_interfaces/include/my_interfaces/my_interfaces/srv/detail
[1.498s] -- Up-to-date: /home/robot/Desktop/Session06/Johnny-Answers-Session06/install/my_interfaces/include/my_interfaces/my_interfaces/srv/detail/add_or_update_stock__rosidl_typesupport_fastrtps_cpp.hpp
[1.498s] -- Up-to-date: /home/robot/Desktop/Session06/Johnny-Answers-Session06/install/my_interfaces/include/my_interfaces/my_interfaces/srv/detail/check_stock__rosidl_typesupport_fastrtps_cpp.hpp
[1.499s] -- Up-to-date: /home/robot/Desktop/Session06/Johnny-Answers-Session06/install/my_interfaces/include/my_interfaces/my_interfaces/srv/detail/dds_fastrtps
[1.499s] -- Up-to-date: /home/robot/Desktop/Session06/Johnny-Answers-Session06/install/my_interfaces/lib/libmy_interfaces__rosidl_typesupport_fastrtps_cpp.so
[1.499s] -- Up-to-date: /home/robot/Desktop/Session06/Johnny-Answers-Session06/install/my_interfaces/include/my_interfaces/my_interfaces
[1.499s] -- Up-to-date: /home/robot/Desktop/Session06/Johnny-Answers-Session06/install/my_interfaces/include/my_interfaces/my_interfaces/action
[1.499s] -- Up-to-date: /home/robot/Desktop/Session06/Johnny-Answers-Session06/install/my_interfaces/include/my_interfaces/my_interfaces/action/detail
[1.499s] -- Up-to-date: /home/robot/Desktop/Session06/Johnny-Answers-Session06/install/my_interfaces/include/my_interfaces/my_interfaces/action/detail/deliver_item__type_support.cpp
[1.499s] -- Up-to-date: /home/robot/Desktop/Session06/Johnny-Answers-Session06/install/my_interfaces/include/my_interfaces/my_interfaces/action/detail/deliver_item__rosidl_typesupport_introspection_cpp.hpp
[1.500s] -- Up-to-date: /home/robot/Desktop/Session06/Johnny-Answers-Session06/install/my_interfaces/include/my_interfaces/my_interfaces/srv
[1.500s] -- Up-to-date: /home/robot/Desktop/Session06/Johnny-Answers-Session06/install/my_interfaces/include/my_interfaces/my_interfaces/srv/detail
[1.500s] -- Up-to-date: /home/robot/Desktop/Session06/Johnny-Answers-Session06/install/my_interfaces/include/my_interfaces/my_interfaces/srv/detail/check_stock__rosidl_typesupport_introspection_cpp.hpp
[1.500s] -- Up-to-date: /home/robot/Desktop/Session06/Johnny-Answers-Session06/install/my_interfaces/include/my_interfaces/my_interfaces/srv/detail/check_stock__type_support.cpp
[1.500s] -- Up-to-date: /home/robot/Desktop/Session06/Johnny-Answers-Session06/install/my_interfaces/include/my_interfaces/my_interfaces/srv/detail/add_or_update_stock__type_support.cpp
[1.506s] -- Up-to-date: /home/robot/Desktop/Session06/Johnny-Answers-Session06/install/my_interfaces/include/my_interfaces/my_interfaces/srv/detail/add_or_update_stock__rosidl_typesupport_introspection_cpp.hpp
[1.506s] -- Up-to-date: /home/robot/Desktop/Session06/Johnny-Answers-Session06/install/my_interfaces/lib/libmy_interfaces__rosidl_typesupport_introspection_cpp.so
[1.506s] -- Up-to-date: /home/robot/Desktop/Session06/Johnny-Answers-Session06/install/my_interfaces/lib/libmy_interfaces__rosidl_typesupport_cpp.so
[1.506s] -- Up-to-date: /home/robot/Desktop/Session06/Johnny-Answers-Session06/install/my_interfaces/share/my_interfaces/environment/pythonpath.sh
[1.506s] -- Up-to-date: /home/robot/Desktop/Session06/Johnny-Answers-Session06/install/my_interfaces/share/my_interfaces/environment/pythonpath.dsv
[1.506s] -- Up-to-date: /home/robot/Desktop/Session06/Johnny-Answers-Session06/install/my_interfaces/local/lib/python3.10/dist-packages/my_interfaces-0.0.0-py3.10.egg-info
[1.507s] -- Installing: /home/robot/Desktop/Session06/Johnny-Answers-Session06/install/my_interfaces/local/lib/python3.10/dist-packages/my_interfaces-0.0.0-py3.10.egg-info/SOURCES.txt
[1.507s] -- Installing: /home/robot/Desktop/Session06/Johnny-Answers-Session06/install/my_interfaces/local/lib/python3.10/dist-packages/my_interfaces-0.0.0-py3.10.egg-info/PKG-INFO
[1.507s] -- Installing: /home/robot/Desktop/Session06/Johnny-Answers-Session06/install/my_interfaces/local/lib/python3.10/dist-packages/my_interfaces-0.0.0-py3.10.egg-info/dependency_links.txt
[1.507s] -- Installing: /home/robot/Desktop/Session06/Johnny-Answers-Session06/install/my_interfaces/local/lib/python3.10/dist-packages/my_interfaces-0.0.0-py3.10.egg-info/top_level.txt
[1.507s] -- Up-to-date: /home/robot/Desktop/Session06/Johnny-Answers-Session06/install/my_interfaces/local/lib/python3.10/dist-packages/my_interfaces
[1.507s] -- Up-to-date: /home/robot/Desktop/Session06/Johnny-Answers-Session06/install/my_interfaces/local/lib/python3.10/dist-packages/my_interfaces/_my_interfaces_s.ep.rosidl_typesupport_introspection_c.c
[1.508s] -- Up-to-date: /home/robot/Desktop/Session06/Johnny-Answers-Session06/install/my_interfaces/local/lib/python3.10/dist-packages/my_interfaces/_my_interfaces_s.ep.rosidl_typesupport_fastrtps_c.c
[1.508s] -- Up-to-date: /home/robot/Desktop/Session06/Johnny-Answers-Session06/install/my_interfaces/local/lib/python3.10/dist-packages/my_interfaces/my_interfaces_s__rosidl_typesupport_c.cpython-310-x86_64-linux-gnu.so
[1.508s] -- Up-to-date: /home/robot/Desktop/Session06/Johnny-Answers-Session06/install/my_interfaces/local/lib/python3.10/dist-packages/my_interfaces/my_interfaces_s__rosidl_typesupport_fastrtps_c.cpython-310-x86_64-linux-gnu.so
[1.508s] -- Up-to-date: /home/robot/Desktop/Session06/Johnny-Answers-Session06/install/my_interfaces/local/lib/python3.10/dist-packages/my_interfaces/_my_interfaces_s.ep.rosidl_typesupport_c.c
[1.508s] -- Up-to-date: /home/robot/Desktop/Session06/Johnny-Answers-Session06/install/my_interfaces/local/lib/python3.10/dist-packages/my_interfaces/action
[1.509s] -- Up-to-date: /home/robot/Desktop/Session06/Johnny-Answers-Session06/install/my_interfaces/local/lib/python3.10/dist-packages/my_interfaces/action/_deliver_item.py
[1.509s] -- Up-to-date: /home/robot/Desktop/Session06/Johnny-Answers-Session06/install/my_interfaces/local/lib/python3.10/dist-packages/my_interfaces/action/_deliver_item_s.c
[1.509s] -- Up-to-date: /home/robot/Desktop/Session06/Johnny-Answers-Session06/install/my_interfaces/local/lib/python3.10/dist-packages/my_interfaces/action/__init__.py
[1.509s] -- Up-to-date: /home/robot/Desktop/Session06/Johnny-Answers-Session06/install/my_interfaces/local/lib/python3.10/dist-packages/my_interfaces/libmy_interfaces__rosidl_generator_py.so
[1.509s] -- Up-to-date: /home/robot/Desktop/Session06/Johnny-Answers-Session06/install/my_interfaces/local/lib/python3.10/dist-packages/my_interfaces/my_interfaces_s__rosidl_typesupport_introspection_c.cpython-310-x86_64-linux-gnu.so
[1.509s] -- Up-to-date: /home/robot/Desktop/Session06/Johnny-Answers-Session06/install/my_interfaces/local/lib/python3.10/dist-packages/my_interfaces/__init__.py
[1.510s] -- Up-to-date: /home/robot/Desktop/Session06/Johnny-Answers-Session06/install/my_interfaces/local/lib/python3.10/dist-packages/my_interfaces/srv
[1.510s] -- Up-to-date: /home/robot/Desktop/Session06/Johnny-Answers-Session06/install/my_interfaces/local/lib/python3.10/dist-packages/my_interfaces/srv/_check_stock.py
[1.510s] -- Up-to-date: /home/robot/Desktop/Session06/Johnny-Answers-Session06/install/my_interfaces/local/lib/python3.10/dist-packages/my_interfaces/srv/_add_or_update_stock_s.c
[1.510s] -- Up-to-date: /home/robot/Desktop/Session06/Johnny-Answers-Session06/install/my_interfaces/local/lib/python3.10/dist-packages/my_interfaces/srv/_check_stock_s.c
[1.510s] -- Up-to-date: /home/robot/Desktop/Session06/Johnny-Answers-Session06/install/my_interfaces/local/lib/python3.10/dist-packages/my_interfaces/srv/__init__.py
[1.510s] -- Up-to-date: /home/robot/Desktop/Session06/Johnny-Answers-Session06/install/my_interfaces/local/lib/python3.10/dist-packages/my_interfaces/srv/_add_or_update_stock.py
[1.557s] Listing '/home/robot/Desktop/Session06/Johnny-Answers-Session06/install/my_interfaces/local/lib/python3.10/dist-packages/my_interfaces'...
[1.557s] Listing '/home/robot/Desktop/Session06/Johnny-Answers-Session06/install/my_interfaces/local/lib/python3.10/dist-packages/my_interfaces/action'...
[1.558s] Listing '/home/robot/Desktop/Session06/Johnny-Answers-Session06/install/my_interfaces/local/lib/python3.10/dist-packages/my_interfaces/srv'...
[1.564s] -- Up-to-date: /home/robot/Desktop/Session06/Johnny-Answers-Session06/install/my_interfaces/local/lib/python3.10/dist-packages/my_interfaces/my_interfaces_s__rosidl_typesupport_fastrtps_c.cpython-310-x86_64-linux-gnu.so
[1.565s] -- Up-to-date: /home/robot/Desktop/Session06/Johnny-Answers-Session06/install/my_interfaces/local/lib/python3.10/dist-packages/my_interfaces/my_interfaces_s__rosidl_typesupport_introspection_c.cpython-310-x86_64-linux-gnu.so
[1.566s] -- Up-to-date: /home/robot/Desktop/Session06/Johnny-Answers-Session06/install/my_interfaces/local/lib/python3.10/dist-packages/my_interfaces/my_interfaces_s__rosidl_typesupport_c.cpython-310-x86_64-linux-gnu.so
[1.568s] -- Up-to-date: /home/robot/Desktop/Session06/Johnny-Answers-Session06/install/my_interfaces/lib/libmy_interfaces__rosidl_generator_py.so
[1.571s] -- Up-to-date: /home/robot/Desktop/Session06/Johnny-Answers-Session06/install/my_interfaces/share/my_interfaces/action/DeliverItem.idl
[1.571s] -- Up-to-date: /home/robot/Desktop/Session06/Johnny-Answers-Session06/install/my_interfaces/share/my_interfaces/srv/CheckStock.idl
[1.572s] -- Up-to-date: /home/robot/Desktop/Session06/Johnny-Answers-Session06/install/my_interfaces/share/my_interfaces/srv/AddOrUpdateStock.idl
[1.572s] -- Up-to-date: /home/robot/Desktop/Session06/Johnny-Answers-Session06/install/my_interfaces/share/my_interfaces/action/DeliverItem.action
[1.572s] -- Up-to-date: /home/robot/Desktop/Session06/Johnny-Answers-Session06/install/my_interfaces/share/my_interfaces/srv/CheckStock.srv
[1.572s] -- Up-to-date: /home/robot/Desktop/Session06/Johnny-Answers-Session06/install/my_interfaces/share/my_interfaces/srv/CheckStock_Request.msg
[1.572s] -- Up-to-date: /home/robot/Desktop/Session06/Johnny-Answers-Session06/install/my_interfaces/share/my_interfaces/srv/CheckStock_Response.msg
[1.572s] -- Up-to-date: /home/robot/Desktop/Session06/Johnny-Answers-Session06/install/my_interfaces/share/my_interfaces/srv/AddOrUpdateStock.srv
[1.573s] -- Up-to-date: /home/robot/Desktop/Session06/Johnny-Answers-Session06/install/my_interfaces/share/my_interfaces/srv/AddOrUpdateStock_Request.msg
[1.573s] -- Up-to-date: /home/robot/Desktop/Session06/Johnny-Answers-Session06/install/my_interfaces/share/my_interfaces/srv/AddOrUpdateStock_Response.msg
[1.573s] -- Up-to-date: /home/robot/Desktop/Session06/Johnny-Answers-Session06/install/my_interfaces/share/ament_index/resource_index/package_run_dependencies/my_interfaces
[1.573s] -- Up-to-date: /home/robot/Desktop/Session06/Johnny-Answers-Session06/install/my_interfaces/share/ament_index/resource_index/parent_prefix_path/my_interfaces
[1.573s] -- Up-to-date: /home/robot/Desktop/Session06/Johnny-Answers-Session06/install/my_interfaces/share/my_interfaces/environment/ament_prefix_path.sh
[1.573s] -- Up-to-date: /home/robot/Desktop/Session06/Johnny-Answers-Session06/install/my_interfaces/share/my_interfaces/environment/ament_prefix_path.dsv
[1.573s] -- Up-to-date: /home/robot/Desktop/Session06/Johnny-Answers-Session06/install/my_interfaces/share/my_interfaces/environment/path.sh
[1.574s] -- Up-to-date: /home/robot/Desktop/Session06/Johnny-Answers-Session06/install/my_interfaces/share/my_interfaces/environment/path.dsv
[1.574s] -- Up-to-date: /home/robot/Desktop/Session06/Johnny-Answers-Session06/install/my_interfaces/share/my_interfaces/local_setup.bash
[1.574s] -- Up-to-date: /home/robot/Desktop/Session06/Johnny-Answers-Session06/install/my_interfaces/share/my_interfaces/local_setup.sh
[1.574s] -- Up-to-date: /home/robot/Desktop/Session06/Johnny-Answers-Session06/install/my_interfaces/share/my_interfaces/local_setup.zsh
[1.574s] -- Up-to-date: /home/robot/Desktop/Session06/Johnny-Answers-Session06/install/my_interfaces/share/my_interfaces/local_setup.dsv
[1.574s] -- Installing: /home/robot/Desktop/Session06/Johnny-Answers-Session06/install/my_interfaces/share/my_interfaces/package.dsv
[1.575s] -- Up-to-date: /home/robot/Desktop/Session06/Johnny-Answers-Session06/install/my_interfaces/share/ament_index/resource_index/packages/my_interfaces
[1.575s] -- Up-to-date: /home/robot/Desktop/Session06/Johnny-Answers-Session06/install/my_interfaces/share/my_interfaces/cmake/export_my_interfaces__rosidl_generator_cExport.cmake
[1.575s] -- Up-to-date: /home/robot/Desktop/Session06/Johnny-Answers-Session06/install/my_interfaces/share/my_interfaces/cmake/export_my_interfaces__rosidl_generator_cExport-noconfig.cmake
[1.575s] -- Up-to-date: /home/robot/Desktop/Session06/Johnny-Answers-Session06/install/my_interfaces/share/my_interfaces/cmake/export_my_interfaces__rosidl_typesupport_fastrtps_cExport.cmake
[1.575s] -- Up-to-date: /home/robot/Desktop/Session06/Johnny-Answers-Session06/install/my_interfaces/share/my_interfaces/cmake/export_my_interfaces__rosidl_typesupport_fastrtps_cExport-noconfig.cmake
[1.576s] -- Up-to-date: /home/robot/Desktop/Session06/Johnny-Answers-Session06/install/my_interfaces/share/my_interfaces/cmake/my_interfaces__rosidl_typesupport_introspection_cExport.cmake
[1.576s] -- Up-to-date: /home/robot/Desktop/Session06/Johnny-Answers-Session06/install/my_interfaces/share/my_interfaces/cmake/my_interfaces__rosidl_typesupport_introspection_cExport-noconfig.cmake
[1.576s] -- Up-to-date: /home/robot/Desktop/Session06/Johnny-Answers-Session06/install/my_interfaces/share/my_interfaces/cmake/my_interfaces__rosidl_typesupport_cExport.cmake
[1.576s] -- Up-to-date: /home/robot/Desktop/Session06/Johnny-Answers-Session06/install/my_interfaces/share/my_interfaces/cmake/my_interfaces__rosidl_typesupport_cExport-noconfig.cmake
[1.576s] -- Up-to-date: /home/robot/Desktop/Session06/Johnny-Answers-Session06/install/my_interfaces/share/my_interfaces/cmake/export_my_interfaces__rosidl_generator_cppExport.cmake
[1.576s] -- Up-to-date: /home/robot/Desktop/Session06/Johnny-Answers-Session06/install/my_interfaces/share/my_interfaces/cmake/export_my_interfaces__rosidl_typesupport_fastrtps_cppExport.cmake
[1.577s] -- Up-to-date: /home/robot/Desktop/Session06/Johnny-Answers-Session06/install/my_interfaces/share/my_interfaces/cmake/export_my_interfaces__rosidl_typesupport_fastrtps_cppExport-noconfig.cmake
[1.577s] -- Up-to-date: /home/robot/Desktop/Session06/Johnny-Answers-Session06/install/my_interfaces/share/my_interfaces/cmake/my_interfaces__rosidl_typesupport_introspection_cppExport.cmake
[1.577s] -- Up-to-date: /home/robot/Desktop/Session06/Johnny-Answers-Session06/install/my_interfaces/share/my_interfaces/cmake/my_interfaces__rosidl_typesupport_introspection_cppExport-noconfig.cmake
[1.577s] -- Up-to-date: /home/robot/Desktop/Session06/Johnny-Answers-Session06/install/my_interfaces/share/my_interfaces/cmake/my_interfaces__rosidl_typesupport_cppExport.cmake
[1.579s] -- Up-to-date: /home/robot/Desktop/Session06/Johnny-Answers-Session06/install/my_interfaces/share/my_interfaces/cmake/my_interfaces__rosidl_typesupport_cppExport-noconfig.cmake
[1.579s] -- Up-to-date: /home/robot/Desktop/Session06/Johnny-Answers-Session06/install/my_interfaces/share/my_interfaces/cmake/export_my_interfaces__rosidl_generator_pyExport.cmake
[1.581s] -- Up-to-date: /home/robot/Desktop/Session06/Johnny-Answers-Session06/install/my_interfaces/share/my_interfaces/cmake/export_my_interfaces__rosidl_generator_pyExport-noconfig.cmake
[1.581s] -- Up-to-date: /home/robot/Desktop/Session06/Johnny-Answers-Session06/install/my_interfaces/share/my_interfaces/cmake/rosidl_cmake-extras.cmake
[1.581s] -- Up-to-date: /home/robot/Desktop/Session06/Johnny-Answers-Session06/install/my_interfaces/share/my_interfaces/cmake/ament_cmake_export_dependencies-extras.cmake
[1.581s] -- Up-to-date: /home/robot/Desktop/Session06/Johnny-Answers-Session06/install/my_interfaces/share/my_interfaces/cmake/ament_cmake_export_include_directories-extras.cmake
[1.582s] -- Up-to-date: /home/robot/Desktop/Session06/Johnny-Answers-Session06/install/my_interfaces/share/my_interfaces/cmake/ament_cmake_export_libraries-extras.cmake
[1.582s] -- Up-to-date: /home/robot/Desktop/Session06/Johnny-Answers-Session06/install/my_interfaces/share/my_interfaces/cmake/ament_cmake_export_targets-extras.cmake
[1.582s] -- Up-to-date: /home/robot/Desktop/Session06/Johnny-Answers-Session06/install/my_interfaces/share/my_interfaces/cmake/rosidl_cmake_export_typesupport_targets-extras.cmake
[1.583s] -- Up-to-date: /home/robot/Desktop/Session06/Johnny-Answers-Session06/install/my_interfaces/share/my_interfaces/cmake/rosidl_cmake_export_typesupport_libraries-extras.cmake
[1.583s] -- Up-to-date: /home/robot/Desktop/Session06/Johnny-Answers-Session06/install/my_interfaces/share/my_interfaces/cmake/my_interfacesConfig.cmake
[1.583s] -- Up-to-date: /home/robot/Desktop/Session06/Johnny-Answers-Session06/install/my_interfaces/share/my_interfaces/cmake/my_interfacesConfig-version.cmake
[1.583s] -- Up-to-date: /home/robot/Desktop/Session06/Johnny-Answers-Session06/install/my_interfaces/share/my_interfaces/package.xml
[1.584s] Invoked command in '/home/robot/Desktop/Session06/Johnny-Answers-Session06/build/my_interfaces' returned '0': CMAKE_PREFIX_PATH=${CMAKE_PREFIX_PATH}:/home/robot/Desktop/Session06/Johnny-Answers-Session06/install/warehouse_robot:/opt/ros/humble /usr/bin/cmake --install /home/robot/Desktop/Session06/Johnny-Answers-Session06/build/my_interfaces
