[0.036s] Invoking command in '/home/robot/Desktop/Session06/Johnny-Answers-Session06/build/my_interfaces': CMAKE_PREFIX_PATH=${CMAKE_PREFIX_PATH}:/home/robot/Desktop/Session06/Johnny-Answers-Session06/install/warehouse_robot:/opt/ros/humble /usr/bin/cmake /home/robot/Desktop/Session06/Johnny-Answers-Session06/src/my_interfaces -DCMAKE_INSTALL_PREFIX=/home/robot/Desktop/Session06/Johnny-Answers-Session06/install/my_interfaces
[0.064s] -- Found ament_cmake: 1.3.9 (/opt/ros/humble/share/ament_cmake/cmake)
[0.297s] -- Found ament_lint_auto: 0.12.11 (/opt/ros/humble/share/ament_lint_auto/cmake)
[0.451s] -- Found rosidl_default_generators: 1.2.0 (/opt/ros/humble/share/rosidl_default_generators/cmake)
[0.472s] -- Using all available rosidl_typesupport_c: rosidl_typesupport_fastrtps_c;rosidl_typesupport_introspection_c
[0.511s] -- Found rosidl_adapter: 3.1.5 (/opt/ros/humble/share/rosidl_adapter/cmake)
[0.737s] -- Using all available rosidl_typesupport_cpp: rosidl_typesupport_fastrtps_cpp;rosidl_typesupport_introspection_cpp
[1.234s] -- Configuring incomplete, errors occurred!
[1.234s] See also "/home/robot/Desktop/Session06/Johnny-Answers-Session06/build/my_interfaces/CMakeFiles/CMakeOutput.log".
[1.235s] [31mCMake Error at /opt/ros/humble/share/rosidl_adapter/cmake/rosidl_adapt_interfaces.cmake:59 (message):
[1.235s]   execute_process(/usr/bin/python3 -m rosidl_adapter --package-name
[1.235s]   my_interfaces --arguments-file
[1.235s]   /home/robot/Desktop/Session06/Johnny-Answers-Session06/build/my_interfaces/rosidl_adapter__arguments__my_interfaces.json
[1.235s]   --output-dir
[1.235s]   /home/robot/Desktop/Session06/Johnny-Answers-Session06/build/my_interfaces/rosidl_adapter/my_interfaces
[1.236s]   --output-file
[1.236s]   /home/robot/Desktop/Session06/Johnny-Answers-Session06/build/my_interfaces/rosidl_adapter/my_interfaces.idls)
[1.236s]   returned error code 1:
[1.236s] 
[1.236s]   Traceback (most recent call last):
[1.236s] 
[1.236s]     File "/usr/lib/python3.10/runpy.py", line 196, in _run_module_as_main
[1.237s]       return _run_code(code, main_globals, None,
[1.237s]     File "/usr/lib/python3.10/runpy.py", line 86, in _run_code
[1.237s]       exec(code, run_globals)
[1.237s]     File "/opt/ros/humble/local/lib/python3.10/dist-packages/rosidl_adapter/__main__.py", line 19, in <module>
[1.237s]       sys.exit(main())
[1.237s]     File "/opt/ros/humble/local/lib/python3.10/dist-packages/rosidl_adapter/main.py", line 53, in main
[1.237s]       abs_idl_file = convert_to_idl(
[1.238s]     File "/opt/ros/humble/local/lib/python3.10/dist-packages/rosidl_adapter/__init__.py", line 29, in convert_to_idl
[1.238s]       return convert_action_to_idl(
[1.238s]     File "/opt/ros/humble/local/lib/python3.10/dist-packages/rosidl_adapter/action/__init__.py", line 28, in convert_action_to_idl
[1.238s]       action = parse_action_string(package_name, input_file.stem, content)
[1.238s]     File "/opt/ros/humble/local/lib/python3.10/dist-packages/rosidl_adapter/parser.py", line 894, in parse_action_string
[1.238s]       raise InvalidActionSpecification(
[1.238s] 
[1.239s]   rosidl_adapter.parser.InvalidActionSpecification: Number of '---'
[1.239s]   separators nonconformant with action definition
[1.239s] 
[1.239s] Call Stack (most recent call first):
[1.239s]   /opt/ros/humble/share/rosidl_cmake/cmake/rosidl_generate_interfaces.cmake:130 (rosidl_adapt_interfaces)
[1.239s]   CMakeLists.txt:30 (rosidl_generate_interfaces)
[1.240s] 
[1.240s] [0m
[1.249s] Invoked command in '/home/robot/Desktop/Session06/Johnny-Answers-Session06/build/my_interfaces' returned '1': CMAKE_PREFIX_PATH=${CMAKE_PREFIX_PATH}:/home/robot/Desktop/Session06/Johnny-Answers-Session06/install/warehouse_robot:/opt/ros/humble /usr/bin/cmake /home/robot/Desktop/Session06/Johnny-Answers-Session06/src/my_interfaces -DCMAKE_INSTALL_PREFIX=/home/robot/Desktop/Session06/Johnny-Answers-Session06/install/my_interfaces
