[0.044s] Invoking command in '/home/robot/Desktop/Session06/Johnny-Answers-Session06/build/my_interfaces': CMAKE_PREFIX_PATH=${CMAKE_PREFIX_PATH}:/home/robot/Desktop/Session06/Johnny-Answers-Session06/install/warehouse_robot:/opt/ros/humble /usr/bin/cmake --build /home/robot/Desktop/Session06/Johnny-Answers-Session06/build/my_interfaces -- -j6 -l6
[0.100s] -- Found ament_cmake: 1.3.9 (/opt/ros/humble/share/ament_cmake/cmake)
[0.360s] -- Found ament_lint_auto: 0.12.11 (/opt/ros/humble/share/ament_lint_auto/cmake)
[0.491s] -- Found rosidl_default_generators: 1.2.0 (/opt/ros/humble/share/rosidl_default_generators/cmake)
[0.494s] -- Using all available rosidl_typesupport_c: rosidl_typesupport_fastrtps_c;rosidl_typesupport_introspection_c
[0.501s] -- Found rosidl_adapter: 3.1.5 (/opt/ros/humble/share/rosidl_adapter/cmake)
[0.564s] -- Using all available rosidl_typesupport_cpp: rosidl_typesupport_fastrtps_cpp;rosidl_typesupport_introspection_cpp
[1.163s] -- Found ament_cmake_ros: 0.10.0 (/opt/ros/humble/share/ament_cmake_ros/cmake)
[1.524s] -- Using all available rosidl_typesupport_c: rosidl_typesupport_fastrtps_c;rosidl_typesupport_introspection_c
[2.042s] -- Using all available rosidl_typesupport_cpp: rosidl_typesupport_fastrtps_cpp;rosidl_typesupport_introspection_cpp
[2.086s] -- Found python_cmake_module: 0.10.0 (/opt/ros/humble/share/python_cmake_module/cmake)
[2.129s] -- Using PYTHON_EXECUTABLE: /usr/bin/python3
[2.129s] -- Using PYTHON_INCLUDE_DIRS: /usr/include/python3.10
[2.129s] -- Using PYTHON_LIBRARIES: /usr/lib/x86_64-linux-gnu/libpython3.10.so
[2.174s] -- Added test 'lint_cmake' to check CMake code style
[2.176s] -- Added test 'xmllint' to check XML markup files
[2.182s] -- Configuring done
[2.273s] -- Generating done
[2.284s] -- Build files have been written to: /home/robot/Desktop/Session06/Johnny-Answers-Session06/build/my_interfaces
[2.340s] [  3%] [34m[1mGenerating C code for ROS interfaces[0m
[2.375s] [  6%] [34m[1mGenerating C++ code for ROS interfaces[0m
[2.396s] [  6%] Built target ament_cmake_python_copy_my_interfaces
[2.885s] running egg_info
[2.885s] writing my_interfaces.egg-info/PKG-INFO
[2.885s] writing dependency_links to my_interfaces.egg-info/dependency_links.txt
[2.885s] writing top-level names to my_interfaces.egg-info/top_level.txt
[2.885s] reading manifest file 'my_interfaces.egg-info/SOURCES.txt'
[2.885s] writing manifest file 'my_interfaces.egg-info/SOURCES.txt'
[2.945s] [  6%] Built target ament_cmake_python_build_my_interfaces_egg
[3.074s] [35m[1mConsolidate compiler generated dependencies of target my_interfaces__rosidl_generator_c[0m
[3.100s] [  6%] Built target my_interfaces__cpp
[3.105s] [  9%] [32mBuilding C object CMakeFiles/my_interfaces__rosidl_generator_c.dir/rosidl_generator_c/my_interfaces/action/detail/deliver_item__functions.c.o[0m
[3.128s] [ 16%] [34m[1mGenerating C++ type support for eProsima Fast-RTPS[0m
[3.128s] [ 16%] [34m[1mGenerating C++ type support dispatch for ROS interfaces[0m
[3.129s] [ 19%] [34m[1mGenerating C++ introspection for ROS interfaces[0m
[3.362s] [ 22%] [32m[1mLinking C shared library libmy_interfaces__rosidl_generator_c.so[0m
[3.458s] [ 22%] Built target my_interfaces__rosidl_generator_c
[3.507s] [ 25%] [34m[1mGenerating C introspection for ROS interfaces[0m
[3.527s] [ 29%] [34m[1mGenerating C type support for eProsima Fast-RTPS[0m
[3.527s] [ 32%] [34m[1mGenerating C type support dispatch for ROS interfaces[0m
[3.813s] [35m[1mConsolidate compiler generated dependencies of target my_interfaces__rosidl_typesupport_cpp[0m
[3.866s] [ 35%] [32mBuilding CXX object CMakeFiles/my_interfaces__rosidl_typesupport_cpp.dir/rosidl_typesupport_cpp/my_interfaces/action/deliver_item__type_support.cpp.o[0m
[3.900s] [35m[1mConsolidate compiler generated dependencies of target my_interfaces__rosidl_typesupport_introspection_cpp[0m
[3.933s] [35m[1mConsolidate compiler generated dependencies of target my_interfaces__rosidl_typesupport_fastrtps_cpp[0m
[3.974s] [ 38%] [32mBuilding CXX object CMakeFiles/my_interfaces__rosidl_typesupport_introspection_cpp.dir/rosidl_typesupport_introspection_cpp/my_interfaces/action/detail/deliver_item__type_support.cpp.o[0m
[4.042s] [ 41%] [32mBuilding CXX object CMakeFiles/my_interfaces__rosidl_typesupport_fastrtps_cpp.dir/rosidl_typesupport_fastrtps_cpp/my_interfaces/action/detail/dds_fastrtps/deliver_item__type_support.cpp.o[0m
[4.286s] [35m[1mConsolidate compiler generated dependencies of target my_interfaces__rosidl_typesupport_c[0m
[4.370s] [ 45%] [32mBuilding CXX object CMakeFiles/my_interfaces__rosidl_typesupport_c.dir/rosidl_typesupport_c/my_interfaces/action/deliver_item__type_support.cpp.o[0m
[4.448s] [35m[1mConsolidate compiler generated dependencies of target my_interfaces__rosidl_typesupport_introspection_c[0m
[4.530s] [ 48%] [32m[1mLinking CXX shared library libmy_interfaces__rosidl_typesupport_c.so[0m
[4.530s] [35m[1mConsolidate compiler generated dependencies of target my_interfaces__rosidl_typesupport_fastrtps_c[0m
[4.535s] [ 51%] [32mBuilding C object CMakeFiles/my_interfaces__rosidl_typesupport_introspection_c.dir/rosidl_typesupport_introspection_c/my_interfaces/action/detail/deliver_item__type_support.c.o[0m
[4.626s] [ 54%] [32mBuilding CXX object CMakeFiles/my_interfaces__rosidl_typesupport_fastrtps_c.dir/rosidl_typesupport_fastrtps_c/my_interfaces/action/detail/deliver_item__type_support_c.cpp.o[0m
[4.679s] [ 58%] [32m[1mLinking C shared library libmy_interfaces__rosidl_typesupport_introspection_c.so[0m
[4.723s] [ 58%] Built target my_interfaces__rosidl_typesupport_c
[4.823s] [ 58%] Built target my_interfaces__rosidl_typesupport_introspection_c
[5.176s] [ 61%] [32m[1mLinking CXX shared library libmy_interfaces__rosidl_typesupport_cpp.so[0m
[5.312s] [ 61%] Built target my_interfaces__rosidl_typesupport_cpp
[5.501s] [ 64%] [32m[1mLinking CXX shared library libmy_interfaces__rosidl_typesupport_introspection_cpp.so[0m
[5.523s] [ 67%] [32m[1mLinking CXX shared library libmy_interfaces__rosidl_typesupport_fastrtps_cpp.so[0m
[5.550s] [ 70%] [32m[1mLinking CXX shared library libmy_interfaces__rosidl_typesupport_fastrtps_c.so[0m
[5.669s] [ 70%] Built target my_interfaces__rosidl_typesupport_introspection_cpp
[5.685s] [ 70%] Built target my_interfaces__rosidl_typesupport_fastrtps_cpp
[5.714s] [ 70%] Built target my_interfaces__rosidl_typesupport_fastrtps_c
[5.768s] [ 70%] Built target my_interfaces
[5.820s] [ 74%] [34m[1mGenerating Python code for ROS interfaces[0m
[7.020s] [ 74%] Built target my_interfaces__py
[7.048s] [35m[1mConsolidate compiler generated dependencies of target my_interfaces__rosidl_generator_py[0m
[7.086s] [ 77%] [32mBuilding C object CMakeFiles/my_interfaces__rosidl_generator_py.dir/rosidl_generator_py/my_interfaces/action/_deliver_item_s.c.o[0m
[7.389s] [ 80%] [32m[1mLinking C shared library rosidl_generator_py/my_interfaces/libmy_interfaces__rosidl_generator_py.so[0m
[7.495s] [ 80%] Built target my_interfaces__rosidl_generator_py
[7.525s] [35m[1mConsolidate compiler generated dependencies of target my_interfaces__rosidl_typesupport_fastrtps_c__pyext[0m
[7.528s] [35m[1mConsolidate compiler generated dependencies of target my_interfaces__rosidl_typesupport_c__pyext[0m
[7.552s] [35m[1mConsolidate compiler generated dependencies of target my_interfaces__rosidl_typesupport_introspection_c__pyext[0m
[7.559s] [ 83%] [32mBuilding C object CMakeFiles/my_interfaces__rosidl_typesupport_fastrtps_c__pyext.dir/rosidl_generator_py/my_interfaces/_my_interfaces_s.ep.rosidl_typesupport_fastrtps_c.c.o[0m
[7.567s] [ 87%] [32mBuilding C object CMakeFiles/my_interfaces__rosidl_typesupport_c__pyext.dir/rosidl_generator_py/my_interfaces/_my_interfaces_s.ep.rosidl_typesupport_c.c.o[0m
[7.591s] [ 90%] [32mBuilding C object CMakeFiles/my_interfaces__rosidl_typesupport_introspection_c__pyext.dir/rosidl_generator_py/my_interfaces/_my_interfaces_s.ep.rosidl_typesupport_introspection_c.c.o[0m
[7.854s] [ 93%] [32m[1mLinking C shared library rosidl_generator_py/my_interfaces/my_interfaces_s__rosidl_typesupport_c.cpython-310-x86_64-linux-gnu.so[0m
[7.855s] [ 96%] [32m[1mLinking C shared library rosidl_generator_py/my_interfaces/my_interfaces_s__rosidl_typesupport_fastrtps_c.cpython-310-x86_64-linux-gnu.so[0m
[7.936s] [100%] [32m[1mLinking C shared library rosidl_generator_py/my_interfaces/my_interfaces_s__rosidl_typesupport_introspection_c.cpython-310-x86_64-linux-gnu.so[0m
[7.994s] [100%] Built target my_interfaces__rosidl_typesupport_fastrtps_c__pyext
[7.999s] [100%] Built target my_interfaces__rosidl_typesupport_c__pyext
[8.053s] [100%] Built target my_interfaces__rosidl_typesupport_introspection_c__pyext
[8.080s] Invoked command in '/home/robot/Desktop/Session06/Johnny-Answers-Session06/build/my_interfaces' returned '0': CMAKE_PREFIX_PATH=${CMAKE_PREFIX_PATH}:/home/robot/Desktop/Session06/Johnny-Answers-Session06/install/warehouse_robot:/opt/ros/humble /usr/bin/cmake --build /home/robot/Desktop/Session06/Johnny-Answers-Session06/build/my_interfaces -- -j6 -l6
[8.373s] Invoking command in '/home/robot/Desktop/Session06/Johnny-Answers-Session06/build/my_interfaces': CMAKE_PREFIX_PATH=${CMAKE_PREFIX_PATH}:/home/robot/Desktop/Session06/Johnny-Answers-Session06/install/warehouse_robot:/opt/ros/humble /usr/bin/cmake --install /home/robot/Desktop/Session06/Johnny-Answers-Session06/build/my_interfaces
[8.395s] -- Install configuration: ""
[8.395s] -- Up-to-date: /home/robot/Desktop/Session06/Johnny-Answers-Session06/install/my_interfaces/share/ament_index/resource_index/rosidl_interfaces/my_interfaces
[8.395s] -- Up-to-date: /home/robot/Desktop/Session06/Johnny-Answers-Session06/install/my_interfaces/include/my_interfaces/my_interfaces
[8.395s] -- Up-to-date: /home/robot/Desktop/Session06/Johnny-Answers-Session06/install/my_interfaces/include/my_interfaces/my_interfaces/msg
[8.395s] -- Up-to-date: /home/robot/Desktop/Session06/Johnny-Answers-Session06/install/my_interfaces/include/my_interfaces/my_interfaces/msg/rosidl_generator_c__visibility_control.h
[8.395s] -- Up-to-date: /home/robot/Desktop/Session06/Johnny-Answers-Session06/install/my_interfaces/include/my_interfaces/my_interfaces/action
[8.396s] -- Up-to-date: /home/robot/Desktop/Session06/Johnny-Answers-Session06/install/my_interfaces/include/my_interfaces/my_interfaces/action/detail
[8.396s] -- Installing: /home/robot/Desktop/Session06/Johnny-Answers-Session06/install/my_interfaces/include/my_interfaces/my_interfaces/action/detail/deliver_item__struct.h
[8.396s] -- Installing: /home/robot/Desktop/Session06/Johnny-Answers-Session06/install/my_interfaces/include/my_interfaces/my_interfaces/action/detail/deliver_item__type_support.h
[8.396s] -- Installing: /home/robot/Desktop/Session06/Johnny-Answers-Session06/install/my_interfaces/include/my_interfaces/my_interfaces/action/detail/deliver_item__functions.c
[8.396s] -- Installing: /home/robot/Desktop/Session06/Johnny-Answers-Session06/install/my_interfaces/include/my_interfaces/my_interfaces/action/detail/deliver_item__functions.h
[8.396s] -- Installing: /home/robot/Desktop/Session06/Johnny-Answers-Session06/install/my_interfaces/include/my_interfaces/my_interfaces/action/deliver_item.h
[8.396s] -- Up-to-date: /home/robot/Desktop/Session06/Johnny-Answers-Session06/install/my_interfaces/share/my_interfaces/environment/library_path.sh
[8.397s] -- Installing: /home/robot/Desktop/Session06/Johnny-Answers-Session06/install/my_interfaces/share/my_interfaces/environment/library_path.dsv
[8.397s] -- Installing: /home/robot/Desktop/Session06/Johnny-Answers-Session06/install/my_interfaces/lib/libmy_interfaces__rosidl_generator_c.so
[8.403s] -- Set runtime path of "/home/robot/Desktop/Session06/Johnny-Answers-Session06/install/my_interfaces/lib/libmy_interfaces__rosidl_generator_c.so" to ""
[8.403s] -- Up-to-date: /home/robot/Desktop/Session06/Johnny-Answers-Session06/install/my_interfaces/include/my_interfaces/my_interfaces
[8.403s] -- Up-to-date: /home/robot/Desktop/Session06/Johnny-Answers-Session06/install/my_interfaces/include/my_interfaces/my_interfaces/msg
[8.403s] -- Up-to-date: /home/robot/Desktop/Session06/Johnny-Answers-Session06/install/my_interfaces/include/my_interfaces/my_interfaces/msg/rosidl_typesupport_fastrtps_c__visibility_control.h
[8.403s] -- Up-to-date: /home/robot/Desktop/Session06/Johnny-Answers-Session06/install/my_interfaces/include/my_interfaces/my_interfaces/action
[8.404s] -- Up-to-date: /home/robot/Desktop/Session06/Johnny-Answers-Session06/install/my_interfaces/include/my_interfaces/my_interfaces/action/detail
[8.404s] -- Installing: /home/robot/Desktop/Session06/Johnny-Answers-Session06/install/my_interfaces/include/my_interfaces/my_interfaces/action/detail/deliver_item__rosidl_typesupport_fastrtps_c.h
[8.404s] -- Installing: /home/robot/Desktop/Session06/Johnny-Answers-Session06/install/my_interfaces/lib/libmy_interfaces__rosidl_typesupport_fastrtps_c.so
[8.404s] -- Set runtime path of "/home/robot/Desktop/Session06/Johnny-Answers-Session06/install/my_interfaces/lib/libmy_interfaces__rosidl_typesupport_fastrtps_c.so" to ""
[8.404s] -- Up-to-date: /home/robot/Desktop/Session06/Johnny-Answers-Session06/install/my_interfaces/include/my_interfaces/my_interfaces
[8.404s] -- Up-to-date: /home/robot/Desktop/Session06/Johnny-Answers-Session06/install/my_interfaces/include/my_interfaces/my_interfaces/msg
[8.404s] -- Up-to-date: /home/robot/Desktop/Session06/Johnny-Answers-Session06/install/my_interfaces/include/my_interfaces/my_interfaces/msg/rosidl_typesupport_introspection_c__visibility_control.h
[8.405s] -- Up-to-date: /home/robot/Desktop/Session06/Johnny-Answers-Session06/install/my_interfaces/include/my_interfaces/my_interfaces/action
[8.405s] -- Up-to-date: /home/robot/Desktop/Session06/Johnny-Answers-Session06/install/my_interfaces/include/my_interfaces/my_interfaces/action/detail
[8.405s] -- Installing: /home/robot/Desktop/Session06/Johnny-Answers-Session06/install/my_interfaces/include/my_interfaces/my_interfaces/action/detail/deliver_item__type_support.c
[8.405s] -- Installing: /home/robot/Desktop/Session06/Johnny-Answers-Session06/install/my_interfaces/include/my_interfaces/my_interfaces/action/detail/deliver_item__rosidl_typesupport_introspection_c.h
[8.405s] -- Installing: /home/robot/Desktop/Session06/Johnny-Answers-Session06/install/my_interfaces/lib/libmy_interfaces__rosidl_typesupport_introspection_c.so
[8.405s] -- Set runtime path of "/home/robot/Desktop/Session06/Johnny-Answers-Session06/install/my_interfaces/lib/libmy_interfaces__rosidl_typesupport_introspection_c.so" to ""
[8.406s] -- Installing: /home/robot/Desktop/Session06/Johnny-Answers-Session06/install/my_interfaces/lib/libmy_interfaces__rosidl_typesupport_c.so
[8.406s] -- Set runtime path of "/home/robot/Desktop/Session06/Johnny-Answers-Session06/install/my_interfaces/lib/libmy_interfaces__rosidl_typesupport_c.so" to ""
[8.407s] -- Up-to-date: /home/robot/Desktop/Session06/Johnny-Answers-Session06/install/my_interfaces/include/my_interfaces/my_interfaces
[8.407s] -- Up-to-date: /home/robot/Desktop/Session06/Johnny-Answers-Session06/install/my_interfaces/include/my_interfaces/my_interfaces/action
[8.407s] -- Installing: /home/robot/Desktop/Session06/Johnny-Answers-Session06/install/my_interfaces/include/my_interfaces/my_interfaces/action/deliver_item.hpp
[8.407s] -- Up-to-date: /home/robot/Desktop/Session06/Johnny-Answers-Session06/install/my_interfaces/include/my_interfaces/my_interfaces/action/detail
[8.407s] -- Installing: /home/robot/Desktop/Session06/Johnny-Answers-Session06/install/my_interfaces/include/my_interfaces/my_interfaces/action/detail/deliver_item__builder.hpp
[8.407s] -- Installing: /home/robot/Desktop/Session06/Johnny-Answers-Session06/install/my_interfaces/include/my_interfaces/my_interfaces/action/detail/deliver_item__struct.hpp
[8.407s] -- Installing: /home/robot/Desktop/Session06/Johnny-Answers-Session06/install/my_interfaces/include/my_interfaces/my_interfaces/action/detail/deliver_item__traits.hpp
[8.408s] -- Up-to-date: /home/robot/Desktop/Session06/Johnny-Answers-Session06/install/my_interfaces/include/my_interfaces/my_interfaces
[8.408s] -- Up-to-date: /home/robot/Desktop/Session06/Johnny-Answers-Session06/install/my_interfaces/include/my_interfaces/my_interfaces/msg
[8.408s] -- Up-to-date: /home/robot/Desktop/Session06/Johnny-Answers-Session06/install/my_interfaces/include/my_interfaces/my_interfaces/msg/rosidl_typesupport_fastrtps_cpp__visibility_control.h
[8.408s] -- Up-to-date: /home/robot/Desktop/Session06/Johnny-Answers-Session06/install/my_interfaces/include/my_interfaces/my_interfaces/action
[8.408s] -- Up-to-date: /home/robot/Desktop/Session06/Johnny-Answers-Session06/install/my_interfaces/include/my_interfaces/my_interfaces/action/detail
[8.409s] -- Installing: /home/robot/Desktop/Session06/Johnny-Answers-Session06/install/my_interfaces/include/my_interfaces/my_interfaces/action/detail/deliver_item__rosidl_typesupport_fastrtps_cpp.hpp
[8.409s] -- Up-to-date: /home/robot/Desktop/Session06/Johnny-Answers-Session06/install/my_interfaces/include/my_interfaces/my_interfaces/action/detail/dds_fastrtps
[8.409s] -- Installing: /home/robot/Desktop/Session06/Johnny-Answers-Session06/install/my_interfaces/lib/libmy_interfaces__rosidl_typesupport_fastrtps_cpp.so
[8.409s] -- Set runtime path of "/home/robot/Desktop/Session06/Johnny-Answers-Session06/install/my_interfaces/lib/libmy_interfaces__rosidl_typesupport_fastrtps_cpp.so" to ""
[8.410s] -- Up-to-date: /home/robot/Desktop/Session06/Johnny-Answers-Session06/install/my_interfaces/include/my_interfaces/my_interfaces
[8.410s] -- Up-to-date: /home/robot/Desktop/Session06/Johnny-Answers-Session06/install/my_interfaces/include/my_interfaces/my_interfaces/action
[8.410s] -- Up-to-date: /home/robot/Desktop/Session06/Johnny-Answers-Session06/install/my_interfaces/include/my_interfaces/my_interfaces/action/detail
[8.410s] -- Installing: /home/robot/Desktop/Session06/Johnny-Answers-Session06/install/my_interfaces/include/my_interfaces/my_interfaces/action/detail/deliver_item__type_support.cpp
[8.412s] -- Installing: /home/robot/Desktop/Session06/Johnny-Answers-Session06/install/my_interfaces/include/my_interfaces/my_interfaces/action/detail/deliver_item__rosidl_typesupport_introspection_cpp.hpp
[8.412s] -- Installing: /home/robot/Desktop/Session06/Johnny-Answers-Session06/install/my_interfaces/lib/libmy_interfaces__rosidl_typesupport_introspection_cpp.so
[8.412s] -- Set runtime path of "/home/robot/Desktop/Session06/Johnny-Answers-Session06/install/my_interfaces/lib/libmy_interfaces__rosidl_typesupport_introspection_cpp.so" to ""
[8.413s] -- Installing: /home/robot/Desktop/Session06/Johnny-Answers-Session06/install/my_interfaces/lib/libmy_interfaces__rosidl_typesupport_cpp.so
[8.414s] -- Set runtime path of "/home/robot/Desktop/Session06/Johnny-Answers-Session06/install/my_interfaces/lib/libmy_interfaces__rosidl_typesupport_cpp.so" to ""
[8.414s] -- Up-to-date: /home/robot/Desktop/Session06/Johnny-Answers-Session06/install/my_interfaces/share/my_interfaces/environment/pythonpath.sh
[8.415s] -- Installing: /home/robot/Desktop/Session06/Johnny-Answers-Session06/install/my_interfaces/share/my_interfaces/environment/pythonpath.dsv
[8.415s] -- Up-to-date: /home/robot/Desktop/Session06/Johnny-Answers-Session06/install/my_interfaces/local/lib/python3.10/dist-packages/my_interfaces-0.0.0-py3.10.egg-info
[8.415s] -- Installing: /home/robot/Desktop/Session06/Johnny-Answers-Session06/install/my_interfaces/local/lib/python3.10/dist-packages/my_interfaces-0.0.0-py3.10.egg-info/SOURCES.txt
[8.416s] -- Installing: /home/robot/Desktop/Session06/Johnny-Answers-Session06/install/my_interfaces/local/lib/python3.10/dist-packages/my_interfaces-0.0.0-py3.10.egg-info/PKG-INFO
[8.416s] -- Installing: /home/robot/Desktop/Session06/Johnny-Answers-Session06/install/my_interfaces/local/lib/python3.10/dist-packages/my_interfaces-0.0.0-py3.10.egg-info/dependency_links.txt
[8.416s] -- Installing: /home/robot/Desktop/Session06/Johnny-Answers-Session06/install/my_interfaces/local/lib/python3.10/dist-packages/my_interfaces-0.0.0-py3.10.egg-info/top_level.txt
[8.416s] -- Up-to-date: /home/robot/Desktop/Session06/Johnny-Answers-Session06/install/my_interfaces/local/lib/python3.10/dist-packages/my_interfaces
[8.416s] -- Installing: /home/robot/Desktop/Session06/Johnny-Answers-Session06/install/my_interfaces/local/lib/python3.10/dist-packages/my_interfaces/_my_interfaces_s.ep.rosidl_typesupport_introspection_c.c
[8.417s] -- Installing: /home/robot/Desktop/Session06/Johnny-Answers-Session06/install/my_interfaces/local/lib/python3.10/dist-packages/my_interfaces/_my_interfaces_s.ep.rosidl_typesupport_fastrtps_c.c
[8.417s] -- Installing: /home/robot/Desktop/Session06/Johnny-Answers-Session06/install/my_interfaces/local/lib/python3.10/dist-packages/my_interfaces/my_interfaces_s__rosidl_typesupport_c.cpython-310-x86_64-linux-gnu.so
[8.418s] -- Installing: /home/robot/Desktop/Session06/Johnny-Answers-Session06/install/my_interfaces/local/lib/python3.10/dist-packages/my_interfaces/my_interfaces_s__rosidl_typesupport_fastrtps_c.cpython-310-x86_64-linux-gnu.so
[8.418s] -- Installing: /home/robot/Desktop/Session06/Johnny-Answers-Session06/install/my_interfaces/local/lib/python3.10/dist-packages/my_interfaces/_my_interfaces_s.ep.rosidl_typesupport_c.c
[8.418s] -- Up-to-date: /home/robot/Desktop/Session06/Johnny-Answers-Session06/install/my_interfaces/local/lib/python3.10/dist-packages/my_interfaces/action
[8.419s] -- Installing: /home/robot/Desktop/Session06/Johnny-Answers-Session06/install/my_interfaces/local/lib/python3.10/dist-packages/my_interfaces/action/_deliver_item.py
[8.419s] -- Installing: /home/robot/Desktop/Session06/Johnny-Answers-Session06/install/my_interfaces/local/lib/python3.10/dist-packages/my_interfaces/action/_deliver_item_s.c
[8.420s] -- Installing: /home/robot/Desktop/Session06/Johnny-Answers-Session06/install/my_interfaces/local/lib/python3.10/dist-packages/my_interfaces/action/__init__.py
[8.420s] -- Installing: /home/robot/Desktop/Session06/Johnny-Answers-Session06/install/my_interfaces/local/lib/python3.10/dist-packages/my_interfaces/libmy_interfaces__rosidl_generator_py.so
[8.422s] -- Installing: /home/robot/Desktop/Session06/Johnny-Answers-Session06/install/my_interfaces/local/lib/python3.10/dist-packages/my_interfaces/my_interfaces_s__rosidl_typesupport_introspection_c.cpython-310-x86_64-linux-gnu.so
[8.422s] -- Installing: /home/robot/Desktop/Session06/Johnny-Answers-Session06/install/my_interfaces/local/lib/python3.10/dist-packages/my_interfaces/__init__.py
[8.499s] Listing '/home/robot/Desktop/Session06/Johnny-Answers-Session06/install/my_interfaces/local/lib/python3.10/dist-packages/my_interfaces'...
[8.500s] Compiling '/home/robot/Desktop/Session06/Johnny-Answers-Session06/install/my_interfaces/local/lib/python3.10/dist-packages/my_interfaces/__init__.py'...
[8.500s] Listing '/home/robot/Desktop/Session06/Johnny-Answers-Session06/install/my_interfaces/local/lib/python3.10/dist-packages/my_interfaces/action'...
[8.500s] Compiling '/home/robot/Desktop/Session06/Johnny-Answers-Session06/install/my_interfaces/local/lib/python3.10/dist-packages/my_interfaces/action/__init__.py'...
[8.500s] Compiling '/home/robot/Desktop/Session06/Johnny-Answers-Session06/install/my_interfaces/local/lib/python3.10/dist-packages/my_interfaces/action/_deliver_item.py'...
[8.508s] -- Installing: /home/robot/Desktop/Session06/Johnny-Answers-Session06/install/my_interfaces/local/lib/python3.10/dist-packages/my_interfaces/my_interfaces_s__rosidl_typesupport_fastrtps_c.cpython-310-x86_64-linux-gnu.so
[8.509s] -- Set runtime path of "/home/robot/Desktop/Session06/Johnny-Answers-Session06/install/my_interfaces/local/lib/python3.10/dist-packages/my_interfaces/my_interfaces_s__rosidl_typesupport_fastrtps_c.cpython-310-x86_64-linux-gnu.so" to ""
[8.509s] -- Installing: /home/robot/Desktop/Session06/Johnny-Answers-Session06/install/my_interfaces/local/lib/python3.10/dist-packages/my_interfaces/my_interfaces_s__rosidl_typesupport_introspection_c.cpython-310-x86_64-linux-gnu.so
[8.511s] -- Set runtime path of "/home/robot/Desktop/Session06/Johnny-Answers-Session06/install/my_interfaces/local/lib/python3.10/dist-packages/my_interfaces/my_interfaces_s__rosidl_typesupport_introspection_c.cpython-310-x86_64-linux-gnu.so" to ""
[8.511s] -- Installing: /home/robot/Desktop/Session06/Johnny-Answers-Session06/install/my_interfaces/local/lib/python3.10/dist-packages/my_interfaces/my_interfaces_s__rosidl_typesupport_c.cpython-310-x86_64-linux-gnu.so
[8.513s] -- Set runtime path of "/home/robot/Desktop/Session06/Johnny-Answers-Session06/install/my_interfaces/local/lib/python3.10/dist-packages/my_interfaces/my_interfaces_s__rosidl_typesupport_c.cpython-310-x86_64-linux-gnu.so" to ""
[8.513s] -- Installing: /home/robot/Desktop/Session06/Johnny-Answers-Session06/install/my_interfaces/lib/libmy_interfaces__rosidl_generator_py.so
[8.514s] -- Set runtime path of "/home/robot/Desktop/Session06/Johnny-Answers-Session06/install/my_interfaces/lib/libmy_interfaces__rosidl_generator_py.so" to ""
[8.515s] -- Installing: /home/robot/Desktop/Session06/Johnny-Answers-Session06/install/my_interfaces/share/my_interfaces/action/DeliverItem.idl
[8.515s] -- Installing: /home/robot/Desktop/Session06/Johnny-Answers-Session06/install/my_interfaces/share/my_interfaces/action/DeliverItem.action
[8.515s] -- Up-to-date: /home/robot/Desktop/Session06/Johnny-Answers-Session06/install/my_interfaces/share/ament_index/resource_index/package_run_dependencies/my_interfaces
[8.516s] -- Installing: /home/robot/Desktop/Session06/Johnny-Answers-Session06/install/my_interfaces/share/ament_index/resource_index/parent_prefix_path/my_interfaces
[8.516s] -- Up-to-date: /home/robot/Desktop/Session06/Johnny-Answers-Session06/install/my_interfaces/share/my_interfaces/environment/ament_prefix_path.sh
[8.516s] -- Installing: /home/robot/Desktop/Session06/Johnny-Answers-Session06/install/my_interfaces/share/my_interfaces/environment/ament_prefix_path.dsv
[8.516s] -- Up-to-date: /home/robot/Desktop/Session06/Johnny-Answers-Session06/install/my_interfaces/share/my_interfaces/environment/path.sh
[8.517s] -- Installing: /home/robot/Desktop/Session06/Johnny-Answers-Session06/install/my_interfaces/share/my_interfaces/environment/path.dsv
[8.517s] -- Up-to-date: /home/robot/Desktop/Session06/Johnny-Answers-Session06/install/my_interfaces/share/my_interfaces/local_setup.bash
[8.517s] -- Up-to-date: /home/robot/Desktop/Session06/Johnny-Answers-Session06/install/my_interfaces/share/my_interfaces/local_setup.sh
[8.517s] -- Up-to-date: /home/robot/Desktop/Session06/Johnny-Answers-Session06/install/my_interfaces/share/my_interfaces/local_setup.zsh
[8.518s] -- Installing: /home/robot/Desktop/Session06/Johnny-Answers-Session06/install/my_interfaces/share/my_interfaces/local_setup.dsv
[8.518s] -- Installing: /home/robot/Desktop/Session06/Johnny-Answers-Session06/install/my_interfaces/share/my_interfaces/package.dsv
[8.518s] -- Up-to-date: /home/robot/Desktop/Session06/Johnny-Answers-Session06/install/my_interfaces/share/ament_index/resource_index/packages/my_interfaces
[8.518s] -- Up-to-date: /home/robot/Desktop/Session06/Johnny-Answers-Session06/install/my_interfaces/share/my_interfaces/cmake/export_my_interfaces__rosidl_generator_cExport.cmake
[8.519s] -- Up-to-date: /home/robot/Desktop/Session06/Johnny-Answers-Session06/install/my_interfaces/share/my_interfaces/cmake/export_my_interfaces__rosidl_generator_cExport-noconfig.cmake
[8.519s] -- Up-to-date: /home/robot/Desktop/Session06/Johnny-Answers-Session06/install/my_interfaces/share/my_interfaces/cmake/export_my_interfaces__rosidl_typesupport_fastrtps_cExport.cmake
[8.519s] -- Up-to-date: /home/robot/Desktop/Session06/Johnny-Answers-Session06/install/my_interfaces/share/my_interfaces/cmake/export_my_interfaces__rosidl_typesupport_fastrtps_cExport-noconfig.cmake
[8.519s] -- Up-to-date: /home/robot/Desktop/Session06/Johnny-Answers-Session06/install/my_interfaces/share/my_interfaces/cmake/my_interfaces__rosidl_typesupport_introspection_cExport.cmake
[8.520s] -- Up-to-date: /home/robot/Desktop/Session06/Johnny-Answers-Session06/install/my_interfaces/share/my_interfaces/cmake/my_interfaces__rosidl_typesupport_introspection_cExport-noconfig.cmake
[8.520s] -- Up-to-date: /home/robot/Desktop/Session06/Johnny-Answers-Session06/install/my_interfaces/share/my_interfaces/cmake/my_interfaces__rosidl_typesupport_cExport.cmake
[8.520s] -- Up-to-date: /home/robot/Desktop/Session06/Johnny-Answers-Session06/install/my_interfaces/share/my_interfaces/cmake/my_interfaces__rosidl_typesupport_cExport-noconfig.cmake
[8.520s] -- Up-to-date: /home/robot/Desktop/Session06/Johnny-Answers-Session06/install/my_interfaces/share/my_interfaces/cmake/export_my_interfaces__rosidl_generator_cppExport.cmake
[8.520s] -- Up-to-date: /home/robot/Desktop/Session06/Johnny-Answers-Session06/install/my_interfaces/share/my_interfaces/cmake/export_my_interfaces__rosidl_typesupport_fastrtps_cppExport.cmake
[8.521s] -- Up-to-date: /home/robot/Desktop/Session06/Johnny-Answers-Session06/install/my_interfaces/share/my_interfaces/cmake/export_my_interfaces__rosidl_typesupport_fastrtps_cppExport-noconfig.cmake
[8.521s] -- Up-to-date: /home/robot/Desktop/Session06/Johnny-Answers-Session06/install/my_interfaces/share/my_interfaces/cmake/my_interfaces__rosidl_typesupport_introspection_cppExport.cmake
[8.521s] -- Up-to-date: /home/robot/Desktop/Session06/Johnny-Answers-Session06/install/my_interfaces/share/my_interfaces/cmake/my_interfaces__rosidl_typesupport_introspection_cppExport-noconfig.cmake
[8.521s] -- Up-to-date: /home/robot/Desktop/Session06/Johnny-Answers-Session06/install/my_interfaces/share/my_interfaces/cmake/my_interfaces__rosidl_typesupport_cppExport.cmake
[8.522s] -- Up-to-date: /home/robot/Desktop/Session06/Johnny-Answers-Session06/install/my_interfaces/share/my_interfaces/cmake/my_interfaces__rosidl_typesupport_cppExport-noconfig.cmake
[8.522s] -- Up-to-date: /home/robot/Desktop/Session06/Johnny-Answers-Session06/install/my_interfaces/share/my_interfaces/cmake/export_my_interfaces__rosidl_generator_pyExport.cmake
[8.522s] -- Up-to-date: /home/robot/Desktop/Session06/Johnny-Answers-Session06/install/my_interfaces/share/my_interfaces/cmake/export_my_interfaces__rosidl_generator_pyExport-noconfig.cmake
[8.522s] -- Up-to-date: /home/robot/Desktop/Session06/Johnny-Answers-Session06/install/my_interfaces/share/my_interfaces/cmake/rosidl_cmake-extras.cmake
[8.522s] -- Up-to-date: /home/robot/Desktop/Session06/Johnny-Answers-Session06/install/my_interfaces/share/my_interfaces/cmake/ament_cmake_export_dependencies-extras.cmake
[8.523s] -- Up-to-date: /home/robot/Desktop/Session06/Johnny-Answers-Session06/install/my_interfaces/share/my_interfaces/cmake/ament_cmake_export_include_directories-extras.cmake
[8.523s] -- Up-to-date: /home/robot/Desktop/Session06/Johnny-Answers-Session06/install/my_interfaces/share/my_interfaces/cmake/ament_cmake_export_libraries-extras.cmake
[8.523s] -- Up-to-date: /home/robot/Desktop/Session06/Johnny-Answers-Session06/install/my_interfaces/share/my_interfaces/cmake/ament_cmake_export_targets-extras.cmake
[8.523s] -- Up-to-date: /home/robot/Desktop/Session06/Johnny-Answers-Session06/install/my_interfaces/share/my_interfaces/cmake/rosidl_cmake_export_typesupport_targets-extras.cmake
[8.523s] -- Up-to-date: /home/robot/Desktop/Session06/Johnny-Answers-Session06/install/my_interfaces/share/my_interfaces/cmake/rosidl_cmake_export_typesupport_libraries-extras.cmake
[8.523s] -- Up-to-date: /home/robot/Desktop/Session06/Johnny-Answers-Session06/install/my_interfaces/share/my_interfaces/cmake/my_interfacesConfig.cmake
[8.524s] -- Up-to-date: /home/robot/Desktop/Session06/Johnny-Answers-Session06/install/my_interfaces/share/my_interfaces/cmake/my_interfacesConfig-version.cmake
[8.524s] -- Up-to-date: /home/robot/Desktop/Session06/Johnny-Answers-Session06/install/my_interfaces/share/my_interfaces/package.xml
[8.526s] Invoked command in '/home/robot/Desktop/Session06/Johnny-Answers-Session06/build/my_interfaces' returned '0': CMAKE_PREFIX_PATH=${CMAKE_PREFIX_PATH}:/home/robot/Desktop/Session06/Johnny-Answers-Session06/install/warehouse_robot:/opt/ros/humble /usr/bin/cmake --install /home/robot/Desktop/Session06/Johnny-Answers-Session06/build/my_interfaces
