[0.201s] DEBUG:colcon:Command line arguments: ['/usr/bin/colcon', 'build']
[0.201s] DEBUG:colcon:Parsed command line arguments: Namespace(log_base=None, log_level=None, verb_name='build', build_base='build', install_base='install', merge_install=False, symlink_install=False, test_result_base=None, continue_on_error=False, executor='parallel', parallel_workers=6, event_handlers=None, ignore_user_meta=False, metas=['./colcon.meta'], base_paths=['.'], packages_ignore=None, packages_ignore_regex=None, paths=None, packages_up_to=None, packages_up_to_regex=None, packages_above=None, packages_above_and_dependencies=None, packages_above_depth=None, packages_select_by_dep=None, packages_skip_by_dep=None, packages_skip_up_to=None, packages_select_build_failed=False, packages_skip_build_finished=False, packages_select_test_failures=False, packages_skip_test_passed=False, packages_select=None, packages_skip=None, packages_select_regex=None, packages_skip_regex=None, packages_start=None, packages_end=None, allow_overriding=[], cmake_args=None, cmake_target=None, cmake_target_skip_unavailable=False, cmake_clean_cache=False, cmake_clean_first=False, cmake_force_configure=False, ament_cmake_args=None, catkin_cmake_args=None, catkin_skip_building_tests=False, verb_parser=<colcon_defaults.argument_parser.defaults.DefaultArgumentsDecorator object at 0x7d4efce500d0>, verb_extension=<colcon_core.verb.build.BuildVerb object at 0x7d4efce13070>, main=<bound method BuildVerb.main of <colcon_core.verb.build.BuildVerb object at 0x7d4efce13070>>)
[0.493s] Level 1:colcon.colcon_core.package_discovery:discover_packages(colcon_meta) check parameters
[0.494s] Level 1:colcon.colcon_core.package_discovery:discover_packages(recursive) check parameters
[0.494s] Level 1:colcon.colcon_core.package_discovery:discover_packages(ignore) check parameters
[0.494s] Level 1:colcon.colcon_core.package_discovery:discover_packages(path) check parameters
[0.494s] Level 1:colcon.colcon_core.package_discovery:discover_packages(colcon_meta) discover
[0.494s] Level 1:colcon.colcon_core.package_discovery:discover_packages(recursive) discover
[0.494s] INFO:colcon.colcon_core.package_discovery:Crawling recursively for packages in '/home/robot/Desktop/Session06/Johnny-Answers-Session06'
[0.494s] Level 1:colcon.colcon_core.package_identification:_identify(.) by extensions ['ignore', 'ignore_ament_install']
[0.494s] Level 1:colcon.colcon_core.package_identification:_identify(.) by extension 'ignore'
[0.494s] Level 1:colcon.colcon_core.package_identification:_identify(.) by extension 'ignore_ament_install'
[0.495s] Level 1:colcon.colcon_core.package_identification:_identify(.) by extensions ['colcon_pkg']
[0.495s] Level 1:colcon.colcon_core.package_identification:_identify(.) by extension 'colcon_pkg'
[0.495s] Level 1:colcon.colcon_core.package_identification:_identify(.) by extensions ['colcon_meta']
[0.495s] Level 1:colcon.colcon_core.package_identification:_identify(.) by extension 'colcon_meta'
[0.495s] Level 1:colcon.colcon_core.package_identification:_identify(.) by extensions ['ros']
[0.495s] Level 1:colcon.colcon_core.package_identification:_identify(.) by extension 'ros'
[0.516s] Level 1:colcon.colcon_core.package_identification:_identify(.) by extensions ['cmake', 'python']
[0.516s] Level 1:colcon.colcon_core.package_identification:_identify(.) by extension 'cmake'
[0.516s] Level 1:colcon.colcon_core.package_identification:_identify(.) by extension 'python'
[0.516s] Level 1:colcon.colcon_core.package_identification:_identify(.) by extensions ['python_setup_py']
[0.516s] Level 1:colcon.colcon_core.package_identification:_identify(.) by extension 'python_setup_py'
[0.516s] Level 1:colcon.colcon_core.package_identification:_identify(build) by extensions ['ignore', 'ignore_ament_install']
[0.517s] Level 1:colcon.colcon_core.package_identification:_identify(build) by extension 'ignore'
[0.517s] Level 1:colcon.colcon_core.package_identification:_identify(build) ignored
[0.517s] Level 1:colcon.colcon_core.package_identification:_identify(install) by extensions ['ignore', 'ignore_ament_install']
[0.517s] Level 1:colcon.colcon_core.package_identification:_identify(install) by extension 'ignore'
[0.517s] Level 1:colcon.colcon_core.package_identification:_identify(install) ignored
[0.518s] Level 1:colcon.colcon_core.package_identification:_identify(log) by extensions ['ignore', 'ignore_ament_install']
[0.518s] Level 1:colcon.colcon_core.package_identification:_identify(log) by extension 'ignore'
[0.518s] Level 1:colcon.colcon_core.package_identification:_identify(log) ignored
[0.518s] Level 1:colcon.colcon_core.package_identification:_identify(src) by extensions ['ignore', 'ignore_ament_install']
[0.518s] Level 1:colcon.colcon_core.package_identification:_identify(src) by extension 'ignore'
[0.518s] Level 1:colcon.colcon_core.package_identification:_identify(src) by extension 'ignore_ament_install'
[0.518s] Level 1:colcon.colcon_core.package_identification:_identify(src) by extensions ['colcon_pkg']
[0.518s] Level 1:colcon.colcon_core.package_identification:_identify(src) by extension 'colcon_pkg'
[0.519s] Level 1:colcon.colcon_core.package_identification:_identify(src) by extensions ['colcon_meta']
[0.519s] Level 1:colcon.colcon_core.package_identification:_identify(src) by extension 'colcon_meta'
[0.519s] Level 1:colcon.colcon_core.package_identification:_identify(src) by extensions ['ros']
[0.519s] Level 1:colcon.colcon_core.package_identification:_identify(src) by extension 'ros'
[0.519s] Level 1:colcon.colcon_core.package_identification:_identify(src) by extensions ['cmake', 'python']
[0.519s] Level 1:colcon.colcon_core.package_identification:_identify(src) by extension 'cmake'
[0.519s] Level 1:colcon.colcon_core.package_identification:_identify(src) by extension 'python'
[0.519s] Level 1:colcon.colcon_core.package_identification:_identify(src) by extensions ['python_setup_py']
[0.519s] Level 1:colcon.colcon_core.package_identification:_identify(src) by extension 'python_setup_py'
[0.519s] Level 1:colcon.colcon_core.package_identification:_identify(src/my_interfaces) by extensions ['ignore', 'ignore_ament_install']
[0.520s] Level 1:colcon.colcon_core.package_identification:_identify(src/my_interfaces) by extension 'ignore'
[0.520s] Level 1:colcon.colcon_core.package_identification:_identify(src/my_interfaces) by extension 'ignore_ament_install'
[0.520s] Level 1:colcon.colcon_core.package_identification:_identify(src/my_interfaces) by extensions ['colcon_pkg']
[0.520s] Level 1:colcon.colcon_core.package_identification:_identify(src/my_interfaces) by extension 'colcon_pkg'
[0.520s] Level 1:colcon.colcon_core.package_identification:_identify(src/my_interfaces) by extensions ['colcon_meta']
[0.520s] Level 1:colcon.colcon_core.package_identification:_identify(src/my_interfaces) by extension 'colcon_meta'
[0.520s] Level 1:colcon.colcon_core.package_identification:_identify(src/my_interfaces) by extensions ['ros']
[0.520s] Level 1:colcon.colcon_core.package_identification:_identify(src/my_interfaces) by extension 'ros'
[0.524s] DEBUG:colcon.colcon_core.package_identification:Package 'src/my_interfaces' with type 'ros.ament_cmake' and name 'my_interfaces'
[0.524s] Level 1:colcon.colcon_core.package_identification:_identify(src/warehouse_robot) by extensions ['ignore', 'ignore_ament_install']
[0.525s] Level 1:colcon.colcon_core.package_identification:_identify(src/warehouse_robot) by extension 'ignore'
[0.525s] Level 1:colcon.colcon_core.package_identification:_identify(src/warehouse_robot) by extension 'ignore_ament_install'
[0.525s] Level 1:colcon.colcon_core.package_identification:_identify(src/warehouse_robot) by extensions ['colcon_pkg']
[0.525s] Level 1:colcon.colcon_core.package_identification:_identify(src/warehouse_robot) by extension 'colcon_pkg'
[0.525s] Level 1:colcon.colcon_core.package_identification:_identify(src/warehouse_robot) by extensions ['colcon_meta']
[0.525s] Level 1:colcon.colcon_core.package_identification:_identify(src/warehouse_robot) by extension 'colcon_meta'
[0.525s] Level 1:colcon.colcon_core.package_identification:_identify(src/warehouse_robot) by extensions ['ros']
[0.525s] Level 1:colcon.colcon_core.package_identification:_identify(src/warehouse_robot) by extension 'ros'
[0.526s] DEBUG:colcon.colcon_core.package_identification:Package 'src/warehouse_robot' with type 'ros.ament_python' and name 'warehouse_robot'
[0.526s] Level 1:colcon.colcon_core.package_discovery:discover_packages(recursive) using defaults
[0.526s] Level 1:colcon.colcon_core.package_discovery:discover_packages(ignore) discover
[0.526s] Level 1:colcon.colcon_core.package_discovery:discover_packages(ignore) using defaults
[0.526s] Level 1:colcon.colcon_core.package_discovery:discover_packages(path) discover
[0.526s] Level 1:colcon.colcon_core.package_discovery:discover_packages(path) using defaults
[0.560s] Level 1:colcon.colcon_core.package_discovery:discover_packages(prefix_path) check parameters
[0.560s] Level 1:colcon.colcon_core.package_discovery:discover_packages(prefix_path) discover
[0.564s] DEBUG:colcon.colcon_installed_package_information.package_discovery:Found 3 installed packages in /home/robot/Desktop/Session06/Johnny-Answers-Session06/install
[0.568s] DEBUG:colcon.colcon_installed_package_information.package_discovery:Found 270 installed packages in /opt/ros/humble
[0.570s] Level 1:colcon.colcon_core.package_discovery:discover_packages(prefix_path) using defaults
[0.660s] Level 5:colcon.colcon_core.verb:set package 'my_interfaces' build argument 'cmake_args' from command line to 'None'
[0.660s] Level 5:colcon.colcon_core.verb:set package 'my_interfaces' build argument 'cmake_target' from command line to 'None'
[0.660s] Level 5:colcon.colcon_core.verb:set package 'my_interfaces' build argument 'cmake_target_skip_unavailable' from command line to 'False'
[0.660s] Level 5:colcon.colcon_core.verb:set package 'my_interfaces' build argument 'cmake_clean_cache' from command line to 'False'
[0.660s] Level 5:colcon.colcon_core.verb:set package 'my_interfaces' build argument 'cmake_clean_first' from command line to 'False'
[0.660s] Level 5:colcon.colcon_core.verb:set package 'my_interfaces' build argument 'cmake_force_configure' from command line to 'False'
[0.660s] Level 5:colcon.colcon_core.verb:set package 'my_interfaces' build argument 'ament_cmake_args' from command line to 'None'
[0.660s] Level 5:colcon.colcon_core.verb:set package 'my_interfaces' build argument 'catkin_cmake_args' from command line to 'None'
[0.660s] Level 5:colcon.colcon_core.verb:set package 'my_interfaces' build argument 'catkin_skip_building_tests' from command line to 'False'
[0.660s] DEBUG:colcon.colcon_core.verb:Building package 'my_interfaces' with the following arguments: {'ament_cmake_args': None, 'build_base': '/home/robot/Desktop/Session06/Johnny-Answers-Session06/build/my_interfaces', 'catkin_cmake_args': None, 'catkin_skip_building_tests': False, 'cmake_args': None, 'cmake_clean_cache': False, 'cmake_clean_first': False, 'cmake_force_configure': False, 'cmake_target': None, 'cmake_target_skip_unavailable': False, 'install_base': '/home/robot/Desktop/Session06/Johnny-Answers-Session06/install/my_interfaces', 'merge_install': False, 'path': '/home/robot/Desktop/Session06/Johnny-Answers-Session06/src/my_interfaces', 'symlink_install': False, 'test_result_base': None}
[0.661s] Level 5:colcon.colcon_core.verb:set package 'warehouse_robot' build argument 'cmake_args' from command line to 'None'
[0.661s] Level 5:colcon.colcon_core.verb:set package 'warehouse_robot' build argument 'cmake_target' from command line to 'None'
[0.661s] Level 5:colcon.colcon_core.verb:set package 'warehouse_robot' build argument 'cmake_target_skip_unavailable' from command line to 'False'
[0.661s] Level 5:colcon.colcon_core.verb:set package 'warehouse_robot' build argument 'cmake_clean_cache' from command line to 'False'
[0.661s] Level 5:colcon.colcon_core.verb:set package 'warehouse_robot' build argument 'cmake_clean_first' from command line to 'False'
[0.661s] Level 5:colcon.colcon_core.verb:set package 'warehouse_robot' build argument 'cmake_force_configure' from command line to 'False'
[0.662s] Level 5:colcon.colcon_core.verb:set package 'warehouse_robot' build argument 'ament_cmake_args' from command line to 'None'
[0.662s] Level 5:colcon.colcon_core.verb:set package 'warehouse_robot' build argument 'catkin_cmake_args' from command line to 'None'
[0.662s] Level 5:colcon.colcon_core.verb:set package 'warehouse_robot' build argument 'catkin_skip_building_tests' from command line to 'False'
[0.662s] DEBUG:colcon.colcon_core.verb:Building package 'warehouse_robot' with the following arguments: {'ament_cmake_args': None, 'build_base': '/home/robot/Desktop/Session06/Johnny-Answers-Session06/build/warehouse_robot', 'catkin_cmake_args': None, 'catkin_skip_building_tests': False, 'cmake_args': None, 'cmake_clean_cache': False, 'cmake_clean_first': False, 'cmake_force_configure': False, 'cmake_target': None, 'cmake_target_skip_unavailable': False, 'install_base': '/home/robot/Desktop/Session06/Johnny-Answers-Session06/install/warehouse_robot', 'merge_install': False, 'path': '/home/robot/Desktop/Session06/Johnny-Answers-Session06/src/warehouse_robot', 'symlink_install': False, 'test_result_base': None}
[0.662s] INFO:colcon.colcon_core.executor:Executing jobs using 'parallel' executor
[0.664s] DEBUG:colcon.colcon_parallel_executor.executor.parallel:run_until_complete
[0.664s] INFO:colcon.colcon_ros.task.ament_cmake.build:Building ROS package in '/home/robot/Desktop/Session06/Johnny-Answers-Session06/src/my_interfaces' with build type 'ament_cmake'
[0.665s] INFO:colcon.colcon_cmake.task.cmake.build:Building CMake package in '/home/robot/Desktop/Session06/Johnny-Answers-Session06/src/my_interfaces'
[0.670s] INFO:colcon.colcon_core.plugin_system:Skipping extension 'colcon_core.shell.bat': Not used on non-Windows systems
[0.670s] INFO:colcon.colcon_core.shell:Skip shell extension 'powershell' for command environment: Not usable outside of PowerShell
[0.670s] DEBUG:colcon.colcon_core.shell:Skip shell extension 'dsv' for command environment
[0.681s] INFO:colcon.colcon_ros.task.ament_python.build:Building ROS package in '/home/robot/Desktop/Session06/Johnny-Answers-Session06/src/warehouse_robot' with build type 'ament_python'
[0.681s] Level 1:colcon.colcon_core.shell:create_environment_hook('warehouse_robot', 'ament_prefix_path')
[0.682s] INFO:colcon.colcon_core.shell:Creating environment hook '/home/robot/Desktop/Session06/Johnny-Answers-Session06/install/warehouse_robot/share/warehouse_robot/hook/ament_prefix_path.ps1'
[0.684s] INFO:colcon.colcon_core.shell:Creating environment descriptor '/home/robot/Desktop/Session06/Johnny-Answers-Session06/install/warehouse_robot/share/warehouse_robot/hook/ament_prefix_path.dsv'
[0.685s] INFO:colcon.colcon_core.shell:Creating environment hook '/home/robot/Desktop/Session06/Johnny-Answers-Session06/install/warehouse_robot/share/warehouse_robot/hook/ament_prefix_path.sh'
[0.687s] INFO:colcon.colcon_core.shell:Skip shell extension 'powershell' for command environment: Not usable outside of PowerShell
[0.687s] DEBUG:colcon.colcon_core.shell:Skip shell extension 'dsv' for command environment
[0.710s] DEBUG:colcon.colcon_core.event_handler.log_command:Invoking command in '/home/robot/Desktop/Session06/Johnny-Answers-Session06/build/my_interfaces': CMAKE_PREFIX_PATH=${CMAKE_PREFIX_PATH}:/home/robot/Desktop/Session06/Johnny-Answers-Session06/install/warehouse_robot:/opt/ros/humble /usr/bin/cmake --build /home/robot/Desktop/Session06/Johnny-Answers-Session06/build/my_interfaces -- -j6 -l6
[1.283s] INFO:colcon.colcon_core.task.python.build:Building Python package in '/home/robot/Desktop/Session06/Johnny-Answers-Session06/src/warehouse_robot'
[1.284s] INFO:colcon.colcon_core.shell:Skip shell extension 'powershell' for command environment: Not usable outside of PowerShell
[1.284s] DEBUG:colcon.colcon_core.shell:Skip shell extension 'dsv' for command environment
[1.534s] DEBUG:colcon.colcon_core.event_handler.log_command:Invoked command in '/home/robot/Desktop/Session06/Johnny-Answers-Session06/build/my_interfaces' returned '0': CMAKE_PREFIX_PATH=${CMAKE_PREFIX_PATH}:/home/robot/Desktop/Session06/Johnny-Answers-Session06/install/warehouse_robot:/opt/ros/humble /usr/bin/cmake --build /home/robot/Desktop/Session06/Johnny-Answers-Session06/build/my_interfaces -- -j6 -l6
[1.902s] DEBUG:colcon.colcon_core.event_handler.log_command:Invoking command in '/home/robot/Desktop/Session06/Johnny-Answers-Session06/src/warehouse_robot': PYTHONPATH=/home/robot/Desktop/Session06/Johnny-Answers-Session06/build/warehouse_robot/prefix_override:/usr/lib/python3/dist-packages/colcon_core/task/python/colcon_distutils_commands:/home/robot/Desktop/Session06/Johnny-Answers-Session06/install/warehouse_robot/lib/python3.10/site-packages:${PYTHONPATH} /usr/bin/python3 -W ignore:setup.py install is deprecated setup.py egg_info --egg-base ../../build/warehouse_robot build --build-base /home/robot/Desktop/Session06/Johnny-Answers-Session06/build/warehouse_robot/build install --record /home/robot/Desktop/Session06/Johnny-Answers-Session06/build/warehouse_robot/install.log --single-version-externally-managed install_data
[2.027s] DEBUG:colcon.colcon_core.event_handler.log_command:Invoking command in '/home/robot/Desktop/Session06/Johnny-Answers-Session06/build/my_interfaces': CMAKE_PREFIX_PATH=${CMAKE_PREFIX_PATH}:/home/robot/Desktop/Session06/Johnny-Answers-Session06/install/warehouse_robot:/opt/ros/humble /usr/bin/cmake --install /home/robot/Desktop/Session06/Johnny-Answers-Session06/build/my_interfaces
[2.148s] Level 1:colcon.colcon_core.environment:create_environment_scripts_only(my_interfaces)
[2.150s] DEBUG:colcon.colcon_core.event_handler.log_command:Invoked command in '/home/robot/Desktop/Session06/Johnny-Answers-Session06/build/my_interfaces' returned '0': CMAKE_PREFIX_PATH=${CMAKE_PREFIX_PATH}:/home/robot/Desktop/Session06/Johnny-Answers-Session06/install/warehouse_robot:/opt/ros/humble /usr/bin/cmake --install /home/robot/Desktop/Session06/Johnny-Answers-Session06/build/my_interfaces
[2.154s] Level 1:colcon.colcon_core.environment:checking '/home/robot/Desktop/Session06/Johnny-Answers-Session06/install/my_interfaces' for CMake module files
[2.155s] Level 1:colcon.colcon_core.environment:checking '/home/robot/Desktop/Session06/Johnny-Answers-Session06/install/my_interfaces' for CMake config files
[2.157s] Level 1:colcon.colcon_core.shell:create_environment_hook('my_interfaces', 'cmake_prefix_path')
[2.157s] INFO:colcon.colcon_core.shell:Creating environment hook '/home/robot/Desktop/Session06/Johnny-Answers-Session06/install/my_interfaces/share/my_interfaces/hook/cmake_prefix_path.ps1'
[2.158s] INFO:colcon.colcon_core.shell:Creating environment descriptor '/home/robot/Desktop/Session06/Johnny-Answers-Session06/install/my_interfaces/share/my_interfaces/hook/cmake_prefix_path.dsv'
[2.159s] INFO:colcon.colcon_core.shell:Creating environment hook '/home/robot/Desktop/Session06/Johnny-Answers-Session06/install/my_interfaces/share/my_interfaces/hook/cmake_prefix_path.sh'
[2.161s] Level 1:colcon.colcon_core.environment:checking '/home/robot/Desktop/Session06/Johnny-Answers-Session06/install/my_interfaces/lib'
[2.161s] Level 1:colcon.colcon_core.shell:create_environment_hook('my_interfaces', 'ld_library_path_lib')
[2.161s] INFO:colcon.colcon_core.shell:Creating environment hook '/home/robot/Desktop/Session06/Johnny-Answers-Session06/install/my_interfaces/share/my_interfaces/hook/ld_library_path_lib.ps1'
[2.162s] INFO:colcon.colcon_core.shell:Creating environment descriptor '/home/robot/Desktop/Session06/Johnny-Answers-Session06/install/my_interfaces/share/my_interfaces/hook/ld_library_path_lib.dsv'
[2.163s] INFO:colcon.colcon_core.shell:Creating environment hook '/home/robot/Desktop/Session06/Johnny-Answers-Session06/install/my_interfaces/share/my_interfaces/hook/ld_library_path_lib.sh'
[2.164s] Level 1:colcon.colcon_core.environment:checking '/home/robot/Desktop/Session06/Johnny-Answers-Session06/install/my_interfaces/bin'
[2.164s] Level 1:colcon.colcon_core.environment:checking '/home/robot/Desktop/Session06/Johnny-Answers-Session06/install/my_interfaces/lib/pkgconfig/my_interfaces.pc'
[2.164s] Level 1:colcon.colcon_core.environment:checking '/home/robot/Desktop/Session06/Johnny-Answers-Session06/install/my_interfaces/lib/python3.10/site-packages'
[2.165s] Level 1:colcon.colcon_core.environment:checking '/home/robot/Desktop/Session06/Johnny-Answers-Session06/install/my_interfaces/bin'
[2.165s] INFO:colcon.colcon_core.shell:Creating package script '/home/robot/Desktop/Session06/Johnny-Answers-Session06/install/my_interfaces/share/my_interfaces/package.ps1'
[2.167s] INFO:colcon.colcon_core.shell:Creating package descriptor '/home/robot/Desktop/Session06/Johnny-Answers-Session06/install/my_interfaces/share/my_interfaces/package.dsv'
[2.168s] INFO:colcon.colcon_core.shell:Creating package script '/home/robot/Desktop/Session06/Johnny-Answers-Session06/install/my_interfaces/share/my_interfaces/package.sh'
[2.169s] INFO:colcon.colcon_core.shell:Creating package script '/home/robot/Desktop/Session06/Johnny-Answers-Session06/install/my_interfaces/share/my_interfaces/package.bash'
[2.171s] INFO:colcon.colcon_core.shell:Creating package script '/home/robot/Desktop/Session06/Johnny-Answers-Session06/install/my_interfaces/share/my_interfaces/package.zsh'
[2.172s] Level 1:colcon.colcon_core.environment:create_file_with_runtime_dependencies(/home/robot/Desktop/Session06/Johnny-Answers-Session06/install/my_interfaces/share/colcon-core/packages/my_interfaces)
[2.438s] Level 1:colcon.colcon_core.environment:checking '/home/robot/Desktop/Session06/Johnny-Answers-Session06/install/warehouse_robot' for CMake module files
[2.440s] DEBUG:colcon.colcon_core.event_handler.log_command:Invoked command in '/home/robot/Desktop/Session06/Johnny-Answers-Session06/src/warehouse_robot' returned '0': PYTHONPATH=/home/robot/Desktop/Session06/Johnny-Answers-Session06/build/warehouse_robot/prefix_override:/usr/lib/python3/dist-packages/colcon_core/task/python/colcon_distutils_commands:/home/robot/Desktop/Session06/Johnny-Answers-Session06/install/warehouse_robot/lib/python3.10/site-packages:${PYTHONPATH} /usr/bin/python3 -W ignore:setup.py install is deprecated setup.py egg_info --egg-base ../../build/warehouse_robot build --build-base /home/robot/Desktop/Session06/Johnny-Answers-Session06/build/warehouse_robot/build install --record /home/robot/Desktop/Session06/Johnny-Answers-Session06/build/warehouse_robot/install.log --single-version-externally-managed install_data
[2.441s] Level 1:colcon.colcon_core.environment:checking '/home/robot/Desktop/Session06/Johnny-Answers-Session06/install/warehouse_robot' for CMake config files
[2.442s] Level 1:colcon.colcon_core.environment:checking '/home/robot/Desktop/Session06/Johnny-Answers-Session06/install/warehouse_robot/lib'
[2.443s] Level 1:colcon.colcon_core.environment:checking '/home/robot/Desktop/Session06/Johnny-Answers-Session06/install/warehouse_robot/bin'
[2.443s] Level 1:colcon.colcon_core.environment:checking '/home/robot/Desktop/Session06/Johnny-Answers-Session06/install/warehouse_robot/lib/pkgconfig/warehouse_robot.pc'
[2.443s] Level 1:colcon.colcon_core.environment:checking '/home/robot/Desktop/Session06/Johnny-Answers-Session06/install/warehouse_robot/lib/python3.10/site-packages'
[2.443s] Level 1:colcon.colcon_core.shell:create_environment_hook('warehouse_robot', 'pythonpath')
[2.444s] INFO:colcon.colcon_core.shell:Creating environment hook '/home/robot/Desktop/Session06/Johnny-Answers-Session06/install/warehouse_robot/share/warehouse_robot/hook/pythonpath.ps1'
[2.445s] INFO:colcon.colcon_core.shell:Creating environment descriptor '/home/robot/Desktop/Session06/Johnny-Answers-Session06/install/warehouse_robot/share/warehouse_robot/hook/pythonpath.dsv'
[2.446s] INFO:colcon.colcon_core.shell:Creating environment hook '/home/robot/Desktop/Session06/Johnny-Answers-Session06/install/warehouse_robot/share/warehouse_robot/hook/pythonpath.sh'
[2.447s] Level 1:colcon.colcon_core.environment:checking '/home/robot/Desktop/Session06/Johnny-Answers-Session06/install/warehouse_robot/bin'
[2.447s] Level 1:colcon.colcon_core.environment:create_environment_scripts_only(warehouse_robot)
[2.448s] INFO:colcon.colcon_core.shell:Creating package script '/home/robot/Desktop/Session06/Johnny-Answers-Session06/install/warehouse_robot/share/warehouse_robot/package.ps1'
[2.449s] INFO:colcon.colcon_core.shell:Creating package descriptor '/home/robot/Desktop/Session06/Johnny-Answers-Session06/install/warehouse_robot/share/warehouse_robot/package.dsv'
[2.450s] INFO:colcon.colcon_core.shell:Creating package script '/home/robot/Desktop/Session06/Johnny-Answers-Session06/install/warehouse_robot/share/warehouse_robot/package.sh'
[2.451s] INFO:colcon.colcon_core.shell:Creating package script '/home/robot/Desktop/Session06/Johnny-Answers-Session06/install/warehouse_robot/share/warehouse_robot/package.bash'
[2.452s] INFO:colcon.colcon_core.shell:Creating package script '/home/robot/Desktop/Session06/Johnny-Answers-Session06/install/warehouse_robot/share/warehouse_robot/package.zsh'
[2.453s] Level 1:colcon.colcon_core.environment:create_file_with_runtime_dependencies(/home/robot/Desktop/Session06/Johnny-Answers-Session06/install/warehouse_robot/share/colcon-core/packages/warehouse_robot)
[2.648s] Level 1:colcon.colcon_core.environment:create_environment_scripts_only(my_interfaces)
[2.648s] Level 1:colcon.colcon_core.environment:checking '/home/robot/Desktop/Session06/Johnny-Answers-Session06/install/my_interfaces' for CMake module files
[2.650s] Level 1:colcon.colcon_core.environment:checking '/home/robot/Desktop/Session06/Johnny-Answers-Session06/install/my_interfaces' for CMake config files
[2.652s] Level 1:colcon.colcon_core.shell:create_environment_hook('my_interfaces', 'cmake_prefix_path')
[2.652s] INFO:colcon.colcon_core.shell:Creating environment hook '/home/robot/Desktop/Session06/Johnny-Answers-Session06/install/my_interfaces/share/my_interfaces/hook/cmake_prefix_path.ps1'
[2.653s] INFO:colcon.colcon_core.shell:Creating environment descriptor '/home/robot/Desktop/Session06/Johnny-Answers-Session06/install/my_interfaces/share/my_interfaces/hook/cmake_prefix_path.dsv'
[2.654s] INFO:colcon.colcon_core.shell:Creating environment hook '/home/robot/Desktop/Session06/Johnny-Answers-Session06/install/my_interfaces/share/my_interfaces/hook/cmake_prefix_path.sh'
[2.655s] Level 1:colcon.colcon_core.environment:checking '/home/robot/Desktop/Session06/Johnny-Answers-Session06/install/my_interfaces/lib'
[2.656s] Level 1:colcon.colcon_core.shell:create_environment_hook('my_interfaces', 'ld_library_path_lib')
[2.656s] INFO:colcon.colcon_core.shell:Creating environment hook '/home/robot/Desktop/Session06/Johnny-Answers-Session06/install/my_interfaces/share/my_interfaces/hook/ld_library_path_lib.ps1'
[2.657s] INFO:colcon.colcon_core.shell:Creating environment descriptor '/home/robot/Desktop/Session06/Johnny-Answers-Session06/install/my_interfaces/share/my_interfaces/hook/ld_library_path_lib.dsv'
[2.658s] INFO:colcon.colcon_core.shell:Creating environment hook '/home/robot/Desktop/Session06/Johnny-Answers-Session06/install/my_interfaces/share/my_interfaces/hook/ld_library_path_lib.sh'
[2.659s] Level 1:colcon.colcon_core.environment:checking '/home/robot/Desktop/Session06/Johnny-Answers-Session06/install/my_interfaces/bin'
[2.659s] Level 1:colcon.colcon_core.environment:checking '/home/robot/Desktop/Session06/Johnny-Answers-Session06/install/my_interfaces/lib/pkgconfig/my_interfaces.pc'
[2.659s] Level 1:colcon.colcon_core.environment:checking '/home/robot/Desktop/Session06/Johnny-Answers-Session06/install/my_interfaces/lib/python3.10/site-packages'
[2.660s] Level 1:colcon.colcon_core.environment:checking '/home/robot/Desktop/Session06/Johnny-Answers-Session06/install/my_interfaces/bin'
[2.660s] INFO:colcon.colcon_core.shell:Creating package script '/home/robot/Desktop/Session06/Johnny-Answers-Session06/install/my_interfaces/share/my_interfaces/package.ps1'
[2.661s] INFO:colcon.colcon_core.shell:Creating package descriptor '/home/robot/Desktop/Session06/Johnny-Answers-Session06/install/my_interfaces/share/my_interfaces/package.dsv'
[2.662s] INFO:colcon.colcon_core.shell:Creating package script '/home/robot/Desktop/Session06/Johnny-Answers-Session06/install/my_interfaces/share/my_interfaces/package.sh'
[2.663s] INFO:colcon.colcon_core.shell:Creating package script '/home/robot/Desktop/Session06/Johnny-Answers-Session06/install/my_interfaces/share/my_interfaces/package.bash'
[2.664s] INFO:colcon.colcon_core.shell:Creating package script '/home/robot/Desktop/Session06/Johnny-Answers-Session06/install/my_interfaces/share/my_interfaces/package.zsh'
[2.665s] Level 1:colcon.colcon_core.environment:create_file_with_runtime_dependencies(/home/robot/Desktop/Session06/Johnny-Answers-Session06/install/my_interfaces/share/colcon-core/packages/my_interfaces)
[2.666s] DEBUG:colcon.colcon_parallel_executor.executor.parallel:closing loop
[2.667s] DEBUG:colcon.colcon_parallel_executor.executor.parallel:loop closed
[2.667s] DEBUG:colcon.colcon_parallel_executor.executor.parallel:run_until_complete finished with '0'
[2.667s] DEBUG:colcon.colcon_core.event_reactor:joining thread
[2.677s] INFO:colcon.colcon_core.plugin_system:Skipping extension 'colcon_notification.desktop_notification.terminal_notifier': Not used on non-Darwin systems
[2.678s] INFO:colcon.colcon_core.plugin_system:Skipping extension 'colcon_notification.desktop_notification.win32': Not used on non-Windows systems
[2.678s] INFO:colcon.colcon_notification.desktop_notification:Sending desktop notification using 'notify2'
[2.703s] DEBUG:colcon.colcon_core.event_reactor:joined thread
[2.703s] INFO:colcon.colcon_core.shell:Creating prefix script '/home/robot/Desktop/Session06/Johnny-Answers-Session06/install/local_setup.ps1'
[2.705s] INFO:colcon.colcon_core.shell:Creating prefix util module '/home/robot/Desktop/Session06/Johnny-Answers-Session06/install/_local_setup_util_ps1.py'
[2.707s] INFO:colcon.colcon_core.shell:Creating prefix chain script '/home/robot/Desktop/Session06/Johnny-Answers-Session06/install/setup.ps1'
[2.710s] INFO:colcon.colcon_core.shell:Creating prefix script '/home/robot/Desktop/Session06/Johnny-Answers-Session06/install/local_setup.sh'
[2.711s] INFO:colcon.colcon_core.shell:Creating prefix util module '/home/robot/Desktop/Session06/Johnny-Answers-Session06/install/_local_setup_util_sh.py'
[2.712s] INFO:colcon.colcon_core.shell:Creating prefix chain script '/home/robot/Desktop/Session06/Johnny-Answers-Session06/install/setup.sh'
[2.714s] INFO:colcon.colcon_core.shell:Creating prefix script '/home/robot/Desktop/Session06/Johnny-Answers-Session06/install/local_setup.bash'
[2.716s] INFO:colcon.colcon_core.shell:Creating prefix chain script '/home/robot/Desktop/Session06/Johnny-Answers-Session06/install/setup.bash'
[2.718s] INFO:colcon.colcon_core.shell:Creating prefix script '/home/robot/Desktop/Session06/Johnny-Answers-Session06/install/local_setup.zsh'
[2.720s] INFO:colcon.colcon_core.shell:Creating prefix chain script '/home/robot/Desktop/Session06/Johnny-Answers-Session06/install/setup.zsh'
