[0.197s] DEBUG:colcon:Command line arguments: ['/usr/bin/colcon', 'build']
[0.198s] DEBUG:colcon:Parsed command line arguments: Namespace(log_base=None, log_level=None, verb_name='build', build_base='build', install_base='install', merge_install=False, symlink_install=False, test_result_base=None, continue_on_error=False, executor='parallel', parallel_workers=6, event_handlers=None, ignore_user_meta=False, metas=['./colcon.meta'], base_paths=['.'], packages_ignore=None, packages_ignore_regex=None, paths=None, packages_up_to=None, packages_up_to_regex=None, packages_above=None, packages_above_and_dependencies=None, packages_above_depth=None, packages_select_by_dep=None, packages_skip_by_dep=None, packages_skip_up_to=None, packages_select_build_failed=False, packages_skip_build_finished=False, packages_select_test_failures=False, packages_skip_test_passed=False, packages_select=None, packages_skip=None, packages_select_regex=None, packages_skip_regex=None, packages_start=None, packages_end=None, allow_overriding=[], cmake_args=None, cmake_target=None, cmake_target_skip_unavailable=False, cmake_clean_cache=False, cmake_clean_first=False, cmake_force_configure=False, ament_cmake_args=None, catkin_cmake_args=None, catkin_skip_building_tests=False, verb_parser=<colcon_defaults.argument_parser.defaults.DefaultArgumentsDecorator object at 0x70f8f092c0d0>, verb_extension=<colcon_core.verb.build.BuildVerb object at 0x70f8f08f3070>, main=<bound method BuildVerb.main of <colcon_core.verb.build.BuildVerb object at 0x70f8f08f3070>>)
[0.498s] Level 1:colcon.colcon_core.package_discovery:discover_packages(colcon_meta) check parameters
[0.498s] Level 1:colcon.colcon_core.package_discovery:discover_packages(recursive) check parameters
[0.498s] Level 1:colcon.colcon_core.package_discovery:discover_packages(ignore) check parameters
[0.498s] Level 1:colcon.colcon_core.package_discovery:discover_packages(path) check parameters
[0.498s] Level 1:colcon.colcon_core.package_discovery:discover_packages(colcon_meta) discover
[0.498s] Level 1:colcon.colcon_core.package_discovery:discover_packages(recursive) discover
[0.498s] INFO:colcon.colcon_core.package_discovery:Crawling recursively for packages in '/home/robot/Desktop/Session06/Johnny-Answers-Session06'
[0.499s] Level 1:colcon.colcon_core.package_identification:_identify(.) by extensions ['ignore', 'ignore_ament_install']
[0.499s] Level 1:colcon.colcon_core.package_identification:_identify(.) by extension 'ignore'
[0.499s] Level 1:colcon.colcon_core.package_identification:_identify(.) by extension 'ignore_ament_install'
[0.499s] Level 1:colcon.colcon_core.package_identification:_identify(.) by extensions ['colcon_pkg']
[0.499s] Level 1:colcon.colcon_core.package_identification:_identify(.) by extension 'colcon_pkg'
[0.499s] Level 1:colcon.colcon_core.package_identification:_identify(.) by extensions ['colcon_meta']
[0.499s] Level 1:colcon.colcon_core.package_identification:_identify(.) by extension 'colcon_meta'
[0.499s] Level 1:colcon.colcon_core.package_identification:_identify(.) by extensions ['ros']
[0.499s] Level 1:colcon.colcon_core.package_identification:_identify(.) by extension 'ros'
[0.523s] Level 1:colcon.colcon_core.package_identification:_identify(.) by extensions ['cmake', 'python']
[0.523s] Level 1:colcon.colcon_core.package_identification:_identify(.) by extension 'cmake'
[0.523s] Level 1:colcon.colcon_core.package_identification:_identify(.) by extension 'python'
[0.523s] Level 1:colcon.colcon_core.package_identification:_identify(.) by extensions ['python_setup_py']
[0.523s] Level 1:colcon.colcon_core.package_identification:_identify(.) by extension 'python_setup_py'
[0.523s] Level 1:colcon.colcon_core.package_identification:_identify(build) by extensions ['ignore', 'ignore_ament_install']
[0.524s] Level 1:colcon.colcon_core.package_identification:_identify(build) by extension 'ignore'
[0.524s] Level 1:colcon.colcon_core.package_identification:_identify(build) ignored
[0.524s] Level 1:colcon.colcon_core.package_identification:_identify(install) by extensions ['ignore', 'ignore_ament_install']
[0.524s] Level 1:colcon.colcon_core.package_identification:_identify(install) by extension 'ignore'
[0.525s] Level 1:colcon.colcon_core.package_identification:_identify(install) ignored
[0.525s] Level 1:colcon.colcon_core.package_identification:_identify(log) by extensions ['ignore', 'ignore_ament_install']
[0.525s] Level 1:colcon.colcon_core.package_identification:_identify(log) by extension 'ignore'
[0.525s] Level 1:colcon.colcon_core.package_identification:_identify(log) ignored
[0.525s] Level 1:colcon.colcon_core.package_identification:_identify(src) by extensions ['ignore', 'ignore_ament_install']
[0.525s] Level 1:colcon.colcon_core.package_identification:_identify(src) by extension 'ignore'
[0.525s] Level 1:colcon.colcon_core.package_identification:_identify(src) by extension 'ignore_ament_install'
[0.526s] Level 1:colcon.colcon_core.package_identification:_identify(src) by extensions ['colcon_pkg']
[0.526s] Level 1:colcon.colcon_core.package_identification:_identify(src) by extension 'colcon_pkg'
[0.526s] Level 1:colcon.colcon_core.package_identification:_identify(src) by extensions ['colcon_meta']
[0.526s] Level 1:colcon.colcon_core.package_identification:_identify(src) by extension 'colcon_meta'
[0.526s] Level 1:colcon.colcon_core.package_identification:_identify(src) by extensions ['ros']
[0.526s] Level 1:colcon.colcon_core.package_identification:_identify(src) by extension 'ros'
[0.526s] Level 1:colcon.colcon_core.package_identification:_identify(src) by extensions ['cmake', 'python']
[0.526s] Level 1:colcon.colcon_core.package_identification:_identify(src) by extension 'cmake'
[0.526s] Level 1:colcon.colcon_core.package_identification:_identify(src) by extension 'python'
[0.526s] Level 1:colcon.colcon_core.package_identification:_identify(src) by extensions ['python_setup_py']
[0.527s] Level 1:colcon.colcon_core.package_identification:_identify(src) by extension 'python_setup_py'
[0.527s] Level 1:colcon.colcon_core.package_identification:_identify(src/my_interfaces) by extensions ['ignore', 'ignore_ament_install']
[0.527s] Level 1:colcon.colcon_core.package_identification:_identify(src/my_interfaces) by extension 'ignore'
[0.527s] Level 1:colcon.colcon_core.package_identification:_identify(src/my_interfaces) by extension 'ignore_ament_install'
[0.527s] Level 1:colcon.colcon_core.package_identification:_identify(src/my_interfaces) by extensions ['colcon_pkg']
[0.527s] Level 1:colcon.colcon_core.package_identification:_identify(src/my_interfaces) by extension 'colcon_pkg'
[0.527s] Level 1:colcon.colcon_core.package_identification:_identify(src/my_interfaces) by extensions ['colcon_meta']
[0.527s] Level 1:colcon.colcon_core.package_identification:_identify(src/my_interfaces) by extension 'colcon_meta'
[0.527s] Level 1:colcon.colcon_core.package_identification:_identify(src/my_interfaces) by extensions ['ros']
[0.527s] Level 1:colcon.colcon_core.package_identification:_identify(src/my_interfaces) by extension 'ros'
[0.532s] DEBUG:colcon.colcon_core.package_identification:Package 'src/my_interfaces' with type 'ros.ament_cmake' and name 'my_interfaces'
[0.532s] Level 1:colcon.colcon_core.package_identification:_identify(src/warehouse_robot) by extensions ['ignore', 'ignore_ament_install']
[0.532s] Level 1:colcon.colcon_core.package_identification:_identify(src/warehouse_robot) by extension 'ignore'
[0.532s] Level 1:colcon.colcon_core.package_identification:_identify(src/warehouse_robot) by extension 'ignore_ament_install'
[0.533s] Level 1:colcon.colcon_core.package_identification:_identify(src/warehouse_robot) by extensions ['colcon_pkg']
[0.533s] Level 1:colcon.colcon_core.package_identification:_identify(src/warehouse_robot) by extension 'colcon_pkg'
[0.533s] Level 1:colcon.colcon_core.package_identification:_identify(src/warehouse_robot) by extensions ['colcon_meta']
[0.533s] Level 1:colcon.colcon_core.package_identification:_identify(src/warehouse_robot) by extension 'colcon_meta'
[0.533s] Level 1:colcon.colcon_core.package_identification:_identify(src/warehouse_robot) by extensions ['ros']
[0.533s] Level 1:colcon.colcon_core.package_identification:_identify(src/warehouse_robot) by extension 'ros'
[0.534s] DEBUG:colcon.colcon_core.package_identification:Package 'src/warehouse_robot' with type 'ros.ament_python' and name 'warehouse_robot'
[0.534s] Level 1:colcon.colcon_core.package_discovery:discover_packages(recursive) using defaults
[0.534s] Level 1:colcon.colcon_core.package_discovery:discover_packages(ignore) discover
[0.534s] Level 1:colcon.colcon_core.package_discovery:discover_packages(ignore) using defaults
[0.534s] Level 1:colcon.colcon_core.package_discovery:discover_packages(path) discover
[0.534s] Level 1:colcon.colcon_core.package_discovery:discover_packages(path) using defaults
[0.569s] Level 1:colcon.colcon_core.package_discovery:discover_packages(prefix_path) check parameters
[0.570s] Level 1:colcon.colcon_core.package_discovery:discover_packages(prefix_path) discover
[0.573s] DEBUG:colcon.colcon_installed_package_information.package_discovery:Found 3 installed packages in /home/robot/Desktop/Session06/Johnny-Answers-Session06/install
[0.577s] DEBUG:colcon.colcon_installed_package_information.package_discovery:Found 270 installed packages in /opt/ros/humble
[0.580s] Level 1:colcon.colcon_core.package_discovery:discover_packages(prefix_path) using defaults
[0.670s] Level 5:colcon.colcon_core.verb:set package 'my_interfaces' build argument 'cmake_args' from command line to 'None'
[0.671s] Level 5:colcon.colcon_core.verb:set package 'my_interfaces' build argument 'cmake_target' from command line to 'None'
[0.671s] Level 5:colcon.colcon_core.verb:set package 'my_interfaces' build argument 'cmake_target_skip_unavailable' from command line to 'False'
[0.671s] Level 5:colcon.colcon_core.verb:set package 'my_interfaces' build argument 'cmake_clean_cache' from command line to 'False'
[0.671s] Level 5:colcon.colcon_core.verb:set package 'my_interfaces' build argument 'cmake_clean_first' from command line to 'False'
[0.671s] Level 5:colcon.colcon_core.verb:set package 'my_interfaces' build argument 'cmake_force_configure' from command line to 'False'
[0.671s] Level 5:colcon.colcon_core.verb:set package 'my_interfaces' build argument 'ament_cmake_args' from command line to 'None'
[0.671s] Level 5:colcon.colcon_core.verb:set package 'my_interfaces' build argument 'catkin_cmake_args' from command line to 'None'
[0.671s] Level 5:colcon.colcon_core.verb:set package 'my_interfaces' build argument 'catkin_skip_building_tests' from command line to 'False'
[0.671s] DEBUG:colcon.colcon_core.verb:Building package 'my_interfaces' with the following arguments: {'ament_cmake_args': None, 'build_base': '/home/robot/Desktop/Session06/Johnny-Answers-Session06/build/my_interfaces', 'catkin_cmake_args': None, 'catkin_skip_building_tests': False, 'cmake_args': None, 'cmake_clean_cache': False, 'cmake_clean_first': False, 'cmake_force_configure': False, 'cmake_target': None, 'cmake_target_skip_unavailable': False, 'install_base': '/home/robot/Desktop/Session06/Johnny-Answers-Session06/install/my_interfaces', 'merge_install': False, 'path': '/home/robot/Desktop/Session06/Johnny-Answers-Session06/src/my_interfaces', 'symlink_install': False, 'test_result_base': None}
[0.672s] Level 5:colcon.colcon_core.verb:set package 'warehouse_robot' build argument 'cmake_args' from command line to 'None'
[0.672s] Level 5:colcon.colcon_core.verb:set package 'warehouse_robot' build argument 'cmake_target' from command line to 'None'
[0.672s] Level 5:colcon.colcon_core.verb:set package 'warehouse_robot' build argument 'cmake_target_skip_unavailable' from command line to 'False'
[0.672s] Level 5:colcon.colcon_core.verb:set package 'warehouse_robot' build argument 'cmake_clean_cache' from command line to 'False'
[0.672s] Level 5:colcon.colcon_core.verb:set package 'warehouse_robot' build argument 'cmake_clean_first' from command line to 'False'
[0.672s] Level 5:colcon.colcon_core.verb:set package 'warehouse_robot' build argument 'cmake_force_configure' from command line to 'False'
[0.673s] Level 5:colcon.colcon_core.verb:set package 'warehouse_robot' build argument 'ament_cmake_args' from command line to 'None'
[0.673s] Level 5:colcon.colcon_core.verb:set package 'warehouse_robot' build argument 'catkin_cmake_args' from command line to 'None'
[0.673s] Level 5:colcon.colcon_core.verb:set package 'warehouse_robot' build argument 'catkin_skip_building_tests' from command line to 'False'
[0.673s] DEBUG:colcon.colcon_core.verb:Building package 'warehouse_robot' with the following arguments: {'ament_cmake_args': None, 'build_base': '/home/robot/Desktop/Session06/Johnny-Answers-Session06/build/warehouse_robot', 'catkin_cmake_args': None, 'catkin_skip_building_tests': False, 'cmake_args': None, 'cmake_clean_cache': False, 'cmake_clean_first': False, 'cmake_force_configure': False, 'cmake_target': None, 'cmake_target_skip_unavailable': False, 'install_base': '/home/robot/Desktop/Session06/Johnny-Answers-Session06/install/warehouse_robot', 'merge_install': False, 'path': '/home/robot/Desktop/Session06/Johnny-Answers-Session06/src/warehouse_robot', 'symlink_install': False, 'test_result_base': None}
[0.673s] INFO:colcon.colcon_core.executor:Executing jobs using 'parallel' executor
[0.676s] DEBUG:colcon.colcon_parallel_executor.executor.parallel:run_until_complete
[0.676s] INFO:colcon.colcon_ros.task.ament_cmake.build:Building ROS package in '/home/robot/Desktop/Session06/Johnny-Answers-Session06/src/my_interfaces' with build type 'ament_cmake'
[0.677s] INFO:colcon.colcon_cmake.task.cmake.build:Building CMake package in '/home/robot/Desktop/Session06/Johnny-Answers-Session06/src/my_interfaces'
[0.681s] INFO:colcon.colcon_core.plugin_system:Skipping extension 'colcon_core.shell.bat': Not used on non-Windows systems
[0.681s] INFO:colcon.colcon_core.shell:Skip shell extension 'powershell' for command environment: Not usable outside of PowerShell
[0.681s] DEBUG:colcon.colcon_core.shell:Skip shell extension 'dsv' for command environment
[0.691s] INFO:colcon.colcon_ros.task.ament_python.build:Building ROS package in '/home/robot/Desktop/Session06/Johnny-Answers-Session06/src/warehouse_robot' with build type 'ament_python'
[0.691s] Level 1:colcon.colcon_core.shell:create_environment_hook('warehouse_robot', 'ament_prefix_path')
[0.692s] INFO:colcon.colcon_core.shell:Creating environment hook '/home/robot/Desktop/Session06/Johnny-Answers-Session06/install/warehouse_robot/share/warehouse_robot/hook/ament_prefix_path.ps1'
[0.693s] INFO:colcon.colcon_core.shell:Creating environment descriptor '/home/robot/Desktop/Session06/Johnny-Answers-Session06/install/warehouse_robot/share/warehouse_robot/hook/ament_prefix_path.dsv'
[0.694s] INFO:colcon.colcon_core.shell:Creating environment hook '/home/robot/Desktop/Session06/Johnny-Answers-Session06/install/warehouse_robot/share/warehouse_robot/hook/ament_prefix_path.sh'
[0.697s] INFO:colcon.colcon_core.shell:Skip shell extension 'powershell' for command environment: Not usable outside of PowerShell
[0.698s] DEBUG:colcon.colcon_core.shell:Skip shell extension 'dsv' for command environment
[0.720s] DEBUG:colcon.colcon_core.event_handler.log_command:Invoking command in '/home/robot/Desktop/Session06/Johnny-Answers-Session06/build/my_interfaces': CMAKE_PREFIX_PATH=${CMAKE_PREFIX_PATH}:/home/robot/Desktop/Session06/Johnny-Answers-Session06/install/warehouse_robot:/opt/ros/humble /usr/bin/cmake --build /home/robot/Desktop/Session06/Johnny-Answers-Session06/build/my_interfaces -- -j6 -l6
[1.275s] INFO:colcon.colcon_core.task.python.build:Building Python package in '/home/robot/Desktop/Session06/Johnny-Answers-Session06/src/warehouse_robot'
[1.276s] INFO:colcon.colcon_core.shell:Skip shell extension 'powershell' for command environment: Not usable outside of PowerShell
[1.276s] DEBUG:colcon.colcon_core.shell:Skip shell extension 'dsv' for command environment
[1.653s] DEBUG:colcon.colcon_core.event_handler.log_command:Invoked command in '/home/robot/Desktop/Session06/Johnny-Answers-Session06/build/my_interfaces' returned '0': CMAKE_PREFIX_PATH=${CMAKE_PREFIX_PATH}:/home/robot/Desktop/Session06/Johnny-Answers-Session06/install/warehouse_robot:/opt/ros/humble /usr/bin/cmake --build /home/robot/Desktop/Session06/Johnny-Answers-Session06/build/my_interfaces -- -j6 -l6
[1.981s] DEBUG:colcon.colcon_core.event_handler.log_command:Invoking command in '/home/robot/Desktop/Session06/Johnny-Answers-Session06/src/warehouse_robot': PYTHONPATH=/home/robot/Desktop/Session06/Johnny-Answers-Session06/build/warehouse_robot/prefix_override:/usr/lib/python3/dist-packages/colcon_core/task/python/colcon_distutils_commands:/home/robot/Desktop/Session06/Johnny-Answers-Session06/install/warehouse_robot/lib/python3.10/site-packages:${PYTHONPATH} /usr/bin/python3 -W ignore:setup.py install is deprecated setup.py egg_info --egg-base ../../build/warehouse_robot build --build-base /home/robot/Desktop/Session06/Johnny-Answers-Session06/build/warehouse_robot/build install --record /home/robot/Desktop/Session06/Johnny-Answers-Session06/build/warehouse_robot/install.log --single-version-externally-managed install_data
[2.147s] DEBUG:colcon.colcon_core.event_handler.log_command:Invoking command in '/home/robot/Desktop/Session06/Johnny-Answers-Session06/build/my_interfaces': CMAKE_PREFIX_PATH=${CMAKE_PREFIX_PATH}:/home/robot/Desktop/Session06/Johnny-Answers-Session06/install/warehouse_robot:/opt/ros/humble /usr/bin/cmake --install /home/robot/Desktop/Session06/Johnny-Answers-Session06/build/my_interfaces
[2.265s] Level 1:colcon.colcon_core.environment:create_environment_scripts_only(my_interfaces)
[2.270s] DEBUG:colcon.colcon_core.event_handler.log_command:Invoked command in '/home/robot/Desktop/Session06/Johnny-Answers-Session06/build/my_interfaces' returned '0': CMAKE_PREFIX_PATH=${CMAKE_PREFIX_PATH}:/home/robot/Desktop/Session06/Johnny-Answers-Session06/install/warehouse_robot:/opt/ros/humble /usr/bin/cmake --install /home/robot/Desktop/Session06/Johnny-Answers-Session06/build/my_interfaces
[2.273s] Level 1:colcon.colcon_core.environment:checking '/home/robot/Desktop/Session06/Johnny-Answers-Session06/install/my_interfaces' for CMake module files
[2.275s] Level 1:colcon.colcon_core.environment:checking '/home/robot/Desktop/Session06/Johnny-Answers-Session06/install/my_interfaces' for CMake config files
[2.276s] Level 1:colcon.colcon_core.shell:create_environment_hook('my_interfaces', 'cmake_prefix_path')
[2.277s] INFO:colcon.colcon_core.shell:Creating environment hook '/home/robot/Desktop/Session06/Johnny-Answers-Session06/install/my_interfaces/share/my_interfaces/hook/cmake_prefix_path.ps1'
[2.278s] INFO:colcon.colcon_core.shell:Creating environment descriptor '/home/robot/Desktop/Session06/Johnny-Answers-Session06/install/my_interfaces/share/my_interfaces/hook/cmake_prefix_path.dsv'
[2.279s] INFO:colcon.colcon_core.shell:Creating environment hook '/home/robot/Desktop/Session06/Johnny-Answers-Session06/install/my_interfaces/share/my_interfaces/hook/cmake_prefix_path.sh'
[2.280s] Level 1:colcon.colcon_core.environment:checking '/home/robot/Desktop/Session06/Johnny-Answers-Session06/install/my_interfaces/lib'
[2.280s] Level 1:colcon.colcon_core.shell:create_environment_hook('my_interfaces', 'ld_library_path_lib')
[2.281s] INFO:colcon.colcon_core.shell:Creating environment hook '/home/robot/Desktop/Session06/Johnny-Answers-Session06/install/my_interfaces/share/my_interfaces/hook/ld_library_path_lib.ps1'
[2.281s] INFO:colcon.colcon_core.shell:Creating environment descriptor '/home/robot/Desktop/Session06/Johnny-Answers-Session06/install/my_interfaces/share/my_interfaces/hook/ld_library_path_lib.dsv'
[2.282s] INFO:colcon.colcon_core.shell:Creating environment hook '/home/robot/Desktop/Session06/Johnny-Answers-Session06/install/my_interfaces/share/my_interfaces/hook/ld_library_path_lib.sh'
[2.283s] Level 1:colcon.colcon_core.environment:checking '/home/robot/Desktop/Session06/Johnny-Answers-Session06/install/my_interfaces/bin'
[2.283s] Level 1:colcon.colcon_core.environment:checking '/home/robot/Desktop/Session06/Johnny-Answers-Session06/install/my_interfaces/lib/pkgconfig/my_interfaces.pc'
[2.284s] Level 1:colcon.colcon_core.environment:checking '/home/robot/Desktop/Session06/Johnny-Answers-Session06/install/my_interfaces/lib/python3.10/site-packages'
[2.285s] Level 1:colcon.colcon_core.environment:checking '/home/robot/Desktop/Session06/Johnny-Answers-Session06/install/my_interfaces/bin'
[2.285s] INFO:colcon.colcon_core.shell:Creating package script '/home/robot/Desktop/Session06/Johnny-Answers-Session06/install/my_interfaces/share/my_interfaces/package.ps1'
[2.287s] INFO:colcon.colcon_core.shell:Creating package descriptor '/home/robot/Desktop/Session06/Johnny-Answers-Session06/install/my_interfaces/share/my_interfaces/package.dsv'
[2.288s] INFO:colcon.colcon_core.shell:Creating package script '/home/robot/Desktop/Session06/Johnny-Answers-Session06/install/my_interfaces/share/my_interfaces/package.sh'
[2.289s] INFO:colcon.colcon_core.shell:Creating package script '/home/robot/Desktop/Session06/Johnny-Answers-Session06/install/my_interfaces/share/my_interfaces/package.bash'
[2.291s] INFO:colcon.colcon_core.shell:Creating package script '/home/robot/Desktop/Session06/Johnny-Answers-Session06/install/my_interfaces/share/my_interfaces/package.zsh'
[2.292s] Level 1:colcon.colcon_core.environment:create_file_with_runtime_dependencies(/home/robot/Desktop/Session06/Johnny-Answers-Session06/install/my_interfaces/share/colcon-core/packages/my_interfaces)
[2.510s] Level 1:colcon.colcon_core.environment:checking '/home/robot/Desktop/Session06/Johnny-Answers-Session06/install/warehouse_robot' for CMake module files
[2.511s] DEBUG:colcon.colcon_core.event_handler.log_command:Invoked command in '/home/robot/Desktop/Session06/Johnny-Answers-Session06/src/warehouse_robot' returned '0': PYTHONPATH=/home/robot/Desktop/Session06/Johnny-Answers-Session06/build/warehouse_robot/prefix_override:/usr/lib/python3/dist-packages/colcon_core/task/python/colcon_distutils_commands:/home/robot/Desktop/Session06/Johnny-Answers-Session06/install/warehouse_robot/lib/python3.10/site-packages:${PYTHONPATH} /usr/bin/python3 -W ignore:setup.py install is deprecated setup.py egg_info --egg-base ../../build/warehouse_robot build --build-base /home/robot/Desktop/Session06/Johnny-Answers-Session06/build/warehouse_robot/build install --record /home/robot/Desktop/Session06/Johnny-Answers-Session06/build/warehouse_robot/install.log --single-version-externally-managed install_data
[2.512s] Level 1:colcon.colcon_core.environment:checking '/home/robot/Desktop/Session06/Johnny-Answers-Session06/install/warehouse_robot' for CMake config files
[2.514s] Level 1:colcon.colcon_core.environment:checking '/home/robot/Desktop/Session06/Johnny-Answers-Session06/install/warehouse_robot/lib'
[2.514s] Level 1:colcon.colcon_core.environment:checking '/home/robot/Desktop/Session06/Johnny-Answers-Session06/install/warehouse_robot/bin'
[2.514s] Level 1:colcon.colcon_core.environment:checking '/home/robot/Desktop/Session06/Johnny-Answers-Session06/install/warehouse_robot/lib/pkgconfig/warehouse_robot.pc'
[2.515s] Level 1:colcon.colcon_core.environment:checking '/home/robot/Desktop/Session06/Johnny-Answers-Session06/install/warehouse_robot/lib/python3.10/site-packages'
[2.515s] Level 1:colcon.colcon_core.shell:create_environment_hook('warehouse_robot', 'pythonpath')
[2.516s] INFO:colcon.colcon_core.shell:Creating environment hook '/home/robot/Desktop/Session06/Johnny-Answers-Session06/install/warehouse_robot/share/warehouse_robot/hook/pythonpath.ps1'
[2.518s] INFO:colcon.colcon_core.shell:Creating environment descriptor '/home/robot/Desktop/Session06/Johnny-Answers-Session06/install/warehouse_robot/share/warehouse_robot/hook/pythonpath.dsv'
[2.519s] INFO:colcon.colcon_core.shell:Creating environment hook '/home/robot/Desktop/Session06/Johnny-Answers-Session06/install/warehouse_robot/share/warehouse_robot/hook/pythonpath.sh'
[2.520s] Level 1:colcon.colcon_core.environment:checking '/home/robot/Desktop/Session06/Johnny-Answers-Session06/install/warehouse_robot/bin'
[2.520s] Level 1:colcon.colcon_core.environment:create_environment_scripts_only(warehouse_robot)
[2.521s] INFO:colcon.colcon_core.shell:Creating package script '/home/robot/Desktop/Session06/Johnny-Answers-Session06/install/warehouse_robot/share/warehouse_robot/package.ps1'
[2.522s] INFO:colcon.colcon_core.shell:Creating package descriptor '/home/robot/Desktop/Session06/Johnny-Answers-Session06/install/warehouse_robot/share/warehouse_robot/package.dsv'
[2.523s] INFO:colcon.colcon_core.shell:Creating package script '/home/robot/Desktop/Session06/Johnny-Answers-Session06/install/warehouse_robot/share/warehouse_robot/package.sh'
[2.524s] INFO:colcon.colcon_core.shell:Creating package script '/home/robot/Desktop/Session06/Johnny-Answers-Session06/install/warehouse_robot/share/warehouse_robot/package.bash'
[2.525s] INFO:colcon.colcon_core.shell:Creating package script '/home/robot/Desktop/Session06/Johnny-Answers-Session06/install/warehouse_robot/share/warehouse_robot/package.zsh'
[2.526s] Level 1:colcon.colcon_core.environment:create_file_with_runtime_dependencies(/home/robot/Desktop/Session06/Johnny-Answers-Session06/install/warehouse_robot/share/colcon-core/packages/warehouse_robot)
[2.761s] Level 1:colcon.colcon_core.environment:create_environment_scripts_only(my_interfaces)
[2.762s] Level 1:colcon.colcon_core.environment:checking '/home/robot/Desktop/Session06/Johnny-Answers-Session06/install/my_interfaces' for CMake module files
[2.764s] Level 1:colcon.colcon_core.environment:checking '/home/robot/Desktop/Session06/Johnny-Answers-Session06/install/my_interfaces' for CMake config files
[2.766s] Level 1:colcon.colcon_core.shell:create_environment_hook('my_interfaces', 'cmake_prefix_path')
[2.766s] INFO:colcon.colcon_core.shell:Creating environment hook '/home/robot/Desktop/Session06/Johnny-Answers-Session06/install/my_interfaces/share/my_interfaces/hook/cmake_prefix_path.ps1'
[2.767s] INFO:colcon.colcon_core.shell:Creating environment descriptor '/home/robot/Desktop/Session06/Johnny-Answers-Session06/install/my_interfaces/share/my_interfaces/hook/cmake_prefix_path.dsv'
[2.768s] INFO:colcon.colcon_core.shell:Creating environment hook '/home/robot/Desktop/Session06/Johnny-Answers-Session06/install/my_interfaces/share/my_interfaces/hook/cmake_prefix_path.sh'
[2.769s] Level 1:colcon.colcon_core.environment:checking '/home/robot/Desktop/Session06/Johnny-Answers-Session06/install/my_interfaces/lib'
[2.770s] Level 1:colcon.colcon_core.shell:create_environment_hook('my_interfaces', 'ld_library_path_lib')
[2.770s] INFO:colcon.colcon_core.shell:Creating environment hook '/home/robot/Desktop/Session06/Johnny-Answers-Session06/install/my_interfaces/share/my_interfaces/hook/ld_library_path_lib.ps1'
[2.771s] INFO:colcon.colcon_core.shell:Creating environment descriptor '/home/robot/Desktop/Session06/Johnny-Answers-Session06/install/my_interfaces/share/my_interfaces/hook/ld_library_path_lib.dsv'
[2.772s] INFO:colcon.colcon_core.shell:Creating environment hook '/home/robot/Desktop/Session06/Johnny-Answers-Session06/install/my_interfaces/share/my_interfaces/hook/ld_library_path_lib.sh'
[2.773s] Level 1:colcon.colcon_core.environment:checking '/home/robot/Desktop/Session06/Johnny-Answers-Session06/install/my_interfaces/bin'
[2.773s] Level 1:colcon.colcon_core.environment:checking '/home/robot/Desktop/Session06/Johnny-Answers-Session06/install/my_interfaces/lib/pkgconfig/my_interfaces.pc'
[2.774s] Level 1:colcon.colcon_core.environment:checking '/home/robot/Desktop/Session06/Johnny-Answers-Session06/install/my_interfaces/lib/python3.10/site-packages'
[2.774s] Level 1:colcon.colcon_core.environment:checking '/home/robot/Desktop/Session06/Johnny-Answers-Session06/install/my_interfaces/bin'
[2.775s] INFO:colcon.colcon_core.shell:Creating package script '/home/robot/Desktop/Session06/Johnny-Answers-Session06/install/my_interfaces/share/my_interfaces/package.ps1'
[2.776s] INFO:colcon.colcon_core.shell:Creating package descriptor '/home/robot/Desktop/Session06/Johnny-Answers-Session06/install/my_interfaces/share/my_interfaces/package.dsv'
[2.777s] INFO:colcon.colcon_core.shell:Creating package script '/home/robot/Desktop/Session06/Johnny-Answers-Session06/install/my_interfaces/share/my_interfaces/package.sh'
[2.779s] INFO:colcon.colcon_core.shell:Creating package script '/home/robot/Desktop/Session06/Johnny-Answers-Session06/install/my_interfaces/share/my_interfaces/package.bash'
[2.780s] INFO:colcon.colcon_core.shell:Creating package script '/home/robot/Desktop/Session06/Johnny-Answers-Session06/install/my_interfaces/share/my_interfaces/package.zsh'
[2.781s] Level 1:colcon.colcon_core.environment:create_file_with_runtime_dependencies(/home/robot/Desktop/Session06/Johnny-Answers-Session06/install/my_interfaces/share/colcon-core/packages/my_interfaces)
[2.782s] DEBUG:colcon.colcon_parallel_executor.executor.parallel:closing loop
[2.783s] DEBUG:colcon.colcon_parallel_executor.executor.parallel:loop closed
[2.783s] DEBUG:colcon.colcon_parallel_executor.executor.parallel:run_until_complete finished with '0'
[2.783s] DEBUG:colcon.colcon_core.event_reactor:joining thread
[2.794s] INFO:colcon.colcon_core.plugin_system:Skipping extension 'colcon_notification.desktop_notification.terminal_notifier': Not used on non-Darwin systems
[2.794s] INFO:colcon.colcon_core.plugin_system:Skipping extension 'colcon_notification.desktop_notification.win32': Not used on non-Windows systems
[2.794s] INFO:colcon.colcon_notification.desktop_notification:Sending desktop notification using 'notify2'
[2.816s] DEBUG:colcon.colcon_core.event_reactor:joined thread
[2.817s] INFO:colcon.colcon_core.shell:Creating prefix script '/home/robot/Desktop/Session06/Johnny-Answers-Session06/install/local_setup.ps1'
[2.819s] INFO:colcon.colcon_core.shell:Creating prefix util module '/home/robot/Desktop/Session06/Johnny-Answers-Session06/install/_local_setup_util_ps1.py'
[2.822s] INFO:colcon.colcon_core.shell:Creating prefix chain script '/home/robot/Desktop/Session06/Johnny-Answers-Session06/install/setup.ps1'
[2.824s] INFO:colcon.colcon_core.shell:Creating prefix script '/home/robot/Desktop/Session06/Johnny-Answers-Session06/install/local_setup.sh'
[2.825s] INFO:colcon.colcon_core.shell:Creating prefix util module '/home/robot/Desktop/Session06/Johnny-Answers-Session06/install/_local_setup_util_sh.py'
[2.827s] INFO:colcon.colcon_core.shell:Creating prefix chain script '/home/robot/Desktop/Session06/Johnny-Answers-Session06/install/setup.sh'
[2.831s] INFO:colcon.colcon_core.shell:Creating prefix script '/home/robot/Desktop/Session06/Johnny-Answers-Session06/install/local_setup.bash'
[2.833s] INFO:colcon.colcon_core.shell:Creating prefix chain script '/home/robot/Desktop/Session06/Johnny-Answers-Session06/install/setup.bash'
[2.835s] INFO:colcon.colcon_core.shell:Creating prefix script '/home/robot/Desktop/Session06/Johnny-Answers-Session06/install/local_setup.zsh'
[2.837s] INFO:colcon.colcon_core.shell:Creating prefix chain script '/home/robot/Desktop/Session06/Johnny-Answers-Session06/install/setup.zsh'
