[0.041s] Invoking command in '/home/robot/Desktop/Session06/Johnny-Answers-Session06/build/my_package': CMAKE_PREFIX_PATH=/home/robot/Desktop/Session06/Johnny-Answers-Session06/install/warehouse_robot:/opt/ros/humble /usr/bin/cmake /home/robot/Desktop/Session06/Johnny-Answers-Session06/src/my_package -DCMAKE_INSTALL_PREFIX=/home/robot/Desktop/Session06/Johnny-Answers-Session06/install/my_package
[0.460s] -- The C compiler identification is GNU 11.4.0
[0.871s] -- The CXX compiler identification is GNU 11.4.0
[0.929s] -- Detecting C compiler ABI info
[1.131s] -- Detecting C compiler ABI info - done
[1.141s] -- Check for working C compiler: /usr/bin/cc - skipped
[1.144s] -- Detecting C compile features
[1.148s] -- Detecting C compile features - done
[1.163s] -- Detecting CXX compiler ABI info
[1.356s] -- Detecting CXX compiler ABI info - done
[1.370s] -- Check for working CXX compiler: /usr/bin/c++ - skipped
[1.370s] -- Detecting CXX compile features
[1.370s] -- Detecting CXX compile features - done
[1.412s] -- Found ament_cmake: 1.3.9 (/opt/ros/humble/share/ament_cmake/cmake)
[1.754s] -- Found Python3: /usr/bin/python3 (found version "3.10.12") found components: Interpreter 
[2.051s] -- Found ament_lint_auto: 0.12.11 (/opt/ros/humble/share/ament_lint_auto/cmake)
[2.233s] -- Added test 'cppcheck' to perform static code analysis on C / C++ code
[2.234s] -- Configured cppcheck include dirs: $<BUILD_INTERFACE:/home/robot/Desktop/Session06/Johnny-Answers-Session06/src/my_package/include>
[2.234s] -- Configured cppcheck exclude dirs and/or files: 
[2.237s] -- Added test 'lint_cmake' to check CMake code style
[2.241s] -- Added test 'uncrustify' to check C / C++ code style
[2.241s] -- Configured uncrustify additional arguments: 
[2.243s] -- Added test 'xmllint' to check XML markup files
[2.250s] -- Configuring done
[2.264s] -- Generating done
[2.266s] -- Build files have been written to: /home/robot/Desktop/Session06/Johnny-Answers-Session06/build/my_package
[2.278s] Invoked command in '/home/robot/Desktop/Session06/Johnny-Answers-Session06/build/my_package' returned '0': CMAKE_PREFIX_PATH=/home/robot/Desktop/Session06/Johnny-Answers-Session06/install/warehouse_robot:/opt/ros/humble /usr/bin/cmake /home/robot/Desktop/Session06/Johnny-Answers-Session06/src/my_package -DCMAKE_INSTALL_PREFIX=/home/robot/Desktop/Session06/Johnny-Answers-Session06/install/my_package
[2.279s] Invoking command in '/home/robot/Desktop/Session06/Johnny-Answers-Session06/build/my_package': CMAKE_PREFIX_PATH=/home/robot/Desktop/Session06/Johnny-Answers-Session06/install/warehouse_robot:/opt/ros/humble /usr/bin/cmake --build /home/robot/Desktop/Session06/Johnny-Answers-Session06/build/my_package -- -j6 -l6
[2.394s] [ 50%] [32mBuilding CXX object CMakeFiles/my_node.dir/src/my_node.cpp.o[0m
[2.503s] [100%] [32m[1mLinking CXX executable my_node[0m
[2.614s] [100%] Built target my_node
[2.638s] Invoked command in '/home/robot/Desktop/Session06/Johnny-Answers-Session06/build/my_package' returned '0': CMAKE_PREFIX_PATH=/home/robot/Desktop/Session06/Johnny-Answers-Session06/install/warehouse_robot:/opt/ros/humble /usr/bin/cmake --build /home/robot/Desktop/Session06/Johnny-Answers-Session06/build/my_package -- -j6 -l6
[2.749s] Invoking command in '/home/robot/Desktop/Session06/Johnny-Answers-Session06/build/my_package': CMAKE_PREFIX_PATH=/home/robot/Desktop/Session06/Johnny-Answers-Session06/install/warehouse_robot:/opt/ros/humble /usr/bin/cmake --install /home/robot/Desktop/Session06/Johnny-Answers-Session06/build/my_package
[2.767s] -- Install configuration: ""
[2.767s] -- Installing: /home/robot/Desktop/Session06/Johnny-Answers-Session06/install/my_package/lib/my_package/my_node
[2.768s] -- Installing: /home/robot/Desktop/Session06/Johnny-Answers-Session06/install/my_package/share/ament_index/resource_index/package_run_dependencies/my_package
[2.770s] -- Installing: /home/robot/Desktop/Session06/Johnny-Answers-Session06/install/my_package/share/ament_index/resource_index/parent_prefix_path/my_package
[2.770s] -- Installing: /home/robot/Desktop/Session06/Johnny-Answers-Session06/install/my_package/share/my_package/environment/ament_prefix_path.sh
[2.770s] -- Installing: /home/robot/Desktop/Session06/Johnny-Answers-Session06/install/my_package/share/my_package/environment/ament_prefix_path.dsv
[2.771s] -- Installing: /home/robot/Desktop/Session06/Johnny-Answers-Session06/install/my_package/share/my_package/environment/path.sh
[2.772s] -- Installing: /home/robot/Desktop/Session06/Johnny-Answers-Session06/install/my_package/share/my_package/environment/path.dsv
[2.772s] -- Installing: /home/robot/Desktop/Session06/Johnny-Answers-Session06/install/my_package/share/my_package/local_setup.bash
[2.772s] -- Installing: /home/robot/Desktop/Session06/Johnny-Answers-Session06/install/my_package/share/my_package/local_setup.sh
[2.773s] -- Installing: /home/robot/Desktop/Session06/Johnny-Answers-Session06/install/my_package/share/my_package/local_setup.zsh
[2.773s] -- Installing: /home/robot/Desktop/Session06/Johnny-Answers-Session06/install/my_package/share/my_package/local_setup.dsv
[2.773s] -- Installing: /home/robot/Desktop/Session06/Johnny-Answers-Session06/install/my_package/share/my_package/package.dsv
[2.774s] -- Installing: /home/robot/Desktop/Session06/Johnny-Answers-Session06/install/my_package/share/ament_index/resource_index/packages/my_package
[2.774s] -- Installing: /home/robot/Desktop/Session06/Johnny-Answers-Session06/install/my_package/share/my_package/cmake/my_packageConfig.cmake
[2.774s] -- Installing: /home/robot/Desktop/Session06/Johnny-Answers-Session06/install/my_package/share/my_package/cmake/my_packageConfig-version.cmake
[2.774s] -- Installing: /home/robot/Desktop/Session06/Johnny-Answers-Session06/install/my_package/share/my_package/package.xml
[2.780s] Invoked command in '/home/robot/Desktop/Session06/Johnny-Answers-Session06/build/my_package' returned '0': CMAKE_PREFIX_PATH=/home/robot/Desktop/Session06/Johnny-Answers-Session06/install/warehouse_robot:/opt/ros/humble /usr/bin/cmake --install /home/robot/Desktop/Session06/Johnny-Answers-Session06/build/my_package
