[0.064s] Invoking command in '/home/robot/Desktop/Session06/Johnny-Answers-Session06/build/my_interfaces': CMAKE_PREFIX_PATH=/opt/ros/humble /usr/bin/cmake --build /home/robot/Desktop/Session06/Johnny-Answers-Session06/build/my_interfaces -- -j6 -l6
[0.349s] -- Found ament_cmake: 1.3.9 (/opt/ros/humble/share/ament_cmake/cmake)
[0.928s] -- Found ament_lint_auto: 0.12.11 (/opt/ros/humble/share/ament_lint_auto/cmake)
[1.129s] -- Found rosidl_default_generators: 1.2.0 (/opt/ros/humble/share/rosidl_default_generators/cmake)
[1.145s] -- Using all available rosidl_typesupport_c: rosidl_typesupport_fastrtps_c;rosidl_typesupport_introspection_c
[1.161s] -- Found rosidl_adapter: 3.1.5 (/opt/ros/humble/share/rosidl_adapter/cmake)
[1.322s] -- Using all available rosidl_typesupport_cpp: rosidl_typesupport_fastrtps_cpp;rosidl_typesupport_introspection_cpp
[2.187s] -- Found ament_cmake_ros: 0.10.0 (/opt/ros/humble/share/ament_cmake_ros/cmake)
[2.596s] -- Using all available rosidl_typesupport_c: rosidl_typesupport_fastrtps_c;rosidl_typesupport_introspection_c
[3.119s] -- Using all available rosidl_typesupport_cpp: rosidl_typesupport_fastrtps_cpp;rosidl_typesupport_introspection_cpp
[3.172s] -- Found python_cmake_module: 0.10.0 (/opt/ros/humble/share/python_cmake_module/cmake)
[3.234s] -- Using PYTHON_EXECUTABLE: /usr/bin/python3
[3.234s] -- Using PYTHON_INCLUDE_DIRS: /usr/include/python3.10
[3.235s] -- Using PYTHON_LIBRARIES: /usr/lib/x86_64-linux-gnu/libpython3.10.so
[3.321s] -- Added test 'lint_cmake' to check CMake code style
[3.329s] -- Added test 'xmllint' to check XML markup files
[3.391s] -- Configuring done
[3.610s] -- Generating done
[3.622s] -- Build files have been written to: /home/robot/Desktop/Session06/Johnny-Answers-Session06/build/my_interfaces
[3.687s] [  2%] [34m[1mGenerating C code for ROS interfaces[0m
[3.720s] [  4%] [34m[1mGenerating C++ code for ROS interfaces[0m
[3.794s] [  4%] Built target ament_cmake_python_copy_my_interfaces
[4.527s] running egg_info
[4.528s] writing my_interfaces.egg-info/PKG-INFO
[4.529s] writing dependency_links to my_interfaces.egg-info/dependency_links.txt
[4.535s] writing top-level names to my_interfaces.egg-info/top_level.txt
[4.535s] reading manifest file 'my_interfaces.egg-info/SOURCES.txt'
[4.551s] writing manifest file 'my_interfaces.egg-info/SOURCES.txt'
[4.597s] [  4%] Built target ament_cmake_python_build_my_interfaces_egg
[5.094s] [35m[1mConsolidate compiler generated dependencies of target my_interfaces__rosidl_generator_c[0m
[5.100s] [  4%] Built target my_interfaces__cpp
[5.143s] [  6%] [34m[1mGenerating C++ introspection for ROS interfaces[0m
[5.144s] [  8%] [34m[1mGenerating C++ type support for eProsima Fast-RTPS[0m
[5.144s] [ 10%] [34m[1mGenerating C++ type support dispatch for ROS interfaces[0m
[5.357s] [ 12%] [32mBuilding C object CMakeFiles/my_interfaces__rosidl_generator_c.dir/rosidl_generator_c/my_interfaces/action/detail/deliver_item__functions.c.o[0m
[5.367s] [ 14%] [32mBuilding C object CMakeFiles/my_interfaces__rosidl_generator_c.dir/rosidl_generator_c/my_interfaces/srv/detail/check_stock__functions.c.o[0m
[5.433s] [ 17%] [32mBuilding C object CMakeFiles/my_interfaces__rosidl_generator_c.dir/rosidl_generator_c/my_interfaces/srv/detail/add_or_update_stock__functions.c.o[0m
[6.436s] [35m[1mConsolidate compiler generated dependencies of target my_interfaces__rosidl_typesupport_cpp[0m
[6.614s] [ 19%] [32mBuilding CXX object CMakeFiles/my_interfaces__rosidl_typesupport_cpp.dir/rosidl_typesupport_cpp/my_interfaces/action/deliver_item__type_support.cpp.o[0m
[6.701s] [35m[1mConsolidate compiler generated dependencies of target my_interfaces__rosidl_typesupport_introspection_cpp[0m
[6.750s] [ 21%] [32m[1mLinking C shared library libmy_interfaces__rosidl_generator_c.so[0m
[6.764s] [ 23%] [32mBuilding CXX object CMakeFiles/my_interfaces__rosidl_typesupport_cpp.dir/rosidl_typesupport_cpp/my_interfaces/srv/check_stock__type_support.cpp.o[0m
[6.774s] [ 25%] [32mBuilding CXX object CMakeFiles/my_interfaces__rosidl_typesupport_cpp.dir/rosidl_typesupport_cpp/my_interfaces/srv/add_or_update_stock__type_support.cpp.o[0m
[6.801s] [35m[1mConsolidate compiler generated dependencies of target my_interfaces__rosidl_typesupport_fastrtps_cpp[0m
[6.831s] [ 27%] [32mBuilding CXX object CMakeFiles/my_interfaces__rosidl_typesupport_introspection_cpp.dir/rosidl_typesupport_introspection_cpp/my_interfaces/action/detail/deliver_item__type_support.cpp.o[0m
[6.867s] [ 29%] [32mBuilding CXX object CMakeFiles/my_interfaces__rosidl_typesupport_fastrtps_cpp.dir/rosidl_typesupport_fastrtps_cpp/my_interfaces/action/detail/dds_fastrtps/deliver_item__type_support.cpp.o[0m
[7.000s] [ 29%] Built target my_interfaces__rosidl_generator_c
[7.047s] [ 31%] [34m[1mGenerating C type support for eProsima Fast-RTPS[0m
[8.391s] [35m[1mConsolidate compiler generated dependencies of target my_interfaces__rosidl_typesupport_fastrtps_c[0m
[8.568s] [ 34%] [32mBuilding CXX object CMakeFiles/my_interfaces__rosidl_typesupport_fastrtps_c.dir/rosidl_typesupport_fastrtps_c/my_interfaces/action/detail/deliver_item__type_support_c.cpp.o[0m
[8.886s] [ 36%] [32mBuilding CXX object CMakeFiles/my_interfaces__rosidl_typesupport_fastrtps_cpp.dir/rosidl_typesupport_fastrtps_cpp/my_interfaces/srv/detail/dds_fastrtps/check_stock__type_support.cpp.o[0m
[8.911s] [ 38%] [32mBuilding CXX object CMakeFiles/my_interfaces__rosidl_typesupport_introspection_cpp.dir/rosidl_typesupport_introspection_cpp/my_interfaces/srv/detail/check_stock__type_support.cpp.o[0m
[9.253s] [ 40%] [32m[1mLinking CXX shared library libmy_interfaces__rosidl_typesupport_cpp.so[0m
[9.785s] [ 40%] Built target my_interfaces__rosidl_typesupport_cpp
[9.845s] [ 42%] [34m[1mGenerating C introspection for ROS interfaces[0m
[9.885s] [ 44%] [32mBuilding CXX object CMakeFiles/my_interfaces__rosidl_typesupport_introspection_cpp.dir/rosidl_typesupport_introspection_cpp/my_interfaces/srv/detail/add_or_update_stock__type_support.cpp.o[0m
[10.115s] [ 46%] [32mBuilding CXX object CMakeFiles/my_interfaces__rosidl_typesupport_fastrtps_cpp.dir/rosidl_typesupport_fastrtps_cpp/my_interfaces/srv/detail/dds_fastrtps/add_or_update_stock__type_support.cpp.o[0m
[10.186s] [ 48%] [32mBuilding CXX object CMakeFiles/my_interfaces__rosidl_typesupport_fastrtps_c.dir/rosidl_typesupport_fastrtps_c/my_interfaces/srv/detail/check_stock__type_support_c.cpp.o[0m
[10.300s] [ 51%] [32mBuilding CXX object CMakeFiles/my_interfaces__rosidl_typesupport_fastrtps_c.dir/rosidl_typesupport_fastrtps_c/my_interfaces/srv/detail/add_or_update_stock__type_support_c.cpp.o[0m
[10.358s] [ 53%] [34m[1mGenerating C type support dispatch for ROS interfaces[0m
[10.857s] [ 55%] [32m[1mLinking CXX shared library libmy_interfaces__rosidl_typesupport_introspection_cpp.so[0m
[11.067s] [ 57%] [32m[1mLinking CXX shared library libmy_interfaces__rosidl_typesupport_fastrtps_cpp.so[0m
[11.092s] [ 59%] [32m[1mLinking CXX shared library libmy_interfaces__rosidl_typesupport_fastrtps_c.so[0m
[11.119s] [ 59%] Built target my_interfaces__rosidl_typesupport_introspection_cpp
[11.260s] [ 59%] Built target my_interfaces__rosidl_typesupport_fastrtps_cpp
[11.305s] [ 59%] Built target my_interfaces__rosidl_typesupport_fastrtps_c
[11.479s] [35m[1mConsolidate compiler generated dependencies of target my_interfaces__rosidl_typesupport_introspection_c[0m
[11.513s] [ 61%] [32mBuilding C object CMakeFiles/my_interfaces__rosidl_typesupport_introspection_c.dir/rosidl_typesupport_introspection_c/my_interfaces/srv/detail/check_stock__type_support.c.o[0m
[11.520s] [ 63%] [32mBuilding C object CMakeFiles/my_interfaces__rosidl_typesupport_introspection_c.dir/rosidl_typesupport_introspection_c/my_interfaces/srv/detail/add_or_update_stock__type_support.c.o[0m
[11.521s] [ 65%] [32mBuilding C object CMakeFiles/my_interfaces__rosidl_typesupport_introspection_c.dir/rosidl_typesupport_introspection_c/my_interfaces/action/detail/deliver_item__type_support.c.o[0m
[11.597s] [35m[1mConsolidate compiler generated dependencies of target my_interfaces__rosidl_typesupport_c[0m
[11.627s] [ 68%] [32mBuilding CXX object CMakeFiles/my_interfaces__rosidl_typesupport_c.dir/rosidl_typesupport_c/my_interfaces/action/deliver_item__type_support.cpp.o[0m
[11.628s] [ 70%] [32mBuilding CXX object CMakeFiles/my_interfaces__rosidl_typesupport_c.dir/rosidl_typesupport_c/my_interfaces/srv/check_stock__type_support.cpp.o[0m
[11.637s] [ 72%] [32mBuilding CXX object CMakeFiles/my_interfaces__rosidl_typesupport_c.dir/rosidl_typesupport_c/my_interfaces/srv/add_or_update_stock__type_support.cpp.o[0m
[11.644s] [ 74%] [32m[1mLinking C shared library libmy_interfaces__rosidl_typesupport_introspection_c.so[0m
[11.732s] [ 74%] Built target my_interfaces__rosidl_typesupport_introspection_c
[11.758s] [ 76%] [32m[1mLinking CXX shared library libmy_interfaces__rosidl_typesupport_c.so[0m
[11.865s] [ 76%] Built target my_interfaces__rosidl_typesupport_c
[11.920s] [ 76%] Built target my_interfaces
[11.977s] [ 78%] [34m[1mGenerating Python code for ROS interfaces[0m
[13.808s] [ 78%] Built target my_interfaces__py
[13.850s] [35m[1mConsolidate compiler generated dependencies of target my_interfaces__rosidl_generator_py[0m
[13.912s] [ 80%] [32mBuilding C object CMakeFiles/my_interfaces__rosidl_generator_py.dir/rosidl_generator_py/my_interfaces/action/_deliver_item_s.c.o[0m
[13.913s] [ 82%] [32mBuilding C object CMakeFiles/my_interfaces__rosidl_generator_py.dir/rosidl_generator_py/my_interfaces/srv/_check_stock_s.c.o[0m
[13.919s] [ 85%] [32mBuilding C object CMakeFiles/my_interfaces__rosidl_generator_py.dir/rosidl_generator_py/my_interfaces/srv/_add_or_update_stock_s.c.o[0m
[14.407s] [ 87%] [32m[1mLinking C shared library rosidl_generator_py/my_interfaces/libmy_interfaces__rosidl_generator_py.so[0m
[14.530s] [ 87%] Built target my_interfaces__rosidl_generator_py
[14.564s] [35m[1mConsolidate compiler generated dependencies of target my_interfaces__rosidl_typesupport_introspection_c__pyext[0m
[14.564s] [35m[1mConsolidate compiler generated dependencies of target my_interfaces__rosidl_typesupport_fastrtps_c__pyext[0m
[14.565s] [35m[1mConsolidate compiler generated dependencies of target my_interfaces__rosidl_typesupport_c__pyext[0m
[14.602s] [ 91%] [32mBuilding C object CMakeFiles/my_interfaces__rosidl_typesupport_introspection_c__pyext.dir/rosidl_generator_py/my_interfaces/_my_interfaces_s.ep.rosidl_typesupport_introspection_c.c.o[0m
[14.603s] [ 91%] [32mBuilding C object CMakeFiles/my_interfaces__rosidl_typesupport_fastrtps_c__pyext.dir/rosidl_generator_py/my_interfaces/_my_interfaces_s.ep.rosidl_typesupport_fastrtps_c.c.o[0m
[14.603s] [ 93%] [32mBuilding C object CMakeFiles/my_interfaces__rosidl_typesupport_c__pyext.dir/rosidl_generator_py/my_interfaces/_my_interfaces_s.ep.rosidl_typesupport_c.c.o[0m
[14.881s] [ 95%] [32m[1mLinking C shared library rosidl_generator_py/my_interfaces/my_interfaces_s__rosidl_typesupport_c.cpython-310-x86_64-linux-gnu.so[0m
[14.881s] [ 97%] [32m[1mLinking C shared library rosidl_generator_py/my_interfaces/my_interfaces_s__rosidl_typesupport_fastrtps_c.cpython-310-x86_64-linux-gnu.so[0m
[14.892s] [100%] [32m[1mLinking C shared library rosidl_generator_py/my_interfaces/my_interfaces_s__rosidl_typesupport_introspection_c.cpython-310-x86_64-linux-gnu.so[0m
[14.992s] [100%] Built target my_interfaces__rosidl_typesupport_fastrtps_c__pyext
[14.994s] [100%] Built target my_interfaces__rosidl_typesupport_c__pyext
[14.994s] [100%] Built target my_interfaces__rosidl_typesupport_introspection_c__pyext
[15.024s] Invoked command in '/home/robot/Desktop/Session06/Johnny-Answers-Session06/build/my_interfaces' returned '0': CMAKE_PREFIX_PATH=/opt/ros/humble /usr/bin/cmake --build /home/robot/Desktop/Session06/Johnny-Answers-Session06/build/my_interfaces -- -j6 -l6
[15.520s] Invoking command in '/home/robot/Desktop/Session06/Johnny-Answers-Session06/build/my_interfaces': CMAKE_PREFIX_PATH=/opt/ros/humble /usr/bin/cmake --install /home/robot/Desktop/Session06/Johnny-Answers-Session06/build/my_interfaces
[15.542s] -- Install configuration: ""
[15.542s] -- Installing: /home/robot/Desktop/Session06/Johnny-Answers-Session06/install/my_interfaces/share/ament_index/resource_index/rosidl_interfaces/my_interfaces
[15.542s] -- Up-to-date: /home/robot/Desktop/Session06/Johnny-Answers-Session06/install/my_interfaces/include/my_interfaces/my_interfaces
[15.543s] -- Up-to-date: /home/robot/Desktop/Session06/Johnny-Answers-Session06/install/my_interfaces/include/my_interfaces/my_interfaces/msg
[15.543s] -- Up-to-date: /home/robot/Desktop/Session06/Johnny-Answers-Session06/install/my_interfaces/include/my_interfaces/my_interfaces/msg/rosidl_generator_c__visibility_control.h
[15.543s] -- Up-to-date: /home/robot/Desktop/Session06/Johnny-Answers-Session06/install/my_interfaces/include/my_interfaces/my_interfaces/action
[15.543s] -- Up-to-date: /home/robot/Desktop/Session06/Johnny-Answers-Session06/install/my_interfaces/include/my_interfaces/my_interfaces/action/detail
[15.543s] -- Installing: /home/robot/Desktop/Session06/Johnny-Answers-Session06/install/my_interfaces/include/my_interfaces/my_interfaces/action/detail/deliver_item__struct.h
[15.544s] -- Installing: /home/robot/Desktop/Session06/Johnny-Answers-Session06/install/my_interfaces/include/my_interfaces/my_interfaces/action/detail/deliver_item__type_support.h
[15.544s] -- Installing: /home/robot/Desktop/Session06/Johnny-Answers-Session06/install/my_interfaces/include/my_interfaces/my_interfaces/action/detail/deliver_item__functions.c
[15.544s] -- Installing: /home/robot/Desktop/Session06/Johnny-Answers-Session06/install/my_interfaces/include/my_interfaces/my_interfaces/action/detail/deliver_item__functions.h
[15.544s] -- Installing: /home/robot/Desktop/Session06/Johnny-Answers-Session06/install/my_interfaces/include/my_interfaces/my_interfaces/action/deliver_item.h
[15.544s] -- Up-to-date: /home/robot/Desktop/Session06/Johnny-Answers-Session06/install/my_interfaces/include/my_interfaces/my_interfaces/srv
[15.544s] -- Installing: /home/robot/Desktop/Session06/Johnny-Answers-Session06/install/my_interfaces/include/my_interfaces/my_interfaces/srv/add_or_update_stock.h
[15.544s] -- Up-to-date: /home/robot/Desktop/Session06/Johnny-Answers-Session06/install/my_interfaces/include/my_interfaces/my_interfaces/srv/detail
[15.545s] -- Installing: /home/robot/Desktop/Session06/Johnny-Answers-Session06/install/my_interfaces/include/my_interfaces/my_interfaces/srv/detail/check_stock__functions.h
[15.545s] -- Installing: /home/robot/Desktop/Session06/Johnny-Answers-Session06/install/my_interfaces/include/my_interfaces/my_interfaces/srv/detail/check_stock__functions.c
[15.545s] -- Installing: /home/robot/Desktop/Session06/Johnny-Answers-Session06/install/my_interfaces/include/my_interfaces/my_interfaces/srv/detail/add_or_update_stock__functions.c
[15.546s] -- Installing: /home/robot/Desktop/Session06/Johnny-Answers-Session06/install/my_interfaces/include/my_interfaces/my_interfaces/srv/detail/add_or_update_stock__struct.h
[15.546s] -- Installing: /home/robot/Desktop/Session06/Johnny-Answers-Session06/install/my_interfaces/include/my_interfaces/my_interfaces/srv/detail/add_or_update_stock__type_support.h
[15.546s] -- Installing: /home/robot/Desktop/Session06/Johnny-Answers-Session06/install/my_interfaces/include/my_interfaces/my_interfaces/srv/detail/check_stock__type_support.h
[15.546s] -- Installing: /home/robot/Desktop/Session06/Johnny-Answers-Session06/install/my_interfaces/include/my_interfaces/my_interfaces/srv/detail/check_stock__struct.h
[15.547s] -- Installing: /home/robot/Desktop/Session06/Johnny-Answers-Session06/install/my_interfaces/include/my_interfaces/my_interfaces/srv/detail/add_or_update_stock__functions.h
[15.547s] -- Installing: /home/robot/Desktop/Session06/Johnny-Answers-Session06/install/my_interfaces/include/my_interfaces/my_interfaces/srv/check_stock.h
[15.547s] -- Up-to-date: /home/robot/Desktop/Session06/Johnny-Answers-Session06/install/my_interfaces/share/my_interfaces/environment/library_path.sh
[15.547s] -- Installing: /home/robot/Desktop/Session06/Johnny-Answers-Session06/install/my_interfaces/share/my_interfaces/environment/library_path.dsv
[15.567s] -- Installing: /home/robot/Desktop/Session06/Johnny-Answers-Session06/install/my_interfaces/lib/libmy_interfaces__rosidl_generator_c.so
[15.570s] -- Set runtime path of "/home/robot/Desktop/Session06/Johnny-Answers-Session06/install/my_interfaces/lib/libmy_interfaces__rosidl_generator_c.so" to ""
[15.570s] -- Up-to-date: /home/robot/Desktop/Session06/Johnny-Answers-Session06/install/my_interfaces/include/my_interfaces/my_interfaces
[15.570s] -- Up-to-date: /home/robot/Desktop/Session06/Johnny-Answers-Session06/install/my_interfaces/include/my_interfaces/my_interfaces/msg
[15.570s] -- Up-to-date: /home/robot/Desktop/Session06/Johnny-Answers-Session06/install/my_interfaces/include/my_interfaces/my_interfaces/msg/rosidl_typesupport_fastrtps_c__visibility_control.h
[15.571s] -- Up-to-date: /home/robot/Desktop/Session06/Johnny-Answers-Session06/install/my_interfaces/include/my_interfaces/my_interfaces/action
[15.571s] -- Up-to-date: /home/robot/Desktop/Session06/Johnny-Answers-Session06/install/my_interfaces/include/my_interfaces/my_interfaces/action/detail
[15.571s] -- Installing: /home/robot/Desktop/Session06/Johnny-Answers-Session06/install/my_interfaces/include/my_interfaces/my_interfaces/action/detail/deliver_item__rosidl_typesupport_fastrtps_c.h
[15.571s] -- Up-to-date: /home/robot/Desktop/Session06/Johnny-Answers-Session06/install/my_interfaces/include/my_interfaces/my_interfaces/srv
[15.571s] -- Up-to-date: /home/robot/Desktop/Session06/Johnny-Answers-Session06/install/my_interfaces/include/my_interfaces/my_interfaces/srv/detail
[15.572s] -- Installing: /home/robot/Desktop/Session06/Johnny-Answers-Session06/install/my_interfaces/include/my_interfaces/my_interfaces/srv/detail/add_or_update_stock__rosidl_typesupport_fastrtps_c.h
[15.572s] -- Installing: /home/robot/Desktop/Session06/Johnny-Answers-Session06/install/my_interfaces/include/my_interfaces/my_interfaces/srv/detail/check_stock__rosidl_typesupport_fastrtps_c.h
[15.579s] -- Installing: /home/robot/Desktop/Session06/Johnny-Answers-Session06/install/my_interfaces/lib/libmy_interfaces__rosidl_typesupport_fastrtps_c.so
[15.579s] -- Set runtime path of "/home/robot/Desktop/Session06/Johnny-Answers-Session06/install/my_interfaces/lib/libmy_interfaces__rosidl_typesupport_fastrtps_c.so" to ""
[15.579s] -- Up-to-date: /home/robot/Desktop/Session06/Johnny-Answers-Session06/install/my_interfaces/include/my_interfaces/my_interfaces
[15.579s] -- Up-to-date: /home/robot/Desktop/Session06/Johnny-Answers-Session06/install/my_interfaces/include/my_interfaces/my_interfaces/msg
[15.580s] -- Up-to-date: /home/robot/Desktop/Session06/Johnny-Answers-Session06/install/my_interfaces/include/my_interfaces/my_interfaces/msg/rosidl_typesupport_introspection_c__visibility_control.h
[15.580s] -- Up-to-date: /home/robot/Desktop/Session06/Johnny-Answers-Session06/install/my_interfaces/include/my_interfaces/my_interfaces/action
[15.580s] -- Up-to-date: /home/robot/Desktop/Session06/Johnny-Answers-Session06/install/my_interfaces/include/my_interfaces/my_interfaces/action/detail
[15.580s] -- Installing: /home/robot/Desktop/Session06/Johnny-Answers-Session06/install/my_interfaces/include/my_interfaces/my_interfaces/action/detail/deliver_item__type_support.c
[15.582s] -- Installing: /home/robot/Desktop/Session06/Johnny-Answers-Session06/install/my_interfaces/include/my_interfaces/my_interfaces/action/detail/deliver_item__rosidl_typesupport_introspection_c.h
[15.582s] -- Up-to-date: /home/robot/Desktop/Session06/Johnny-Answers-Session06/install/my_interfaces/include/my_interfaces/my_interfaces/srv
[15.582s] -- Up-to-date: /home/robot/Desktop/Session06/Johnny-Answers-Session06/install/my_interfaces/include/my_interfaces/my_interfaces/srv/detail
[15.583s] -- Installing: /home/robot/Desktop/Session06/Johnny-Answers-Session06/install/my_interfaces/include/my_interfaces/my_interfaces/srv/detail/check_stock__rosidl_typesupport_introspection_c.h
[15.583s] -- Installing: /home/robot/Desktop/Session06/Johnny-Answers-Session06/install/my_interfaces/include/my_interfaces/my_interfaces/srv/detail/add_or_update_stock__type_support.c
[15.583s] -- Installing: /home/robot/Desktop/Session06/Johnny-Answers-Session06/install/my_interfaces/include/my_interfaces/my_interfaces/srv/detail/add_or_update_stock__rosidl_typesupport_introspection_c.h
[15.583s] -- Installing: /home/robot/Desktop/Session06/Johnny-Answers-Session06/install/my_interfaces/include/my_interfaces/my_interfaces/srv/detail/check_stock__type_support.c
[15.591s] -- Installing: /home/robot/Desktop/Session06/Johnny-Answers-Session06/install/my_interfaces/lib/libmy_interfaces__rosidl_typesupport_introspection_c.so
[15.593s] -- Set runtime path of "/home/robot/Desktop/Session06/Johnny-Answers-Session06/install/my_interfaces/lib/libmy_interfaces__rosidl_typesupport_introspection_c.so" to ""
[15.600s] -- Installing: /home/robot/Desktop/Session06/Johnny-Answers-Session06/install/my_interfaces/lib/libmy_interfaces__rosidl_typesupport_c.so
[15.601s] -- Set runtime path of "/home/robot/Desktop/Session06/Johnny-Answers-Session06/install/my_interfaces/lib/libmy_interfaces__rosidl_typesupport_c.so" to ""
[15.601s] -- Up-to-date: /home/robot/Desktop/Session06/Johnny-Answers-Session06/install/my_interfaces/include/my_interfaces/my_interfaces
[15.602s] -- Up-to-date: /home/robot/Desktop/Session06/Johnny-Answers-Session06/install/my_interfaces/include/my_interfaces/my_interfaces/action
[15.602s] -- Installing: /home/robot/Desktop/Session06/Johnny-Answers-Session06/install/my_interfaces/include/my_interfaces/my_interfaces/action/deliver_item.hpp
[15.602s] -- Up-to-date: /home/robot/Desktop/Session06/Johnny-Answers-Session06/install/my_interfaces/include/my_interfaces/my_interfaces/action/detail
[15.602s] -- Installing: /home/robot/Desktop/Session06/Johnny-Answers-Session06/install/my_interfaces/include/my_interfaces/my_interfaces/action/detail/deliver_item__builder.hpp
[15.602s] -- Installing: /home/robot/Desktop/Session06/Johnny-Answers-Session06/install/my_interfaces/include/my_interfaces/my_interfaces/action/detail/deliver_item__struct.hpp
[15.603s] -- Installing: /home/robot/Desktop/Session06/Johnny-Answers-Session06/install/my_interfaces/include/my_interfaces/my_interfaces/action/detail/deliver_item__traits.hpp
[15.603s] -- Up-to-date: /home/robot/Desktop/Session06/Johnny-Answers-Session06/install/my_interfaces/include/my_interfaces/my_interfaces/srv
[15.603s] -- Up-to-date: /home/robot/Desktop/Session06/Johnny-Answers-Session06/install/my_interfaces/include/my_interfaces/my_interfaces/srv/detail
[15.603s] -- Installing: /home/robot/Desktop/Session06/Johnny-Answers-Session06/install/my_interfaces/include/my_interfaces/my_interfaces/srv/detail/check_stock__traits.hpp
[15.603s] -- Installing: /home/robot/Desktop/Session06/Johnny-Answers-Session06/install/my_interfaces/include/my_interfaces/my_interfaces/srv/detail/add_or_update_stock__struct.hpp
[15.604s] -- Installing: /home/robot/Desktop/Session06/Johnny-Answers-Session06/install/my_interfaces/include/my_interfaces/my_interfaces/srv/detail/add_or_update_stock__traits.hpp
[15.604s] -- Installing: /home/robot/Desktop/Session06/Johnny-Answers-Session06/install/my_interfaces/include/my_interfaces/my_interfaces/srv/detail/check_stock__builder.hpp
[15.604s] -- Installing: /home/robot/Desktop/Session06/Johnny-Answers-Session06/install/my_interfaces/include/my_interfaces/my_interfaces/srv/detail/check_stock__struct.hpp
[15.605s] -- Installing: /home/robot/Desktop/Session06/Johnny-Answers-Session06/install/my_interfaces/include/my_interfaces/my_interfaces/srv/detail/add_or_update_stock__builder.hpp
[15.605s] -- Installing: /home/robot/Desktop/Session06/Johnny-Answers-Session06/install/my_interfaces/include/my_interfaces/my_interfaces/srv/add_or_update_stock.hpp
[15.605s] -- Installing: /home/robot/Desktop/Session06/Johnny-Answers-Session06/install/my_interfaces/include/my_interfaces/my_interfaces/srv/check_stock.hpp
[15.606s] -- Up-to-date: /home/robot/Desktop/Session06/Johnny-Answers-Session06/install/my_interfaces/include/my_interfaces/my_interfaces
[15.606s] -- Up-to-date: /home/robot/Desktop/Session06/Johnny-Answers-Session06/install/my_interfaces/include/my_interfaces/my_interfaces/msg
[15.606s] -- Up-to-date: /home/robot/Desktop/Session06/Johnny-Answers-Session06/install/my_interfaces/include/my_interfaces/my_interfaces/msg/rosidl_typesupport_fastrtps_cpp__visibility_control.h
[15.606s] -- Up-to-date: /home/robot/Desktop/Session06/Johnny-Answers-Session06/install/my_interfaces/include/my_interfaces/my_interfaces/action
[15.607s] -- Up-to-date: /home/robot/Desktop/Session06/Johnny-Answers-Session06/install/my_interfaces/include/my_interfaces/my_interfaces/action/detail
[15.607s] -- Installing: /home/robot/Desktop/Session06/Johnny-Answers-Session06/install/my_interfaces/include/my_interfaces/my_interfaces/action/detail/deliver_item__rosidl_typesupport_fastrtps_cpp.hpp
[15.607s] -- Up-to-date: /home/robot/Desktop/Session06/Johnny-Answers-Session06/install/my_interfaces/include/my_interfaces/my_interfaces/action/detail/dds_fastrtps
[15.607s] -- Up-to-date: /home/robot/Desktop/Session06/Johnny-Answers-Session06/install/my_interfaces/include/my_interfaces/my_interfaces/srv
[15.607s] -- Up-to-date: /home/robot/Desktop/Session06/Johnny-Answers-Session06/install/my_interfaces/include/my_interfaces/my_interfaces/srv/detail
[15.608s] -- Installing: /home/robot/Desktop/Session06/Johnny-Answers-Session06/install/my_interfaces/include/my_interfaces/my_interfaces/srv/detail/add_or_update_stock__rosidl_typesupport_fastrtps_cpp.hpp
[15.608s] -- Installing: /home/robot/Desktop/Session06/Johnny-Answers-Session06/install/my_interfaces/include/my_interfaces/my_interfaces/srv/detail/check_stock__rosidl_typesupport_fastrtps_cpp.hpp
[15.608s] -- Up-to-date: /home/robot/Desktop/Session06/Johnny-Answers-Session06/install/my_interfaces/include/my_interfaces/my_interfaces/srv/detail/dds_fastrtps
[15.612s] -- Installing: /home/robot/Desktop/Session06/Johnny-Answers-Session06/install/my_interfaces/lib/libmy_interfaces__rosidl_typesupport_fastrtps_cpp.so
[15.614s] -- Set runtime path of "/home/robot/Desktop/Session06/Johnny-Answers-Session06/install/my_interfaces/lib/libmy_interfaces__rosidl_typesupport_fastrtps_cpp.so" to ""
[15.615s] -- Up-to-date: /home/robot/Desktop/Session06/Johnny-Answers-Session06/install/my_interfaces/include/my_interfaces/my_interfaces
[15.615s] -- Up-to-date: /home/robot/Desktop/Session06/Johnny-Answers-Session06/install/my_interfaces/include/my_interfaces/my_interfaces/action
[15.615s] -- Up-to-date: /home/robot/Desktop/Session06/Johnny-Answers-Session06/install/my_interfaces/include/my_interfaces/my_interfaces/action/detail
[15.615s] -- Installing: /home/robot/Desktop/Session06/Johnny-Answers-Session06/install/my_interfaces/include/my_interfaces/my_interfaces/action/detail/deliver_item__type_support.cpp
[15.616s] -- Installing: /home/robot/Desktop/Session06/Johnny-Answers-Session06/install/my_interfaces/include/my_interfaces/my_interfaces/action/detail/deliver_item__rosidl_typesupport_introspection_cpp.hpp
[15.616s] -- Up-to-date: /home/robot/Desktop/Session06/Johnny-Answers-Session06/install/my_interfaces/include/my_interfaces/my_interfaces/srv
[15.616s] -- Up-to-date: /home/robot/Desktop/Session06/Johnny-Answers-Session06/install/my_interfaces/include/my_interfaces/my_interfaces/srv/detail
[15.616s] -- Installing: /home/robot/Desktop/Session06/Johnny-Answers-Session06/install/my_interfaces/include/my_interfaces/my_interfaces/srv/detail/check_stock__rosidl_typesupport_introspection_cpp.hpp
[15.616s] -- Installing: /home/robot/Desktop/Session06/Johnny-Answers-Session06/install/my_interfaces/include/my_interfaces/my_interfaces/srv/detail/check_stock__type_support.cpp
[15.617s] -- Installing: /home/robot/Desktop/Session06/Johnny-Answers-Session06/install/my_interfaces/include/my_interfaces/my_interfaces/srv/detail/add_or_update_stock__type_support.cpp
[15.617s] -- Installing: /home/robot/Desktop/Session06/Johnny-Answers-Session06/install/my_interfaces/include/my_interfaces/my_interfaces/srv/detail/add_or_update_stock__rosidl_typesupport_introspection_cpp.hpp
[15.626s] -- Installing: /home/robot/Desktop/Session06/Johnny-Answers-Session06/install/my_interfaces/lib/libmy_interfaces__rosidl_typesupport_introspection_cpp.so
[15.626s] -- Set runtime path of "/home/robot/Desktop/Session06/Johnny-Answers-Session06/install/my_interfaces/lib/libmy_interfaces__rosidl_typesupport_introspection_cpp.so" to ""
[15.632s] -- Installing: /home/robot/Desktop/Session06/Johnny-Answers-Session06/install/my_interfaces/lib/libmy_interfaces__rosidl_typesupport_cpp.so
[15.635s] -- Set runtime path of "/home/robot/Desktop/Session06/Johnny-Answers-Session06/install/my_interfaces/lib/libmy_interfaces__rosidl_typesupport_cpp.so" to ""
[15.635s] -- Up-to-date: /home/robot/Desktop/Session06/Johnny-Answers-Session06/install/my_interfaces/share/my_interfaces/environment/pythonpath.sh
[15.635s] -- Installing: /home/robot/Desktop/Session06/Johnny-Answers-Session06/install/my_interfaces/share/my_interfaces/environment/pythonpath.dsv
[15.635s] -- Up-to-date: /home/robot/Desktop/Session06/Johnny-Answers-Session06/install/my_interfaces/local/lib/python3.10/dist-packages/my_interfaces-0.0.0-py3.10.egg-info
[15.635s] -- Installing: /home/robot/Desktop/Session06/Johnny-Answers-Session06/install/my_interfaces/local/lib/python3.10/dist-packages/my_interfaces-0.0.0-py3.10.egg-info/SOURCES.txt
[15.636s] -- Installing: /home/robot/Desktop/Session06/Johnny-Answers-Session06/install/my_interfaces/local/lib/python3.10/dist-packages/my_interfaces-0.0.0-py3.10.egg-info/PKG-INFO
[15.636s] -- Installing: /home/robot/Desktop/Session06/Johnny-Answers-Session06/install/my_interfaces/local/lib/python3.10/dist-packages/my_interfaces-0.0.0-py3.10.egg-info/dependency_links.txt
[15.636s] -- Installing: /home/robot/Desktop/Session06/Johnny-Answers-Session06/install/my_interfaces/local/lib/python3.10/dist-packages/my_interfaces-0.0.0-py3.10.egg-info/top_level.txt
[15.636s] -- Up-to-date: /home/robot/Desktop/Session06/Johnny-Answers-Session06/install/my_interfaces/local/lib/python3.10/dist-packages/my_interfaces
[15.636s] -- Installing: /home/robot/Desktop/Session06/Johnny-Answers-Session06/install/my_interfaces/local/lib/python3.10/dist-packages/my_interfaces/_my_interfaces_s.ep.rosidl_typesupport_introspection_c.c
[15.637s] -- Installing: /home/robot/Desktop/Session06/Johnny-Answers-Session06/install/my_interfaces/local/lib/python3.10/dist-packages/my_interfaces/_my_interfaces_s.ep.rosidl_typesupport_fastrtps_c.c
[15.638s] -- Installing: /home/robot/Desktop/Session06/Johnny-Answers-Session06/install/my_interfaces/local/lib/python3.10/dist-packages/my_interfaces/my_interfaces_s__rosidl_typesupport_c.cpython-310-x86_64-linux-gnu.so
[15.638s] -- Installing: /home/robot/Desktop/Session06/Johnny-Answers-Session06/install/my_interfaces/local/lib/python3.10/dist-packages/my_interfaces/my_interfaces_s__rosidl_typesupport_fastrtps_c.cpython-310-x86_64-linux-gnu.so
[15.639s] -- Installing: /home/robot/Desktop/Session06/Johnny-Answers-Session06/install/my_interfaces/local/lib/python3.10/dist-packages/my_interfaces/_my_interfaces_s.ep.rosidl_typesupport_c.c
[15.645s] -- Up-to-date: /home/robot/Desktop/Session06/Johnny-Answers-Session06/install/my_interfaces/local/lib/python3.10/dist-packages/my_interfaces/action
[15.645s] -- Installing: /home/robot/Desktop/Session06/Johnny-Answers-Session06/install/my_interfaces/local/lib/python3.10/dist-packages/my_interfaces/action/_deliver_item.py
[15.646s] -- Installing: /home/robot/Desktop/Session06/Johnny-Answers-Session06/install/my_interfaces/local/lib/python3.10/dist-packages/my_interfaces/action/_deliver_item_s.c
[15.646s] -- Installing: /home/robot/Desktop/Session06/Johnny-Answers-Session06/install/my_interfaces/local/lib/python3.10/dist-packages/my_interfaces/action/__init__.py
[15.646s] -- Installing: /home/robot/Desktop/Session06/Johnny-Answers-Session06/install/my_interfaces/local/lib/python3.10/dist-packages/my_interfaces/libmy_interfaces__rosidl_generator_py.so
[15.646s] -- Installing: /home/robot/Desktop/Session06/Johnny-Answers-Session06/install/my_interfaces/local/lib/python3.10/dist-packages/my_interfaces/my_interfaces_s__rosidl_typesupport_introspection_c.cpython-310-x86_64-linux-gnu.so
[15.646s] -- Installing: /home/robot/Desktop/Session06/Johnny-Answers-Session06/install/my_interfaces/local/lib/python3.10/dist-packages/my_interfaces/__init__.py
[15.646s] -- Up-to-date: /home/robot/Desktop/Session06/Johnny-Answers-Session06/install/my_interfaces/local/lib/python3.10/dist-packages/my_interfaces/srv
[15.646s] -- Installing: /home/robot/Desktop/Session06/Johnny-Answers-Session06/install/my_interfaces/local/lib/python3.10/dist-packages/my_interfaces/srv/_check_stock.py
[15.647s] -- Installing: /home/robot/Desktop/Session06/Johnny-Answers-Session06/install/my_interfaces/local/lib/python3.10/dist-packages/my_interfaces/srv/_add_or_update_stock_s.c
[15.647s] -- Installing: /home/robot/Desktop/Session06/Johnny-Answers-Session06/install/my_interfaces/local/lib/python3.10/dist-packages/my_interfaces/srv/_check_stock_s.c
[15.647s] -- Installing: /home/robot/Desktop/Session06/Johnny-Answers-Session06/install/my_interfaces/local/lib/python3.10/dist-packages/my_interfaces/srv/__init__.py
[15.647s] -- Installing: /home/robot/Desktop/Session06/Johnny-Answers-Session06/install/my_interfaces/local/lib/python3.10/dist-packages/my_interfaces/srv/_add_or_update_stock.py
[15.737s] Listing '/home/robot/Desktop/Session06/Johnny-Answers-Session06/install/my_interfaces/local/lib/python3.10/dist-packages/my_interfaces'...
[15.737s] Compiling '/home/robot/Desktop/Session06/Johnny-Answers-Session06/install/my_interfaces/local/lib/python3.10/dist-packages/my_interfaces/__init__.py'...
[15.738s] Listing '/home/robot/Desktop/Session06/Johnny-Answers-Session06/install/my_interfaces/local/lib/python3.10/dist-packages/my_interfaces/action'...
[15.738s] Compiling '/home/robot/Desktop/Session06/Johnny-Answers-Session06/install/my_interfaces/local/lib/python3.10/dist-packages/my_interfaces/action/__init__.py'...
[15.738s] Compiling '/home/robot/Desktop/Session06/Johnny-Answers-Session06/install/my_interfaces/local/lib/python3.10/dist-packages/my_interfaces/action/_deliver_item.py'...
[15.738s] Listing '/home/robot/Desktop/Session06/Johnny-Answers-Session06/install/my_interfaces/local/lib/python3.10/dist-packages/my_interfaces/srv'...
[15.738s] Compiling '/home/robot/Desktop/Session06/Johnny-Answers-Session06/install/my_interfaces/local/lib/python3.10/dist-packages/my_interfaces/srv/__init__.py'...
[15.738s] Compiling '/home/robot/Desktop/Session06/Johnny-Answers-Session06/install/my_interfaces/local/lib/python3.10/dist-packages/my_interfaces/srv/_add_or_update_stock.py'...
[15.738s] Compiling '/home/robot/Desktop/Session06/Johnny-Answers-Session06/install/my_interfaces/local/lib/python3.10/dist-packages/my_interfaces/srv/_check_stock.py'...
[15.746s] -- Installing: /home/robot/Desktop/Session06/Johnny-Answers-Session06/install/my_interfaces/local/lib/python3.10/dist-packages/my_interfaces/my_interfaces_s__rosidl_typesupport_fastrtps_c.cpython-310-x86_64-linux-gnu.so
[15.747s] -- Set runtime path of "/home/robot/Desktop/Session06/Johnny-Answers-Session06/install/my_interfaces/local/lib/python3.10/dist-packages/my_interfaces/my_interfaces_s__rosidl_typesupport_fastrtps_c.cpython-310-x86_64-linux-gnu.so" to ""
[15.749s] -- Installing: /home/robot/Desktop/Session06/Johnny-Answers-Session06/install/my_interfaces/local/lib/python3.10/dist-packages/my_interfaces/my_interfaces_s__rosidl_typesupport_introspection_c.cpython-310-x86_64-linux-gnu.so
[15.750s] -- Set runtime path of "/home/robot/Desktop/Session06/Johnny-Answers-Session06/install/my_interfaces/local/lib/python3.10/dist-packages/my_interfaces/my_interfaces_s__rosidl_typesupport_introspection_c.cpython-310-x86_64-linux-gnu.so" to ""
[15.750s] -- Installing: /home/robot/Desktop/Session06/Johnny-Answers-Session06/install/my_interfaces/local/lib/python3.10/dist-packages/my_interfaces/my_interfaces_s__rosidl_typesupport_c.cpython-310-x86_64-linux-gnu.so
[15.752s] -- Set runtime path of "/home/robot/Desktop/Session06/Johnny-Answers-Session06/install/my_interfaces/local/lib/python3.10/dist-packages/my_interfaces/my_interfaces_s__rosidl_typesupport_c.cpython-310-x86_64-linux-gnu.so" to ""
[15.761s] -- Installing: /home/robot/Desktop/Session06/Johnny-Answers-Session06/install/my_interfaces/lib/libmy_interfaces__rosidl_generator_py.so
[15.764s] -- Set runtime path of "/home/robot/Desktop/Session06/Johnny-Answers-Session06/install/my_interfaces/lib/libmy_interfaces__rosidl_generator_py.so" to ""
[15.764s] -- Up-to-date: /home/robot/Desktop/Session06/Johnny-Answers-Session06/install/my_interfaces/share/my_interfaces/action/DeliverItem.idl
[15.764s] -- Up-to-date: /home/robot/Desktop/Session06/Johnny-Answers-Session06/install/my_interfaces/share/my_interfaces/srv/CheckStock.idl
[15.765s] -- Installing: /home/robot/Desktop/Session06/Johnny-Answers-Session06/install/my_interfaces/share/my_interfaces/srv/AddOrUpdateStock.idl
[15.765s] -- Up-to-date: /home/robot/Desktop/Session06/Johnny-Answers-Session06/install/my_interfaces/share/my_interfaces/action/DeliverItem.action
[15.765s] -- Up-to-date: /home/robot/Desktop/Session06/Johnny-Answers-Session06/install/my_interfaces/share/my_interfaces/srv/CheckStock.srv
[15.765s] -- Up-to-date: /home/robot/Desktop/Session06/Johnny-Answers-Session06/install/my_interfaces/share/my_interfaces/srv/CheckStock_Request.msg
[15.765s] -- Up-to-date: /home/robot/Desktop/Session06/Johnny-Answers-Session06/install/my_interfaces/share/my_interfaces/srv/CheckStock_Response.msg
[15.765s] -- Installing: /home/robot/Desktop/Session06/Johnny-Answers-Session06/install/my_interfaces/share/my_interfaces/srv/AddOrUpdateStock.srv
[15.769s] -- Installing: /home/robot/Desktop/Session06/Johnny-Answers-Session06/install/my_interfaces/share/my_interfaces/srv/AddOrUpdateStock_Request.msg
[15.769s] -- Installing: /home/robot/Desktop/Session06/Johnny-Answers-Session06/install/my_interfaces/share/my_interfaces/srv/AddOrUpdateStock_Response.msg
[15.769s] -- Up-to-date: /home/robot/Desktop/Session06/Johnny-Answers-Session06/install/my_interfaces/share/ament_index/resource_index/package_run_dependencies/my_interfaces
[15.769s] -- Installing: /home/robot/Desktop/Session06/Johnny-Answers-Session06/install/my_interfaces/share/ament_index/resource_index/parent_prefix_path/my_interfaces
[15.769s] -- Up-to-date: /home/robot/Desktop/Session06/Johnny-Answers-Session06/install/my_interfaces/share/my_interfaces/environment/ament_prefix_path.sh
[15.770s] -- Installing: /home/robot/Desktop/Session06/Johnny-Answers-Session06/install/my_interfaces/share/my_interfaces/environment/ament_prefix_path.dsv
[15.770s] -- Up-to-date: /home/robot/Desktop/Session06/Johnny-Answers-Session06/install/my_interfaces/share/my_interfaces/environment/path.sh
[15.770s] -- Installing: /home/robot/Desktop/Session06/Johnny-Answers-Session06/install/my_interfaces/share/my_interfaces/environment/path.dsv
[15.770s] -- Up-to-date: /home/robot/Desktop/Session06/Johnny-Answers-Session06/install/my_interfaces/share/my_interfaces/local_setup.bash
[15.770s] -- Up-to-date: /home/robot/Desktop/Session06/Johnny-Answers-Session06/install/my_interfaces/share/my_interfaces/local_setup.sh
[15.770s] -- Up-to-date: /home/robot/Desktop/Session06/Johnny-Answers-Session06/install/my_interfaces/share/my_interfaces/local_setup.zsh
[15.770s] -- Installing: /home/robot/Desktop/Session06/Johnny-Answers-Session06/install/my_interfaces/share/my_interfaces/local_setup.dsv
[15.771s] -- Installing: /home/robot/Desktop/Session06/Johnny-Answers-Session06/install/my_interfaces/share/my_interfaces/package.dsv
[15.771s] -- Up-to-date: /home/robot/Desktop/Session06/Johnny-Answers-Session06/install/my_interfaces/share/ament_index/resource_index/packages/my_interfaces
[15.772s] -- Up-to-date: /home/robot/Desktop/Session06/Johnny-Answers-Session06/install/my_interfaces/share/my_interfaces/cmake/export_my_interfaces__rosidl_generator_cExport.cmake
[15.772s] -- Up-to-date: /home/robot/Desktop/Session06/Johnny-Answers-Session06/install/my_interfaces/share/my_interfaces/cmake/export_my_interfaces__rosidl_generator_cExport-noconfig.cmake
[15.774s] -- Up-to-date: /home/robot/Desktop/Session06/Johnny-Answers-Session06/install/my_interfaces/share/my_interfaces/cmake/export_my_interfaces__rosidl_typesupport_fastrtps_cExport.cmake
[15.774s] -- Up-to-date: /home/robot/Desktop/Session06/Johnny-Answers-Session06/install/my_interfaces/share/my_interfaces/cmake/export_my_interfaces__rosidl_typesupport_fastrtps_cExport-noconfig.cmake
[15.776s] -- Up-to-date: /home/robot/Desktop/Session06/Johnny-Answers-Session06/install/my_interfaces/share/my_interfaces/cmake/my_interfaces__rosidl_typesupport_introspection_cExport.cmake
[15.776s] -- Up-to-date: /home/robot/Desktop/Session06/Johnny-Answers-Session06/install/my_interfaces/share/my_interfaces/cmake/my_interfaces__rosidl_typesupport_introspection_cExport-noconfig.cmake
[15.777s] -- Up-to-date: /home/robot/Desktop/Session06/Johnny-Answers-Session06/install/my_interfaces/share/my_interfaces/cmake/my_interfaces__rosidl_typesupport_cExport.cmake
[15.777s] -- Up-to-date: /home/robot/Desktop/Session06/Johnny-Answers-Session06/install/my_interfaces/share/my_interfaces/cmake/my_interfaces__rosidl_typesupport_cExport-noconfig.cmake
[15.778s] -- Up-to-date: /home/robot/Desktop/Session06/Johnny-Answers-Session06/install/my_interfaces/share/my_interfaces/cmake/export_my_interfaces__rosidl_generator_cppExport.cmake
[15.780s] -- Up-to-date: /home/robot/Desktop/Session06/Johnny-Answers-Session06/install/my_interfaces/share/my_interfaces/cmake/export_my_interfaces__rosidl_typesupport_fastrtps_cppExport.cmake
[15.780s] -- Up-to-date: /home/robot/Desktop/Session06/Johnny-Answers-Session06/install/my_interfaces/share/my_interfaces/cmake/export_my_interfaces__rosidl_typesupport_fastrtps_cppExport-noconfig.cmake
[15.781s] -- Up-to-date: /home/robot/Desktop/Session06/Johnny-Answers-Session06/install/my_interfaces/share/my_interfaces/cmake/my_interfaces__rosidl_typesupport_introspection_cppExport.cmake
[15.782s] -- Up-to-date: /home/robot/Desktop/Session06/Johnny-Answers-Session06/install/my_interfaces/share/my_interfaces/cmake/my_interfaces__rosidl_typesupport_introspection_cppExport-noconfig.cmake
[15.784s] -- Up-to-date: /home/robot/Desktop/Session06/Johnny-Answers-Session06/install/my_interfaces/share/my_interfaces/cmake/my_interfaces__rosidl_typesupport_cppExport.cmake
[15.784s] -- Up-to-date: /home/robot/Desktop/Session06/Johnny-Answers-Session06/install/my_interfaces/share/my_interfaces/cmake/my_interfaces__rosidl_typesupport_cppExport-noconfig.cmake
[15.785s] -- Up-to-date: /home/robot/Desktop/Session06/Johnny-Answers-Session06/install/my_interfaces/share/my_interfaces/cmake/export_my_interfaces__rosidl_generator_pyExport.cmake
[15.786s] -- Up-to-date: /home/robot/Desktop/Session06/Johnny-Answers-Session06/install/my_interfaces/share/my_interfaces/cmake/export_my_interfaces__rosidl_generator_pyExport-noconfig.cmake
[15.786s] -- Installing: /home/robot/Desktop/Session06/Johnny-Answers-Session06/install/my_interfaces/share/my_interfaces/cmake/rosidl_cmake-extras.cmake
[15.786s] -- Up-to-date: /home/robot/Desktop/Session06/Johnny-Answers-Session06/install/my_interfaces/share/my_interfaces/cmake/ament_cmake_export_dependencies-extras.cmake
[15.786s] -- Up-to-date: /home/robot/Desktop/Session06/Johnny-Answers-Session06/install/my_interfaces/share/my_interfaces/cmake/ament_cmake_export_include_directories-extras.cmake
[15.786s] -- Up-to-date: /home/robot/Desktop/Session06/Johnny-Answers-Session06/install/my_interfaces/share/my_interfaces/cmake/ament_cmake_export_libraries-extras.cmake
[15.787s] -- Up-to-date: /home/robot/Desktop/Session06/Johnny-Answers-Session06/install/my_interfaces/share/my_interfaces/cmake/ament_cmake_export_targets-extras.cmake
[15.787s] -- Up-to-date: /home/robot/Desktop/Session06/Johnny-Answers-Session06/install/my_interfaces/share/my_interfaces/cmake/rosidl_cmake_export_typesupport_targets-extras.cmake
[15.787s] -- Up-to-date: /home/robot/Desktop/Session06/Johnny-Answers-Session06/install/my_interfaces/share/my_interfaces/cmake/rosidl_cmake_export_typesupport_libraries-extras.cmake
[15.787s] -- Up-to-date: /home/robot/Desktop/Session06/Johnny-Answers-Session06/install/my_interfaces/share/my_interfaces/cmake/my_interfacesConfig.cmake
[15.787s] -- Up-to-date: /home/robot/Desktop/Session06/Johnny-Answers-Session06/install/my_interfaces/share/my_interfaces/cmake/my_interfacesConfig-version.cmake
[15.787s] -- Up-to-date: /home/robot/Desktop/Session06/Johnny-Answers-Session06/install/my_interfaces/share/my_interfaces/package.xml
[15.795s] Invoked command in '/home/robot/Desktop/Session06/Johnny-Answers-Session06/build/my_interfaces' returned '0': CMAKE_PREFIX_PATH=/opt/ros/humble /usr/bin/cmake --install /home/robot/Desktop/Session06/Johnny-Answers-Session06/build/my_interfaces
